[0.010s] Invoking command in '/home/hyunjong/ros2_ws/build/turtlesim': /usr/bin/cmake /home/hyunjong/ros2_ws/src/ros_tutorials/turtlesim -DCMAKE_INSTALL_PREFIX=/home/hyunjong/ros2_ws/install/turtlesim
[0.024s] CMake Error at CMakeLists.txt:12 (find_package):
[0.024s]   By not providing "Findament_cmake.cmake" in CMAKE_MODULE_PATH this project
[0.024s]   has asked CMake to find a package configuration file provided by
[0.024s]   "ament_cmake", but CMake did not find one.
[0.025s] 
[0.025s]   Could not find a package configuration file provided by "ament_cmake" with
[0.025s]   any of the following names:
[0.025s] 
[0.025s]     ament_cmakeConfig.cmake
[0.025s]     ament_cmake-config.cmake
[0.025s] 
[0.025s]   Add the installation prefix of "ament_cmake" to CMAKE_PREFIX_PATH or set
[0.025s]   "ament_cmake_DIR" to a directory containing one of the above files.  If
[0.025s]   "ament_cmake" provides a separate development package or SDK, be sure it
[0.026s]   has been installed.
[0.026s] 
[0.026s] 
[0.027s] -- Configuring incomplete, errors occurred!
[0.027s] See also "/home/hyunjong/ros2_ws/build/turtlesim/CMakeFiles/CMakeOutput.log".
[0.027s] Invoked command in '/home/hyunjong/ros2_ws/build/turtlesim' returned '1': /usr/bin/cmake /home/hyunjong/ros2_ws/src/ros_tutorials/turtlesim -DCMAKE_INSTALL_PREFIX=/home/hyunjong/ros2_ws/install/turtlesim
