[0.057s] Invoking command in '/home/hyunjong/ros2_ws/build/more_interfaces': CMAKE_PREFIX_PATH=${CMAKE_PREFIX_PATH}:/home/hyunjong/ros2_foxy/install/ros2bag:/home/hyunjong/ros2_foxy/install/tracetools_launch:/home/hyunjong/ros2_foxy/install/topic_monitor:/home/hyunjong/ros2_foxy/install/examples_tf2_py:/home/hyunjong/ros2_foxy/install/sros2:/home/hyunjong/ros2_foxy/install/rqt_topic:/home/hyunjong/ros2_foxy/install/rqt_reconfigure:/home/hyunjong/ros2_foxy/install/rqt_action:/home/hyunjong/ros2_foxy/install/rqt:/home/hyunjong/ros2_foxy/install/rqt_graph:/home/hyunjong/ros2_foxy/install/rqt_gui_py:/home/hyunjong/ros2_foxy/install/rqt_gui:/home/hyunjong/ros2_foxy/install/ros2trace:/home/hyunjong/ros2_foxy/install/ros2topic:/home/hyunjong/ros2_foxy/install/ros2test:/home/hyunjong/ros2_foxy/install/ros2component:/home/hyunjong/ros2_foxy/install/ros2param:/home/hyunjong/ros2_foxy/install/ros2lifecycle:/home/hyunjong/ros2_foxy/install/ros2service:/home/hyunjong/ros2_foxy/install/ros2run:/home/hyunjong/ros2_foxy/install/ros2launch:/home/hyunjong/ros2_foxy/install/ros2pkg:/home/hyunjong/ros2_foxy/install/ros2node:/home/hyunjong/ros2_foxy/install/ros2multicast:/home/hyunjong/ros2_foxy/install/ros2interface:/home/hyunjong/ros2_foxy/install/ros2doctor:/home/hyunjong/ros2_foxy/install/ros2action:/home/hyunjong/ros2_foxy/install/ros2cli:/home/hyunjong/ros2_foxy/install/quality_of_service_demo_py:/home/hyunjong/ros2_foxy/install/launch_testing_ros:/home/hyunjong/ros2_foxy/install/launch_ros:/home/hyunjong/ros2_foxy/install/examples_rclpy_minimal_subscriber:/home/hyunjong/ros2_foxy/install/examples_rclpy_minimal_service:/home/hyunjong/ros2_foxy/install/examples_rclpy_minimal_publisher:/home/hyunjong/ros2_foxy/install/examples_rclpy_minimal_client:/home/hyunjong/ros2_foxy/install/examples_rclpy_minimal_action_server:/home/hyunjong/ros2_foxy/install/examples_rclpy_minimal_action_client:/home/hyunjong/ros2_foxy/install/examples_rclpy_executors:/home/hyunjong/ros2_foxy/install/demo_nodes_py:/home/hyunjong/ros2_foxy/install/action_tutorials_py:/home/hyunjong/ros2_foxy/install/ament_uncrustify:/home/hyunjong/ros2_foxy/install/tracetools_trace:/home/hyunjong/ros2_foxy/install/tracetools_read:/home/hyunjong/ros2_foxy/install/test_launch_ros:/home/hyunjong/ros2_foxy/install/rpyutils:/home/hyunjong/ros2_foxy/install/rosidl_runtime_py:/home/hyunjong/ros2_foxy/install/launch_yaml:/home/hyunjong/ros2_foxy/install/launch_xml:/home/hyunjong/ros2_foxy/install/launch_testing:/home/hyunjong/ros2_foxy/install/launch:/home/hyunjong/ros2_foxy/install/osrf_pycommon:/home/hyunjong/ros2_foxy/install/domain_coordinator:/home/hyunjong/ros2_foxy/install/ament_xmllint:/home/hyunjong/ros2_foxy/install/ament_pyflakes:/home/hyunjong/ros2_foxy/install/ament_pycodestyle:/home/hyunjong/ros2_foxy/install/ament_pep257:/home/hyunjong/ros2_foxy/install/ament_pclint:/home/hyunjong/ros2_foxy/install/ament_package:/home/hyunjong/ros2_foxy/install/ament_mypy:/home/hyunjong/ros2_foxy/install/ament_lint_cmake:/home/hyunjong/ros2_foxy/install/ament_flake8:/home/hyunjong/ros2_foxy/install/ament_copyright:/home/hyunjong/ros2_foxy/install/ament_lint:/home/hyunjong/ros2_foxy/install/ament_index_python:/home/hyunjong/ros2_foxy/install/ament_cpplint:/home/hyunjong/ros2_foxy/install/ament_cppcheck:/home/hyunjong/ros2_foxy/install/ament_clang_tidy:/home/hyunjong/ros2_foxy/install/ament_clang_format /usr/bin/cmake /home/hyunjong/ros2_ws/src/more_interfaces -DCMAKE_INSTALL_PREFIX=/home/hyunjong/ros2_ws/install/more_interfaces
[0.085s] -- Found rclcpp: 2.0.2 (/home/hyunjong/ros2_foxy/install/rclcpp/share/rclcpp/cmake)
[0.446s] -- Found PythonInterp: /usr/bin/python3 (found suitable version "3.8.2", minimum required is "3") 
[0.446s] -- Using PYTHON_EXECUTABLE: /usr/bin/python3
[0.996s] -- Using all available rosidl_typesupport_c: rosidl_typesupport_introspection_c;rosidl_typesupport_fastrtps_c
[0.999s] -- Found rosidl_adapter: 1.0.1 (/home/hyunjong/ros2_foxy/install/rosidl_adapter/share/rosidl_adapter/cmake)
[1.191s] -- Using all available rosidl_typesupport_cpp: rosidl_typesupport_introspection_cpp;rosidl_typesupport_fastrtps_cpp
[1.237s] -- Found rmw_implementation_cmake: 1.0.1 (/home/hyunjong/ros2_foxy/install/rmw_implementation_cmake/share/rmw_implementation_cmake/cmake)
[1.261s] -- Using RMW implementation 'rmw_fastrtps_cpp' as default
[1.386s] -- Found rosidl_default_generators: 1.0.0 (/home/hyunjong/ros2_foxy/install/rosidl_default_generators/share/rosidl_default_generators/cmake)
[1.719s] -- Found PythonInterp: /usr/bin/python3 (found version "3.8.2") 
[2.400s] -- Found ament_cmake_ros: 0.9.0 (/home/hyunjong/ros2_foxy/install/ament_cmake_ros/share/ament_cmake_ros/cmake)
[2.670s] -- Using all available rosidl_typesupport_c: rosidl_typesupport_introspection_c;rosidl_typesupport_fastrtps_c
[2.772s] -- Using all available rosidl_typesupport_cpp: rosidl_typesupport_introspection_cpp;rosidl_typesupport_fastrtps_cpp
[3.091s] -- Found PythonInterp: /usr/bin/python3 (found suitable version "3.8.2", minimum required is "3.5") 
[3.092s] -- Found python_cmake_module: 0.8.0 (/home/hyunjong/ros2_foxy/install/python_cmake_module/share/python_cmake_module/cmake)
[3.358s] -- Using PYTHON_EXECUTABLE: /usr/bin/python3
[3.358s] -- Using PYTHON_INCLUDE_DIRS: /usr/include/python3.8
[3.358s] -- Using PYTHON_LIBRARIES: /usr/lib/x86_64-linux-gnu/libpython3.8.so
[3.673s] -- Found ament_lint_auto: 0.9.5 (/home/hyunjong/ros2_foxy/install/ament_lint_auto/share/ament_lint_auto/cmake)
[3.781s] -- Added test 'copyright' to check source files copyright and LICENSE
[3.785s] -- Added test 'cppcheck' to perform static code analysis on C / C++ code
[3.786s] -- Configured cppcheck include dirs: 
[3.786s] -- Configured cppcheck exclude dirs and/or files: 
[3.790s] -- Added test 'cpplint' to check C / C++ code against the Google style
[3.790s] -- Configured cpplint exclude dirs and/or files: 
[3.794s] -- Added test 'lint_cmake' to check CMake code style
[3.798s] -- Added test 'uncrustify' to check C / C++ code style
[3.798s] -- Configured uncrustify additional arguments: 
[3.801s] -- Added test 'xmllint' to check XML markup files
[3.811s] -- Configuring done
[3.842s] -- Generating done
[3.844s] -- Build files have been written to: /home/hyunjong/ros2_ws/build/more_interfaces
[3.849s] Invoked command in '/home/hyunjong/ros2_ws/build/more_interfaces' returned '0': CMAKE_PREFIX_PATH=${CMAKE_PREFIX_PATH}:/home/hyunjong/ros2_foxy/install/ros2bag:/home/hyunjong/ros2_foxy/install/tracetools_launch:/home/hyunjong/ros2_foxy/install/topic_monitor:/home/hyunjong/ros2_foxy/install/examples_tf2_py:/home/hyunjong/ros2_foxy/install/sros2:/home/hyunjong/ros2_foxy/install/rqt_topic:/home/hyunjong/ros2_foxy/install/rqt_reconfigure:/home/hyunjong/ros2_foxy/install/rqt_action:/home/hyunjong/ros2_foxy/install/rqt:/home/hyunjong/ros2_foxy/install/rqt_graph:/home/hyunjong/ros2_foxy/install/rqt_gui_py:/home/hyunjong/ros2_foxy/install/rqt_gui:/home/hyunjong/ros2_foxy/install/ros2trace:/home/hyunjong/ros2_foxy/install/ros2topic:/home/hyunjong/ros2_foxy/install/ros2test:/home/hyunjong/ros2_foxy/install/ros2component:/home/hyunjong/ros2_foxy/install/ros2param:/home/hyunjong/ros2_foxy/install/ros2lifecycle:/home/hyunjong/ros2_foxy/install/ros2service:/home/hyunjong/ros2_foxy/install/ros2run:/home/hyunjong/ros2_foxy/install/ros2launch:/home/hyunjong/ros2_foxy/install/ros2pkg:/home/hyunjong/ros2_foxy/install/ros2node:/home/hyunjong/ros2_foxy/install/ros2multicast:/home/hyunjong/ros2_foxy/install/ros2interface:/home/hyunjong/ros2_foxy/install/ros2doctor:/home/hyunjong/ros2_foxy/install/ros2action:/home/hyunjong/ros2_foxy/install/ros2cli:/home/hyunjong/ros2_foxy/install/quality_of_service_demo_py:/home/hyunjong/ros2_foxy/install/launch_testing_ros:/home/hyunjong/ros2_foxy/install/launch_ros:/home/hyunjong/ros2_foxy/install/examples_rclpy_minimal_subscriber:/home/hyunjong/ros2_foxy/install/examples_rclpy_minimal_service:/home/hyunjong/ros2_foxy/install/examples_rclpy_minimal_publisher:/home/hyunjong/ros2_foxy/install/examples_rclpy_minimal_client:/home/hyunjong/ros2_foxy/install/examples_rclpy_minimal_action_server:/home/hyunjong/ros2_foxy/install/examples_rclpy_minimal_action_client:/home/hyunjong/ros2_foxy/install/examples_rclpy_executors:/home/hyunjong/ros2_foxy/install/demo_nodes_py:/home/hyunjong/ros2_foxy/install/action_tutorials_py:/home/hyunjong/ros2_foxy/install/ament_uncrustify:/home/hyunjong/ros2_foxy/install/tracetools_trace:/home/hyunjong/ros2_foxy/install/tracetools_read:/home/hyunjong/ros2_foxy/install/test_launch_ros:/home/hyunjong/ros2_foxy/install/rpyutils:/home/hyunjong/ros2_foxy/install/rosidl_runtime_py:/home/hyunjong/ros2_foxy/install/launch_yaml:/home/hyunjong/ros2_foxy/install/launch_xml:/home/hyunjong/ros2_foxy/install/launch_testing:/home/hyunjong/ros2_foxy/install/launch:/home/hyunjong/ros2_foxy/install/osrf_pycommon:/home/hyunjong/ros2_foxy/install/domain_coordinator:/home/hyunjong/ros2_foxy/install/ament_xmllint:/home/hyunjong/ros2_foxy/install/ament_pyflakes:/home/hyunjong/ros2_foxy/install/ament_pycodestyle:/home/hyunjong/ros2_foxy/install/ament_pep257:/home/hyunjong/ros2_foxy/install/ament_pclint:/home/hyunjong/ros2_foxy/install/ament_package:/home/hyunjong/ros2_foxy/install/ament_mypy:/home/hyunjong/ros2_foxy/install/ament_lint_cmake:/home/hyunjong/ros2_foxy/install/ament_flake8:/home/hyunjong/ros2_foxy/install/ament_copyright:/home/hyunjong/ros2_foxy/install/ament_lint:/home/hyunjong/ros2_foxy/install/ament_index_python:/home/hyunjong/ros2_foxy/install/ament_cpplint:/home/hyunjong/ros2_foxy/install/ament_cppcheck:/home/hyunjong/ros2_foxy/install/ament_clang_tidy:/home/hyunjong/ros2_foxy/install/ament_clang_format /usr/bin/cmake /home/hyunjong/ros2_ws/src/more_interfaces -DCMAKE_INSTALL_PREFIX=/home/hyunjong/ros2_ws/install/more_interfaces
[3.851s] Invoking command in '/home/hyunjong/ros2_ws/build/more_interfaces': CMAKE_PREFIX_PATH=${CMAKE_PREFIX_PATH}:/home/hyunjong/ros2_foxy/install/ros2bag:/home/hyunjong/ros2_foxy/install/tracetools_launch:/home/hyunjong/ros2_foxy/install/topic_monitor:/home/hyunjong/ros2_foxy/install/examples_tf2_py:/home/hyunjong/ros2_foxy/install/sros2:/home/hyunjong/ros2_foxy/install/rqt_topic:/home/hyunjong/ros2_foxy/install/rqt_reconfigure:/home/hyunjong/ros2_foxy/install/rqt_action:/home/hyunjong/ros2_foxy/install/rqt:/home/hyunjong/ros2_foxy/install/rqt_graph:/home/hyunjong/ros2_foxy/install/rqt_gui_py:/home/hyunjong/ros2_foxy/install/rqt_gui:/home/hyunjong/ros2_foxy/install/ros2trace:/home/hyunjong/ros2_foxy/install/ros2topic:/home/hyunjong/ros2_foxy/install/ros2test:/home/hyunjong/ros2_foxy/install/ros2component:/home/hyunjong/ros2_foxy/install/ros2param:/home/hyunjong/ros2_foxy/install/ros2lifecycle:/home/hyunjong/ros2_foxy/install/ros2service:/home/hyunjong/ros2_foxy/install/ros2run:/home/hyunjong/ros2_foxy/install/ros2launch:/home/hyunjong/ros2_foxy/install/ros2pkg:/home/hyunjong/ros2_foxy/install/ros2node:/home/hyunjong/ros2_foxy/install/ros2multicast:/home/hyunjong/ros2_foxy/install/ros2interface:/home/hyunjong/ros2_foxy/install/ros2doctor:/home/hyunjong/ros2_foxy/install/ros2action:/home/hyunjong/ros2_foxy/install/ros2cli:/home/hyunjong/ros2_foxy/install/quality_of_service_demo_py:/home/hyunjong/ros2_foxy/install/launch_testing_ros:/home/hyunjong/ros2_foxy/install/launch_ros:/home/hyunjong/ros2_foxy/install/examples_rclpy_minimal_subscriber:/home/hyunjong/ros2_foxy/install/examples_rclpy_minimal_service:/home/hyunjong/ros2_foxy/install/examples_rclpy_minimal_publisher:/home/hyunjong/ros2_foxy/install/examples_rclpy_minimal_client:/home/hyunjong/ros2_foxy/install/examples_rclpy_minimal_action_server:/home/hyunjong/ros2_foxy/install/examples_rclpy_minimal_action_client:/home/hyunjong/ros2_foxy/install/examples_rclpy_executors:/home/hyunjong/ros2_foxy/install/demo_nodes_py:/home/hyunjong/ros2_foxy/install/action_tutorials_py:/home/hyunjong/ros2_foxy/install/ament_uncrustify:/home/hyunjong/ros2_foxy/install/tracetools_trace:/home/hyunjong/ros2_foxy/install/tracetools_read:/home/hyunjong/ros2_foxy/install/test_launch_ros:/home/hyunjong/ros2_foxy/install/rpyutils:/home/hyunjong/ros2_foxy/install/rosidl_runtime_py:/home/hyunjong/ros2_foxy/install/launch_yaml:/home/hyunjong/ros2_foxy/install/launch_xml:/home/hyunjong/ros2_foxy/install/launch_testing:/home/hyunjong/ros2_foxy/install/launch:/home/hyunjong/ros2_foxy/install/osrf_pycommon:/home/hyunjong/ros2_foxy/install/domain_coordinator:/home/hyunjong/ros2_foxy/install/ament_xmllint:/home/hyunjong/ros2_foxy/install/ament_pyflakes:/home/hyunjong/ros2_foxy/install/ament_pycodestyle:/home/hyunjong/ros2_foxy/install/ament_pep257:/home/hyunjong/ros2_foxy/install/ament_pclint:/home/hyunjong/ros2_foxy/install/ament_package:/home/hyunjong/ros2_foxy/install/ament_mypy:/home/hyunjong/ros2_foxy/install/ament_lint_cmake:/home/hyunjong/ros2_foxy/install/ament_flake8:/home/hyunjong/ros2_foxy/install/ament_copyright:/home/hyunjong/ros2_foxy/install/ament_lint:/home/hyunjong/ros2_foxy/install/ament_index_python:/home/hyunjong/ros2_foxy/install/ament_cpplint:/home/hyunjong/ros2_foxy/install/ament_cppcheck:/home/hyunjong/ros2_foxy/install/ament_clang_tidy:/home/hyunjong/ros2_foxy/install/ament_clang_format /usr/bin/cmake --build /home/hyunjong/ros2_ws/build/more_interfaces -- -j12 -l12
[3.920s] [  3%] [34m[1mGenerating C code for ROS interfaces[0m
[3.920s] [35m[1mScanning dependencies of target more_interfaces__cpp[0m
[3.939s] [  6%] [34m[1mGenerating C++ code for ROS interfaces[0m
[4.462s] [35m[1mScanning dependencies of target more_interfaces__rosidl_generator_c[0m
[4.470s] [  6%] Built target more_interfaces__cpp
[4.487s] [  9%] [32mBuilding C object CMakeFiles/more_interfaces__rosidl_generator_c.dir/rosidl_generator_c/more_interfaces/msg/detail/address_book__functions.c.o[0m
[4.490s] [ 12%] [34m[1mGenerating C++ type support for eProsima Fast-RTPS[0m
[4.492s] [ 15%] [34m[1mGenerating C++ type support dispatch for ROS interfaces[0m
[4.495s] [ 18%] [34m[1mGenerating C++ introspection for ROS interfaces[0m
[4.551s] [ 21%] [32m[1mLinking C shared library libmore_interfaces__rosidl_generator_c.so[0m
[4.615s] [ 21%] Built target more_interfaces__rosidl_generator_c
[4.636s] [ 27%] [34m[1mGenerating C type support dispatch for ROS interfaces[0m
[4.636s] [ 27%] [34m[1mGenerating C introspection for ROS interfaces[0m
[5.065s] [35m[1mScanning dependencies of target more_interfaces__rosidl_typesupport_fastrtps_cpp[0m
[5.067s] [35m[1mScanning dependencies of target more_interfaces__rosidl_typesupport_cpp[0m
[5.084s] [35m[1mScanning dependencies of target more_interfaces__rosidl_typesupport_introspection_cpp[0m
[5.096s] [ 30%] [32mBuilding CXX object CMakeFiles/more_interfaces__rosidl_typesupport_fastrtps_cpp.dir/rosidl_typesupport_fastrtps_cpp/more_interfaces/msg/detail/dds_fastrtps/address_book__type_support.cpp.o[0m
[5.102s] [ 33%] [32mBuilding CXX object CMakeFiles/more_interfaces__rosidl_typesupport_cpp.dir/rosidl_typesupport_cpp/more_interfaces/msg/address_book__type_support.cpp.o[0m
[5.109s] [ 36%] [32mBuilding CXX object CMakeFiles/more_interfaces__rosidl_typesupport_introspection_cpp.dir/rosidl_typesupport_introspection_cpp/more_interfaces/msg/detail/address_book__type_support.cpp.o[0m
[5.199s] [35m[1mScanning dependencies of target more_interfaces__rosidl_typesupport_c[0m
[5.224s] [ 39%] [32mBuilding CXX object CMakeFiles/more_interfaces__rosidl_typesupport_c.dir/rosidl_typesupport_c/more_interfaces/msg/address_book__type_support.cpp.o[0m
[5.255s] [35m[1mScanning dependencies of target more_interfaces__rosidl_typesupport_introspection_c[0m
[5.270s] [ 42%] [32m[1mLinking CXX shared library libmore_interfaces__rosidl_typesupport_c.so[0m
[5.286s] [ 45%] [32mBuilding C object CMakeFiles/more_interfaces__rosidl_typesupport_introspection_c.dir/rosidl_typesupport_introspection_c/more_interfaces/msg/detail/address_book__type_support.c.o[0m
[5.338s] [ 48%] [32m[1mLinking C shared library libmore_interfaces__rosidl_typesupport_introspection_c.so[0m
[5.343s] [ 48%] Built target more_interfaces__rosidl_typesupport_c
[5.389s] [ 48%] Built target more_interfaces__rosidl_typesupport_introspection_c
[5.396s] [ 51%] [32m[1mLinking CXX shared library libmore_interfaces__rosidl_typesupport_introspection_cpp.so[0m
[5.397s] [ 54%] [32m[1mLinking CXX shared library libmore_interfaces__rosidl_typesupport_cpp.so[0m
[5.455s] [ 54%] Built target more_interfaces__rosidl_typesupport_cpp
[5.470s] [ 54%] Built target more_interfaces__rosidl_typesupport_introspection_cpp
[5.527s] [ 57%] [32m[1mLinking CXX shared library libmore_interfaces__rosidl_typesupport_fastrtps_cpp.so[0m
[5.609s] [ 57%] Built target more_interfaces__rosidl_typesupport_fastrtps_cpp
[5.628s] [ 60%] [34m[1mGenerating C type support for eProsima Fast-RTPS[0m
[6.132s] [35m[1mScanning dependencies of target more_interfaces__rosidl_typesupport_fastrtps_c[0m
[6.154s] [ 63%] [32mBuilding CXX object CMakeFiles/more_interfaces__rosidl_typesupport_fastrtps_c.dir/rosidl_typesupport_fastrtps_c/more_interfaces/msg/detail/address_book__type_support_c.cpp.o[0m
[6.449s] [ 66%] [32m[1mLinking CXX shared library libmore_interfaces__rosidl_typesupport_fastrtps_c.so[0m
[6.527s] [ 66%] Built target more_interfaces__rosidl_typesupport_fastrtps_c
[6.545s] [35m[1mScanning dependencies of target more_interfaces[0m
[6.564s] [ 66%] Built target more_interfaces
[6.583s] [35m[1mScanning dependencies of target more_interfaces__py[0m
[6.584s] [35m[1mScanning dependencies of target publish_address_book[0m
[6.604s] [ 69%] [34m[1mGenerating Python code for ROS interfaces[0m
[6.661s] [ 72%] [32mBuilding CXX object CMakeFiles/publish_address_book.dir/src/publish_address_book.cpp.o[0m
[7.336s] [ 72%] Built target more_interfaces__py
[7.357s] [35m[1mScanning dependencies of target more_interfaces__python[0m
[7.397s] [ 75%] [32mBuilding C object CMakeFiles/more_interfaces__python.dir/rosidl_generator_py/more_interfaces/msg/_address_book_s.c.o[0m
[7.494s] [ 78%] [32m[1mLinking C shared library rosidl_generator_py/more_interfaces/libmore_interfaces__python.so[0m
[7.552s] [ 78%] Built target more_interfaces__python
[7.573s] [35m[1mScanning dependencies of target more_interfaces__rosidl_typesupport_c__pyext[0m
[7.574s] [35m[1mScanning dependencies of target more_interfaces__rosidl_typesupport_fastrtps_c__pyext[0m
[7.580s] [35m[1mScanning dependencies of target more_interfaces__rosidl_typesupport_introspection_c__pyext[0m
[7.602s] [ 81%] [32mBuilding C object CMakeFiles/more_interfaces__rosidl_typesupport_c__pyext.dir/rosidl_generator_py/more_interfaces/_more_interfaces_s.ep.rosidl_typesupport_c.c.o[0m
[7.605s] [ 84%] [32mBuilding C object CMakeFiles/more_interfaces__rosidl_typesupport_fastrtps_c__pyext.dir/rosidl_generator_py/more_interfaces/_more_interfaces_s.ep.rosidl_typesupport_fastrtps_c.c.o[0m
[7.615s] [ 87%] [32mBuilding C object CMakeFiles/more_interfaces__rosidl_typesupport_introspection_c__pyext.dir/rosidl_generator_py/more_interfaces/_more_interfaces_s.ep.rosidl_typesupport_introspection_c.c.o[0m
[7.694s] [ 90%] [32m[1mLinking C shared library rosidl_generator_py/more_interfaces/more_interfaces_s__rosidl_typesupport_c.cpython-38-x86_64-linux-gnu.so[0m
[7.706s] [ 93%] [32m[1mLinking C shared library rosidl_generator_py/more_interfaces/more_interfaces_s__rosidl_typesupport_introspection_c.cpython-38-x86_64-linux-gnu.so[0m
[7.706s] [ 96%] [32m[1mLinking CXX shared library rosidl_generator_py/more_interfaces/more_interfaces_s__rosidl_typesupport_fastrtps_c.cpython-38-x86_64-linux-gnu.so[0m
[7.754s] [ 96%] Built target more_interfaces__rosidl_typesupport_c__pyext
[7.766s] [ 96%] Built target more_interfaces__rosidl_typesupport_introspection_c__pyext
[7.780s] [ 96%] Built target more_interfaces__rosidl_typesupport_fastrtps_c__pyext
[9.024s] [100%] [32m[1mLinking CXX executable publish_address_book[0m
[9.285s] [100%] Built target publish_address_book
[9.301s] Invoked command in '/home/hyunjong/ros2_ws/build/more_interfaces' returned '0': CMAKE_PREFIX_PATH=${CMAKE_PREFIX_PATH}:/home/hyunjong/ros2_foxy/install/ros2bag:/home/hyunjong/ros2_foxy/install/tracetools_launch:/home/hyunjong/ros2_foxy/install/topic_monitor:/home/hyunjong/ros2_foxy/install/examples_tf2_py:/home/hyunjong/ros2_foxy/install/sros2:/home/hyunjong/ros2_foxy/install/rqt_topic:/home/hyunjong/ros2_foxy/install/rqt_reconfigure:/home/hyunjong/ros2_foxy/install/rqt_action:/home/hyunjong/ros2_foxy/install/rqt:/home/hyunjong/ros2_foxy/install/rqt_graph:/home/hyunjong/ros2_foxy/install/rqt_gui_py:/home/hyunjong/ros2_foxy/install/rqt_gui:/home/hyunjong/ros2_foxy/install/ros2trace:/home/hyunjong/ros2_foxy/install/ros2topic:/home/hyunjong/ros2_foxy/install/ros2test:/home/hyunjong/ros2_foxy/install/ros2component:/home/hyunjong/ros2_foxy/install/ros2param:/home/hyunjong/ros2_foxy/install/ros2lifecycle:/home/hyunjong/ros2_foxy/install/ros2service:/home/hyunjong/ros2_foxy/install/ros2run:/home/hyunjong/ros2_foxy/install/ros2launch:/home/hyunjong/ros2_foxy/install/ros2pkg:/home/hyunjong/ros2_foxy/install/ros2node:/home/hyunjong/ros2_foxy/install/ros2multicast:/home/hyunjong/ros2_foxy/install/ros2interface:/home/hyunjong/ros2_foxy/install/ros2doctor:/home/hyunjong/ros2_foxy/install/ros2action:/home/hyunjong/ros2_foxy/install/ros2cli:/home/hyunjong/ros2_foxy/install/quality_of_service_demo_py:/home/hyunjong/ros2_foxy/install/launch_testing_ros:/home/hyunjong/ros2_foxy/install/launch_ros:/home/hyunjong/ros2_foxy/install/examples_rclpy_minimal_subscriber:/home/hyunjong/ros2_foxy/install/examples_rclpy_minimal_service:/home/hyunjong/ros2_foxy/install/examples_rclpy_minimal_publisher:/home/hyunjong/ros2_foxy/install/examples_rclpy_minimal_client:/home/hyunjong/ros2_foxy/install/examples_rclpy_minimal_action_server:/home/hyunjong/ros2_foxy/install/examples_rclpy_minimal_action_client:/home/hyunjong/ros2_foxy/install/examples_rclpy_executors:/home/hyunjong/ros2_foxy/install/demo_nodes_py:/home/hyunjong/ros2_foxy/install/action_tutorials_py:/home/hyunjong/ros2_foxy/install/ament_uncrustify:/home/hyunjong/ros2_foxy/install/tracetools_trace:/home/hyunjong/ros2_foxy/install/tracetools_read:/home/hyunjong/ros2_foxy/install/test_launch_ros:/home/hyunjong/ros2_foxy/install/rpyutils:/home/hyunjong/ros2_foxy/install/rosidl_runtime_py:/home/hyunjong/ros2_foxy/install/launch_yaml:/home/hyunjong/ros2_foxy/install/launch_xml:/home/hyunjong/ros2_foxy/install/launch_testing:/home/hyunjong/ros2_foxy/install/launch:/home/hyunjong/ros2_foxy/install/osrf_pycommon:/home/hyunjong/ros2_foxy/install/domain_coordinator:/home/hyunjong/ros2_foxy/install/ament_xmllint:/home/hyunjong/ros2_foxy/install/ament_pyflakes:/home/hyunjong/ros2_foxy/install/ament_pycodestyle:/home/hyunjong/ros2_foxy/install/ament_pep257:/home/hyunjong/ros2_foxy/install/ament_pclint:/home/hyunjong/ros2_foxy/install/ament_package:/home/hyunjong/ros2_foxy/install/ament_mypy:/home/hyunjong/ros2_foxy/install/ament_lint_cmake:/home/hyunjong/ros2_foxy/install/ament_flake8:/home/hyunjong/ros2_foxy/install/ament_copyright:/home/hyunjong/ros2_foxy/install/ament_lint:/home/hyunjong/ros2_foxy/install/ament_index_python:/home/hyunjong/ros2_foxy/install/ament_cpplint:/home/hyunjong/ros2_foxy/install/ament_cppcheck:/home/hyunjong/ros2_foxy/install/ament_clang_tidy:/home/hyunjong/ros2_foxy/install/ament_clang_format /usr/bin/cmake --build /home/hyunjong/ros2_ws/build/more_interfaces -- -j12 -l12
[9.445s] Invoking command in '/home/hyunjong/ros2_ws/build/more_interfaces': CMAKE_PREFIX_PATH=${CMAKE_PREFIX_PATH}:/home/hyunjong/ros2_foxy/install/ros2bag:/home/hyunjong/ros2_foxy/install/tracetools_launch:/home/hyunjong/ros2_foxy/install/topic_monitor:/home/hyunjong/ros2_foxy/install/examples_tf2_py:/home/hyunjong/ros2_foxy/install/sros2:/home/hyunjong/ros2_foxy/install/rqt_topic:/home/hyunjong/ros2_foxy/install/rqt_reconfigure:/home/hyunjong/ros2_foxy/install/rqt_action:/home/hyunjong/ros2_foxy/install/rqt:/home/hyunjong/ros2_foxy/install/rqt_graph:/home/hyunjong/ros2_foxy/install/rqt_gui_py:/home/hyunjong/ros2_foxy/install/rqt_gui:/home/hyunjong/ros2_foxy/install/ros2trace:/home/hyunjong/ros2_foxy/install/ros2topic:/home/hyunjong/ros2_foxy/install/ros2test:/home/hyunjong/ros2_foxy/install/ros2component:/home/hyunjong/ros2_foxy/install/ros2param:/home/hyunjong/ros2_foxy/install/ros2lifecycle:/home/hyunjong/ros2_foxy/install/ros2service:/home/hyunjong/ros2_foxy/install/ros2run:/home/hyunjong/ros2_foxy/install/ros2launch:/home/hyunjong/ros2_foxy/install/ros2pkg:/home/hyunjong/ros2_foxy/install/ros2node:/home/hyunjong/ros2_foxy/install/ros2multicast:/home/hyunjong/ros2_foxy/install/ros2interface:/home/hyunjong/ros2_foxy/install/ros2doctor:/home/hyunjong/ros2_foxy/install/ros2action:/home/hyunjong/ros2_foxy/install/ros2cli:/home/hyunjong/ros2_foxy/install/quality_of_service_demo_py:/home/hyunjong/ros2_foxy/install/launch_testing_ros:/home/hyunjong/ros2_foxy/install/launch_ros:/home/hyunjong/ros2_foxy/install/examples_rclpy_minimal_subscriber:/home/hyunjong/ros2_foxy/install/examples_rclpy_minimal_service:/home/hyunjong/ros2_foxy/install/examples_rclpy_minimal_publisher:/home/hyunjong/ros2_foxy/install/examples_rclpy_minimal_client:/home/hyunjong/ros2_foxy/install/examples_rclpy_minimal_action_server:/home/hyunjong/ros2_foxy/install/examples_rclpy_minimal_action_client:/home/hyunjong/ros2_foxy/install/examples_rclpy_executors:/home/hyunjong/ros2_foxy/install/demo_nodes_py:/home/hyunjong/ros2_foxy/install/action_tutorials_py:/home/hyunjong/ros2_foxy/install/ament_uncrustify:/home/hyunjong/ros2_foxy/install/tracetools_trace:/home/hyunjong/ros2_foxy/install/tracetools_read:/home/hyunjong/ros2_foxy/install/test_launch_ros:/home/hyunjong/ros2_foxy/install/rpyutils:/home/hyunjong/ros2_foxy/install/rosidl_runtime_py:/home/hyunjong/ros2_foxy/install/launch_yaml:/home/hyunjong/ros2_foxy/install/launch_xml:/home/hyunjong/ros2_foxy/install/launch_testing:/home/hyunjong/ros2_foxy/install/launch:/home/hyunjong/ros2_foxy/install/osrf_pycommon:/home/hyunjong/ros2_foxy/install/domain_coordinator:/home/hyunjong/ros2_foxy/install/ament_xmllint:/home/hyunjong/ros2_foxy/install/ament_pyflakes:/home/hyunjong/ros2_foxy/install/ament_pycodestyle:/home/hyunjong/ros2_foxy/install/ament_pep257:/home/hyunjong/ros2_foxy/install/ament_pclint:/home/hyunjong/ros2_foxy/install/ament_package:/home/hyunjong/ros2_foxy/install/ament_mypy:/home/hyunjong/ros2_foxy/install/ament_lint_cmake:/home/hyunjong/ros2_foxy/install/ament_flake8:/home/hyunjong/ros2_foxy/install/ament_copyright:/home/hyunjong/ros2_foxy/install/ament_lint:/home/hyunjong/ros2_foxy/install/ament_index_python:/home/hyunjong/ros2_foxy/install/ament_cpplint:/home/hyunjong/ros2_foxy/install/ament_cppcheck:/home/hyunjong/ros2_foxy/install/ament_clang_tidy:/home/hyunjong/ros2_foxy/install/ament_clang_format /usr/bin/cmake --install /home/hyunjong/ros2_ws/build/more_interfaces
[9.459s] -- Install configuration: ""
[9.460s] -- Installing: /home/hyunjong/ros2_ws/install/more_interfaces/share/ament_index/resource_index/rosidl_interfaces/more_interfaces
[9.460s] -- Installing: /home/hyunjong/ros2_ws/install/more_interfaces/include/more_interfaces
[9.460s] -- Installing: /home/hyunjong/ros2_ws/install/more_interfaces/include/more_interfaces/msg
[9.460s] -- Installing: /home/hyunjong/ros2_ws/install/more_interfaces/include/more_interfaces/msg/address_book.h
[9.460s] -- Installing: /home/hyunjong/ros2_ws/install/more_interfaces/include/more_interfaces/msg/detail
[9.460s] -- Installing: /home/hyunjong/ros2_ws/install/more_interfaces/include/more_interfaces/msg/detail/address_book__type_support.h
[9.461s] -- Installing: /home/hyunjong/ros2_ws/install/more_interfaces/include/more_interfaces/msg/detail/address_book__functions.c
[9.461s] -- Installing: /home/hyunjong/ros2_ws/install/more_interfaces/include/more_interfaces/msg/detail/address_book__struct.h
[9.461s] -- Installing: /home/hyunjong/ros2_ws/install/more_interfaces/include/more_interfaces/msg/detail/address_book__functions.h
[9.461s] -- Installing: /home/hyunjong/ros2_ws/install/more_interfaces/include/more_interfaces/msg/rosidl_generator_c__visibility_control.h
[9.461s] -- Installing: /home/hyunjong/ros2_ws/install/more_interfaces/share/more_interfaces/environment/library_path.sh
[9.461s] -- Installing: /home/hyunjong/ros2_ws/install/more_interfaces/share/more_interfaces/environment/library_path.dsv
[9.461s] -- Installing: /home/hyunjong/ros2_ws/install/more_interfaces/lib/libmore_interfaces__rosidl_generator_c.so
[9.462s] -- Set runtime path of "/home/hyunjong/ros2_ws/install/more_interfaces/lib/libmore_interfaces__rosidl_generator_c.so" to ""
[9.462s] -- Up-to-date: /home/hyunjong/ros2_ws/install/more_interfaces/include/more_interfaces
[9.462s] -- Up-to-date: /home/hyunjong/ros2_ws/install/more_interfaces/include/more_interfaces/msg
[9.462s] -- Installing: /home/hyunjong/ros2_ws/install/more_interfaces/include/more_interfaces/msg/rosidl_typesupport_introspection_c__visibility_control.h
[9.462s] -- Up-to-date: /home/hyunjong/ros2_ws/install/more_interfaces/include/more_interfaces/msg/detail
[9.462s] -- Installing: /home/hyunjong/ros2_ws/install/more_interfaces/include/more_interfaces/msg/detail/address_book__rosidl_typesupport_introspection_c.h
[9.462s] -- Installing: /home/hyunjong/ros2_ws/install/more_interfaces/include/more_interfaces/msg/detail/address_book__type_support.c
[9.462s] -- Installing: /home/hyunjong/ros2_ws/install/more_interfaces/lib/libmore_interfaces__rosidl_typesupport_introspection_c.so
[9.462s] -- Set runtime path of "/home/hyunjong/ros2_ws/install/more_interfaces/lib/libmore_interfaces__rosidl_typesupport_introspection_c.so" to ""
[9.463s] -- Up-to-date: /home/hyunjong/ros2_ws/install/more_interfaces/include/more_interfaces
[9.463s] -- Up-to-date: /home/hyunjong/ros2_ws/install/more_interfaces/include/more_interfaces/msg
[9.463s] -- Up-to-date: /home/hyunjong/ros2_ws/install/more_interfaces/include/more_interfaces/msg/detail
[9.463s] -- Installing: /home/hyunjong/ros2_ws/install/more_interfaces/include/more_interfaces/msg/detail/address_book__rosidl_typesupport_fastrtps_c.h
[9.463s] -- Installing: /home/hyunjong/ros2_ws/install/more_interfaces/include/more_interfaces/msg/rosidl_typesupport_fastrtps_c__visibility_control.h
[9.463s] -- Installing: /home/hyunjong/ros2_ws/install/more_interfaces/lib/libmore_interfaces__rosidl_typesupport_fastrtps_c.so
[9.463s] -- Set runtime path of "/home/hyunjong/ros2_ws/install/more_interfaces/lib/libmore_interfaces__rosidl_typesupport_fastrtps_c.so" to ""
[9.463s] -- Up-to-date: /home/hyunjong/ros2_ws/install/more_interfaces/include/more_interfaces
[9.463s] -- Up-to-date: /home/hyunjong/ros2_ws/install/more_interfaces/include/more_interfaces/msg
[9.463s] -- Up-to-date: /home/hyunjong/ros2_ws/install/more_interfaces/include/more_interfaces/msg/detail
[9.463s] -- Installing: /home/hyunjong/ros2_ws/install/more_interfaces/include/more_interfaces/msg/detail/address_book__rosidl_typesupport_fastrtps_cpp.hpp
[9.463s] -- Installing: /home/hyunjong/ros2_ws/install/more_interfaces/include/more_interfaces/msg/detail/dds_fastrtps
[9.463s] -- Installing: /home/hyunjong/ros2_ws/install/more_interfaces/include/more_interfaces/msg/rosidl_typesupport_fastrtps_cpp__visibility_control.h
[9.464s] -- Installing: /home/hyunjong/ros2_ws/install/more_interfaces/lib/libmore_interfaces__rosidl_typesupport_fastrtps_cpp.so
[9.464s] -- Set runtime path of "/home/hyunjong/ros2_ws/install/more_interfaces/lib/libmore_interfaces__rosidl_typesupport_fastrtps_cpp.so" to ""
[9.464s] -- Installing: /home/hyunjong/ros2_ws/install/more_interfaces/lib/libmore_interfaces__rosidl_typesupport_c.so
[9.464s] -- Set runtime path of "/home/hyunjong/ros2_ws/install/more_interfaces/lib/libmore_interfaces__rosidl_typesupport_c.so" to ""
[9.464s] -- Up-to-date: /home/hyunjong/ros2_ws/install/more_interfaces/include/more_interfaces
[9.464s] -- Up-to-date: /home/hyunjong/ros2_ws/install/more_interfaces/include/more_interfaces/msg
[9.464s] -- Up-to-date: /home/hyunjong/ros2_ws/install/more_interfaces/include/more_interfaces/msg/detail
[9.465s] -- Installing: /home/hyunjong/ros2_ws/install/more_interfaces/include/more_interfaces/msg/detail/address_book__struct.hpp
[9.465s] -- Installing: /home/hyunjong/ros2_ws/install/more_interfaces/include/more_interfaces/msg/detail/address_book__builder.hpp
[9.465s] -- Installing: /home/hyunjong/ros2_ws/install/more_interfaces/include/more_interfaces/msg/detail/address_book__traits.hpp
[9.465s] -- Installing: /home/hyunjong/ros2_ws/install/more_interfaces/include/more_interfaces/msg/address_book.hpp
[9.465s] -- Up-to-date: /home/hyunjong/ros2_ws/install/more_interfaces/include/more_interfaces
[9.465s] -- Up-to-date: /home/hyunjong/ros2_ws/install/more_interfaces/include/more_interfaces/msg
[9.465s] -- Up-to-date: /home/hyunjong/ros2_ws/install/more_interfaces/include/more_interfaces/msg/detail
[9.465s] -- Installing: /home/hyunjong/ros2_ws/install/more_interfaces/include/more_interfaces/msg/detail/address_book__rosidl_typesupport_introspection_cpp.hpp
[9.465s] -- Installing: /home/hyunjong/ros2_ws/install/more_interfaces/include/more_interfaces/msg/detail/address_book__type_support.cpp
[9.465s] -- Installing: /home/hyunjong/ros2_ws/install/more_interfaces/lib/libmore_interfaces__rosidl_typesupport_introspection_cpp.so
[9.465s] -- Set runtime path of "/home/hyunjong/ros2_ws/install/more_interfaces/lib/libmore_interfaces__rosidl_typesupport_introspection_cpp.so" to ""
[9.465s] -- Installing: /home/hyunjong/ros2_ws/install/more_interfaces/lib/libmore_interfaces__rosidl_typesupport_cpp.so
[9.465s] -- Set runtime path of "/home/hyunjong/ros2_ws/install/more_interfaces/lib/libmore_interfaces__rosidl_typesupport_cpp.so" to ""
[9.466s] -- Installing: /home/hyunjong/ros2_ws/install/more_interfaces/share/more_interfaces/environment/pythonpath.sh
[9.466s] -- Installing: /home/hyunjong/ros2_ws/install/more_interfaces/share/more_interfaces/environment/pythonpath.dsv
[9.466s] -- Installing: /home/hyunjong/ros2_ws/install/more_interfaces/lib/python3.8/site-packages/more_interfaces/__init__.py
[9.781s] Compiling '/home/hyunjong/ros2_ws/install/more_interfaces/lib/python3.8/site-packages/more_interfaces/__init__.py'...
[9.784s] -- Installing: /home/hyunjong/ros2_ws/install/more_interfaces/lib/python3.8/site-packages/more_interfaces/msg
[9.784s] -- Installing: /home/hyunjong/ros2_ws/install/more_interfaces/lib/python3.8/site-packages/more_interfaces/msg/_address_book_s.c
[9.784s] -- Installing: /home/hyunjong/ros2_ws/install/more_interfaces/lib/python3.8/site-packages/more_interfaces/msg/__init__.py
[9.784s] -- Installing: /home/hyunjong/ros2_ws/install/more_interfaces/lib/python3.8/site-packages/more_interfaces/msg/_address_book.py
[9.784s] -- Installing: /home/hyunjong/ros2_ws/install/more_interfaces/lib/python3.8/site-packages/more_interfaces/more_interfaces_s__rosidl_typesupport_introspection_c.cpython-38-x86_64-linux-gnu.so
[9.784s] -- Set runtime path of "/home/hyunjong/ros2_ws/install/more_interfaces/lib/python3.8/site-packages/more_interfaces/more_interfaces_s__rosidl_typesupport_introspection_c.cpython-38-x86_64-linux-gnu.so" to ""
[9.785s] -- Installing: /home/hyunjong/ros2_ws/install/more_interfaces/lib/python3.8/site-packages/more_interfaces/more_interfaces_s__rosidl_typesupport_fastrtps_c.cpython-38-x86_64-linux-gnu.so
[9.785s] -- Set runtime path of "/home/hyunjong/ros2_ws/install/more_interfaces/lib/python3.8/site-packages/more_interfaces/more_interfaces_s__rosidl_typesupport_fastrtps_c.cpython-38-x86_64-linux-gnu.so" to ""
[9.785s] -- Installing: /home/hyunjong/ros2_ws/install/more_interfaces/lib/python3.8/site-packages/more_interfaces/more_interfaces_s__rosidl_typesupport_c.cpython-38-x86_64-linux-gnu.so
[9.786s] -- Set runtime path of "/home/hyunjong/ros2_ws/install/more_interfaces/lib/python3.8/site-packages/more_interfaces/more_interfaces_s__rosidl_typesupport_c.cpython-38-x86_64-linux-gnu.so" to ""
[9.786s] -- Installing: /home/hyunjong/ros2_ws/install/more_interfaces/lib/libmore_interfaces__python.so
[9.786s] -- Set runtime path of "/home/hyunjong/ros2_ws/install/more_interfaces/lib/libmore_interfaces__python.so" to ""
[9.786s] -- Installing: /home/hyunjong/ros2_ws/install/more_interfaces/share/more_interfaces/msg/AddressBook.idl
[9.786s] -- Installing: /home/hyunjong/ros2_ws/install/more_interfaces/share/more_interfaces/msg/AddressBook.msg
[9.786s] -- Installing: /home/hyunjong/ros2_ws/install/more_interfaces/lib/more_interfaces/publish_address_book
[9.787s] -- Set runtime path of "/home/hyunjong/ros2_ws/install/more_interfaces/lib/more_interfaces/publish_address_book" to ""
[9.787s] -- Installing: /home/hyunjong/ros2_ws/install/more_interfaces/share/ament_index/resource_index/package_run_dependencies/more_interfaces
[9.787s] -- Installing: /home/hyunjong/ros2_ws/install/more_interfaces/share/ament_index/resource_index/parent_prefix_path/more_interfaces
[9.787s] -- Installing: /home/hyunjong/ros2_ws/install/more_interfaces/share/more_interfaces/environment/ament_prefix_path.sh
[9.787s] -- Installing: /home/hyunjong/ros2_ws/install/more_interfaces/share/more_interfaces/environment/ament_prefix_path.dsv
[9.788s] -- Installing: /home/hyunjong/ros2_ws/install/more_interfaces/share/more_interfaces/environment/path.sh
[9.788s] -- Installing: /home/hyunjong/ros2_ws/install/more_interfaces/share/more_interfaces/environment/path.dsv
[9.788s] -- Installing: /home/hyunjong/ros2_ws/install/more_interfaces/share/more_interfaces/local_setup.bash
[9.788s] -- Installing: /home/hyunjong/ros2_ws/install/more_interfaces/share/more_interfaces/local_setup.sh
[9.788s] -- Installing: /home/hyunjong/ros2_ws/install/more_interfaces/share/more_interfaces/local_setup.zsh
[9.788s] -- Installing: /home/hyunjong/ros2_ws/install/more_interfaces/share/more_interfaces/local_setup.dsv
[9.788s] -- Installing: /home/hyunjong/ros2_ws/install/more_interfaces/share/more_interfaces/package.dsv
[9.788s] -- Installing: /home/hyunjong/ros2_ws/install/more_interfaces/share/ament_index/resource_index/packages/more_interfaces
[9.788s] -- Installing: /home/hyunjong/ros2_ws/install/more_interfaces/share/more_interfaces/cmake/more_interfaces__rosidl_generator_cExport.cmake
[9.788s] -- Installing: /home/hyunjong/ros2_ws/install/more_interfaces/share/more_interfaces/cmake/more_interfaces__rosidl_generator_cExport-noconfig.cmake
[9.789s] -- Installing: /home/hyunjong/ros2_ws/install/more_interfaces/share/more_interfaces/cmake/more_interfaces__rosidl_typesupport_introspection_cExport.cmake
[9.789s] -- Installing: /home/hyunjong/ros2_ws/install/more_interfaces/share/more_interfaces/cmake/more_interfaces__rosidl_typesupport_introspection_cExport-noconfig.cmake
[9.789s] -- Installing: /home/hyunjong/ros2_ws/install/more_interfaces/share/more_interfaces/cmake/more_interfaces__rosidl_typesupport_cExport.cmake
[9.789s] -- Installing: /home/hyunjong/ros2_ws/install/more_interfaces/share/more_interfaces/cmake/more_interfaces__rosidl_typesupport_cExport-noconfig.cmake
[9.789s] -- Installing: /home/hyunjong/ros2_ws/install/more_interfaces/share/more_interfaces/cmake/more_interfaces__rosidl_generator_cppExport.cmake
[9.789s] -- Installing: /home/hyunjong/ros2_ws/install/more_interfaces/share/more_interfaces/cmake/more_interfaces__rosidl_typesupport_introspection_cppExport.cmake
[9.789s] -- Installing: /home/hyunjong/ros2_ws/install/more_interfaces/share/more_interfaces/cmake/more_interfaces__rosidl_typesupport_introspection_cppExport-noconfig.cmake
[9.789s] -- Installing: /home/hyunjong/ros2_ws/install/more_interfaces/share/more_interfaces/cmake/more_interfaces__rosidl_typesupport_cppExport.cmake
[9.790s] -- Installing: /home/hyunjong/ros2_ws/install/more_interfaces/share/more_interfaces/cmake/more_interfaces__rosidl_typesupport_cppExport-noconfig.cmake
[9.790s] -- Installing: /home/hyunjong/ros2_ws/install/more_interfaces/share/more_interfaces/cmake/rosidl_cmake-extras.cmake
[9.790s] -- Installing: /home/hyunjong/ros2_ws/install/more_interfaces/share/more_interfaces/cmake/ament_cmake_export_dependencies-extras.cmake
[9.790s] -- Installing: /home/hyunjong/ros2_ws/install/more_interfaces/share/more_interfaces/cmake/ament_cmake_export_libraries-extras.cmake
[9.790s] -- Installing: /home/hyunjong/ros2_ws/install/more_interfaces/share/more_interfaces/cmake/ament_cmake_export_targets-extras.cmake
[9.790s] -- Installing: /home/hyunjong/ros2_ws/install/more_interfaces/share/more_interfaces/cmake/ament_cmake_export_include_directories-extras.cmake
[9.790s] -- Installing: /home/hyunjong/ros2_ws/install/more_interfaces/share/more_interfaces/cmake/rosidl_cmake_export_typesupport_targets-extras.cmake
[9.790s] -- Installing: /home/hyunjong/ros2_ws/install/more_interfaces/share/more_interfaces/cmake/rosidl_cmake_export_typesupport_libraries-extras.cmake
[9.790s] -- Installing: /home/hyunjong/ros2_ws/install/more_interfaces/share/more_interfaces/cmake/more_interfacesConfig.cmake
[9.790s] -- Installing: /home/hyunjong/ros2_ws/install/more_interfaces/share/more_interfaces/cmake/more_interfacesConfig-version.cmake
[9.790s] -- Installing: /home/hyunjong/ros2_ws/install/more_interfaces/share/more_interfaces/package.xml
[9.793s] Invoked command in '/home/hyunjong/ros2_ws/build/more_interfaces' returned '0': CMAKE_PREFIX_PATH=${CMAKE_PREFIX_PATH}:/home/hyunjong/ros2_foxy/install/ros2bag:/home/hyunjong/ros2_foxy/install/tracetools_launch:/home/hyunjong/ros2_foxy/install/topic_monitor:/home/hyunjong/ros2_foxy/install/examples_tf2_py:/home/hyunjong/ros2_foxy/install/sros2:/home/hyunjong/ros2_foxy/install/rqt_topic:/home/hyunjong/ros2_foxy/install/rqt_reconfigure:/home/hyunjong/ros2_foxy/install/rqt_action:/home/hyunjong/ros2_foxy/install/rqt:/home/hyunjong/ros2_foxy/install/rqt_graph:/home/hyunjong/ros2_foxy/install/rqt_gui_py:/home/hyunjong/ros2_foxy/install/rqt_gui:/home/hyunjong/ros2_foxy/install/ros2trace:/home/hyunjong/ros2_foxy/install/ros2topic:/home/hyunjong/ros2_foxy/install/ros2test:/home/hyunjong/ros2_foxy/install/ros2component:/home/hyunjong/ros2_foxy/install/ros2param:/home/hyunjong/ros2_foxy/install/ros2lifecycle:/home/hyunjong/ros2_foxy/install/ros2service:/home/hyunjong/ros2_foxy/install/ros2run:/home/hyunjong/ros2_foxy/install/ros2launch:/home/hyunjong/ros2_foxy/install/ros2pkg:/home/hyunjong/ros2_foxy/install/ros2node:/home/hyunjong/ros2_foxy/install/ros2multicast:/home/hyunjong/ros2_foxy/install/ros2interface:/home/hyunjong/ros2_foxy/install/ros2doctor:/home/hyunjong/ros2_foxy/install/ros2action:/home/hyunjong/ros2_foxy/install/ros2cli:/home/hyunjong/ros2_foxy/install/quality_of_service_demo_py:/home/hyunjong/ros2_foxy/install/launch_testing_ros:/home/hyunjong/ros2_foxy/install/launch_ros:/home/hyunjong/ros2_foxy/install/examples_rclpy_minimal_subscriber:/home/hyunjong/ros2_foxy/install/examples_rclpy_minimal_service:/home/hyunjong/ros2_foxy/install/examples_rclpy_minimal_publisher:/home/hyunjong/ros2_foxy/install/examples_rclpy_minimal_client:/home/hyunjong/ros2_foxy/install/examples_rclpy_minimal_action_server:/home/hyunjong/ros2_foxy/install/examples_rclpy_minimal_action_client:/home/hyunjong/ros2_foxy/install/examples_rclpy_executors:/home/hyunjong/ros2_foxy/install/demo_nodes_py:/home/hyunjong/ros2_foxy/install/action_tutorials_py:/home/hyunjong/ros2_foxy/install/ament_uncrustify:/home/hyunjong/ros2_foxy/install/tracetools_trace:/home/hyunjong/ros2_foxy/install/tracetools_read:/home/hyunjong/ros2_foxy/install/test_launch_ros:/home/hyunjong/ros2_foxy/install/rpyutils:/home/hyunjong/ros2_foxy/install/rosidl_runtime_py:/home/hyunjong/ros2_foxy/install/launch_yaml:/home/hyunjong/ros2_foxy/install/launch_xml:/home/hyunjong/ros2_foxy/install/launch_testing:/home/hyunjong/ros2_foxy/install/launch:/home/hyunjong/ros2_foxy/install/osrf_pycommon:/home/hyunjong/ros2_foxy/install/domain_coordinator:/home/hyunjong/ros2_foxy/install/ament_xmllint:/home/hyunjong/ros2_foxy/install/ament_pyflakes:/home/hyunjong/ros2_foxy/install/ament_pycodestyle:/home/hyunjong/ros2_foxy/install/ament_pep257:/home/hyunjong/ros2_foxy/install/ament_pclint:/home/hyunjong/ros2_foxy/install/ament_package:/home/hyunjong/ros2_foxy/install/ament_mypy:/home/hyunjong/ros2_foxy/install/ament_lint_cmake:/home/hyunjong/ros2_foxy/install/ament_flake8:/home/hyunjong/ros2_foxy/install/ament_copyright:/home/hyunjong/ros2_foxy/install/ament_lint:/home/hyunjong/ros2_foxy/install/ament_index_python:/home/hyunjong/ros2_foxy/install/ament_cpplint:/home/hyunjong/ros2_foxy/install/ament_cppcheck:/home/hyunjong/ros2_foxy/install/ament_clang_tidy:/home/hyunjong/ros2_foxy/install/ament_clang_format /usr/bin/cmake --install /home/hyunjong/ros2_ws/build/more_interfaces
