[ 50%] [32m[1mLinking CXX executable parameter_node[0m
[100%] Built target parameter_node
-- Install configuration: ""
-- Installing: /home/hyunjong/ros2_ws/install/cpp_parameters/lib/cpp_parameters/parameter_node
-- Set runtime path of "/home/hyunjong/ros2_ws/install/cpp_parameters/lib/cpp_parameters/parameter_node" to ""
-- Up-to-date: /home/hyunjong/ros2_ws/install/cpp_parameters/share/cpp_parameters/launch
-- Up-to-date: /home/hyunjong/ros2_ws/install/cpp_parameters/share/cpp_parameters/launch/cpp_parameters_launch.py
-- Up-to-date: /home/hyunjong/ros2_ws/install/cpp_parameters/share/ament_index/resource_index/package_run_dependencies/cpp_parameters
-- Up-to-date: /home/hyunjong/ros2_ws/install/cpp_parameters/share/ament_index/resource_index/parent_prefix_path/cpp_parameters
-- Up-to-date: /home/hyunjong/ros2_ws/install/cpp_parameters/share/cpp_parameters/environment/ament_prefix_path.dsv
-- Up-to-date: /home/hyunjong/ros2_ws/install/cpp_parameters/share/cpp_parameters/environment/path.dsv
-- Up-to-date: /home/hyunjong/ros2_ws/install/cpp_parameters/share/cpp_parameters/local_setup.bash
-- Up-to-date: /home/hyunjong/ros2_ws/install/cpp_parameters/share/cpp_parameters/local_setup.sh
-- Up-to-date: /home/hyunjong/ros2_ws/install/cpp_parameters/share/cpp_parameters/local_setup.zsh
-- Up-to-date: /home/hyunjong/ros2_ws/install/cpp_parameters/share/cpp_parameters/local_setup.dsv
-- Installing: /home/hyunjong/ros2_ws/install/cpp_parameters/share/cpp_parameters/package.dsv
-- Up-to-date: /home/hyunjong/ros2_ws/install/cpp_parameters/share/ament_index/resource_index/packages/cpp_parameters
-- Up-to-date: /home/hyunjong/ros2_ws/install/cpp_parameters/share/cpp_parameters/cmake/cpp_parametersConfig.cmake
-- Up-to-date: /home/hyunjong/ros2_ws/install/cpp_parameters/share/cpp_parameters/cmake/cpp_parametersConfig-version.cmake
-- Up-to-date: /home/hyunjong/ros2_ws/install/cpp_parameters/share/cpp_parameters/package.xml
