[0.008s] Invoking command in '/home/hyunjong/ros2_ws/build/turtlesim': /usr/bin/cmake /home/hyunjong/ros2_ws/src/ros_tutorials/turtlesim -DCMAKE_INSTALL_PREFIX=/home/hyunjong/ros2_ws/install/turtlesim
[0.049s] -- The C compiler identification is GNU 9.3.0
[0.087s] -- The CXX compiler identification is GNU 9.3.0
[0.091s] -- Check for working C compiler: /usr/bin/cc
[0.145s] -- Check for working C compiler: /usr/bin/cc -- works
[0.146s] -- Detecting C compiler ABI info
[0.197s] -- Detecting C compiler ABI info - done
[0.207s] -- Detecting C compile features
[0.207s] -- Detecting C compile features - done
[0.209s] -- Check for working CXX compiler: /usr/bin/c++
[0.266s] -- Check for working CXX compiler: /usr/bin/c++ -- works
[0.267s] -- Detecting CXX compiler ABI info
[0.326s] -- Detecting CXX compiler ABI info - done
[0.336s] -- Detecting CXX compile features
[0.336s] -- Detecting CXX compile features - done
[0.341s] CMake Error at CMakeLists.txt:12 (find_package):
[0.341s]   By not providing "Findament_cmake.cmake" in CMAKE_MODULE_PATH this project
[0.341s]   has asked CMake to find a package configuration file provided by
[0.341s]   "ament_cmake", but CMake did not find one.
[0.342s] 
[0.342s]   Could not find a package configuration file provided by "ament_cmake" with
[0.342s]   any of the following names:
[0.342s] 
[0.342s]     ament_cmakeConfig.cmake
[0.342s]     ament_cmake-config.cmake
[0.342s] 
[0.342s]   Add the installation prefix of "ament_cmake" to CMAKE_PREFIX_PATH or set
[0.342s]   "ament_cmake_DIR" to a directory containing one of the above files.  If
[0.342s]   "ament_cmake" provides a separate development package or SDK, be sure it
[0.342s]   has been installed.
[0.342s] 
[0.342s] 
[0.342s] -- Configuring incomplete, errors occurred!
[0.342s] See also "/home/hyunjong/ros2_ws/build/turtlesim/CMakeFiles/CMakeOutput.log".
[0.344s] Invoked command in '/home/hyunjong/ros2_ws/build/turtlesim' returned '1': /usr/bin/cmake /home/hyunjong/ros2_ws/src/ros_tutorials/turtlesim -DCMAKE_INSTALL_PREFIX=/home/hyunjong/ros2_ws/install/turtlesim
