-- The C compiler identification is GNU 9.3.0
-- The CXX compiler identification is GNU 9.3.0
-- Check for working C compiler: /usr/bin/cc
-- Check for working C compiler: /usr/bin/cc -- works
-- Detecting C compiler ABI info
-- Detecting C compiler ABI info - done
-- Detecting C compile features
-- Detecting C compile features - done
-- Check for working CXX compiler: /usr/bin/c++
-- Check for working CXX compiler: /usr/bin/c++ -- works
-- Detecting CXX compiler ABI info
-- Detecting CXX compiler ABI info - done
-- Detecting CXX compile features
-- Detecting CXX compile features - done
-- Found ament_cmake: 0.9.6 (/home/hyunjong/ros2_foxy/install/ament_cmake/share/ament_cmake/cmake)
-- Found PythonInterp: /usr/bin/python3 (found suitable version "3.8.2", minimum required is "3") 
-- Using PYTHON_EXECUTABLE: /usr/bin/python3
-- Found rclcpp: 2.0.2 (/home/hyunjong/ros2_foxy/install/rclcpp/share/rclcpp/cmake)
-- Using all available rosidl_typesupport_c: rosidl_typesupport_introspection_c;rosidl_typesupport_fastrtps_c
-- Found rosidl_adapter: 1.0.1 (/home/hyunjong/ros2_foxy/install/rosidl_adapter/share/rosidl_adapter/cmake)
-- Found FastRTPS: /home/hyunjong/ros2_foxy/install/fastrtps/include  
-- Using all available rosidl_typesupport_cpp: rosidl_typesupport_introspection_cpp;rosidl_typesupport_fastrtps_cpp
-- Found rmw_implementation_cmake: 1.0.1 (/home/hyunjong/ros2_foxy/install/rmw_implementation_cmake/share/rmw_implementation_cmake/cmake)
-- Using RMW implementation 'rmw_fastrtps_cpp' as default
-- Looking for pthread.h
-- Looking for pthread.h - found
-- Performing Test CMAKE_HAVE_LIBC_PTHREAD
-- Performing Test CMAKE_HAVE_LIBC_PTHREAD - Failed
-- Looking for pthread_create in pthreads
-- Looking for pthread_create in pthreads - not found
-- Looking for pthread_create in pthread
-- Looking for pthread_create in pthread - found
-- Found Threads: TRUE  
-- Found ament_lint_auto: 0.9.5 (/home/hyunjong/ros2_foxy/install/ament_lint_auto/share/ament_lint_auto/cmake)
-- Added test 'copyright' to check source files copyright and LICENSE
-- Added test 'cppcheck' to perform static code analysis on C / C++ code
-- Configured cppcheck include dirs: 
-- Configured cppcheck exclude dirs and/or files: 
-- Added test 'cpplint' to check C / C++ code against the Google style
-- Configured cpplint exclude dirs and/or files: 
-- Added test 'lint_cmake' to check CMake code style
-- Added test 'uncrustify' to check C / C++ code style
-- Configured uncrustify additional arguments: 
-- Added test 'xmllint' to check XML markup files
-- Configuring done
-- Generating done
-- Build files have been written to: /home/hyunjong/ros2_ws/build/cpp_parameters
[35m[1mScanning dependencies of target parameter_node[0m
[ 50%] [32mBuilding CXX object CMakeFiles/parameter_node.dir/src/cpp_parameters_node.cpp.o[0m
[100%] [32m[1mLinking CXX executable parameter_node[0m
[100%] Built target parameter_node
-- Install configuration: ""
-- Installing: /home/hyunjong/ros2_ws/install/cpp_parameters/lib/cpp_parameters/parameter_node
-- Set runtime path of "/home/hyunjong/ros2_ws/install/cpp_parameters/lib/cpp_parameters/parameter_node" to ""
-- Installing: /home/hyunjong/ros2_ws/install/cpp_parameters/share/ament_index/resource_index/package_run_dependencies/cpp_parameters
-- Installing: /home/hyunjong/ros2_ws/install/cpp_parameters/share/ament_index/resource_index/parent_prefix_path/cpp_parameters
-- Installing: /home/hyunjong/ros2_ws/install/cpp_parameters/share/cpp_parameters/environment/ament_prefix_path.sh
-- Installing: /home/hyunjong/ros2_ws/install/cpp_parameters/share/cpp_parameters/environment/ament_prefix_path.dsv
-- Installing: /home/hyunjong/ros2_ws/install/cpp_parameters/share/cpp_parameters/environment/path.sh
-- Installing: /home/hyunjong/ros2_ws/install/cpp_parameters/share/cpp_parameters/environment/path.dsv
-- Installing: /home/hyunjong/ros2_ws/install/cpp_parameters/share/cpp_parameters/local_setup.bash
-- Installing: /home/hyunjong/ros2_ws/install/cpp_parameters/share/cpp_parameters/local_setup.sh
-- Installing: /home/hyunjong/ros2_ws/install/cpp_parameters/share/cpp_parameters/local_setup.zsh
-- Installing: /home/hyunjong/ros2_ws/install/cpp_parameters/share/cpp_parameters/local_setup.dsv
-- Installing: /home/hyunjong/ros2_ws/install/cpp_parameters/share/cpp_parameters/package.dsv
-- Installing: /home/hyunjong/ros2_ws/install/cpp_parameters/share/ament_index/resource_index/packages/cpp_parameters
-- Installing: /home/hyunjong/ros2_ws/install/cpp_parameters/share/cpp_parameters/cmake/cpp_parametersConfig.cmake
-- Installing: /home/hyunjong/ros2_ws/install/cpp_parameters/share/cpp_parameters/cmake/cpp_parametersConfig-version.cmake
-- Installing: /home/hyunjong/ros2_ws/install/cpp_parameters/share/cpp_parameters/package.xml
