CMake Error at /home/hyunjong/ros2_foxy/install/rosidl_adapter/share/rosidl_adapter/cmake/rosidl_adapt_interfaces.cmake:60 (message):
  execute_process(/usr/bin/python3 -m rosidl_adapter --package-name
  more_interfaces --arguments-file
  /home/hyunjong/ros2_ws/build/more_interfaces/rosidl_adapter__arguments__more_interfaces.json
  --output-dir
  /home/hyunjong/ros2_ws/build/more_interfaces/rosidl_adapter/more_interfaces
  --output-file
  /home/hyunjong/ros2_ws/build/more_interfaces/rosidl_adapter/more_interfaces.idls)
  returned error code 1:

  Error processing 'unit8 age' of 'more_interfaces/AddressBook': ''unit8' is
  an invalid message name.  It should have the pattern '^[A-Z][A-Za-z0-9]*$''

  Traceback (most recent call last):

    File "/usr/lib/python3.8/runpy.py", line 193, in _run_module_as_main
      return _run_code(code, main_globals, None,
    File "/usr/lib/python3.8/runpy.py", line 86, in _run_code
      exec(code, run_globals)
    File "/home/hyunjong/ros2_foxy/install/rosidl_adapter/lib/python3.8/site-packages/rosidl_adapter/__main__.py", line 19, in <module>
      sys.exit(main())
    File "/home/hyunjong/ros2_foxy/install/rosidl_adapter/lib/python3.8/site-packages/rosidl_adapter/main.py", line 53, in main
      abs_idl_file = convert_to_idl(
    File "/home/hyunjong/ros2_foxy/install/rosidl_adapter/lib/python3.8/site-packages/rosidl_adapter/__init__.py", line 19, in convert_to_idl
      return convert_msg_to_idl(
    File "/home/hyunjong/ros2_foxy/install/rosidl_adapter/lib/python3.8/site-packages/rosidl_adapter/msg/__init__.py", line 28, in convert_msg_to_idl
      msg = parse_message_string(package_name, input_file.stem, content)
    File "/home/hyunjong/ros2_foxy/install/rosidl_adapter/lib/python3.8/site-packages/rosidl_adapter/parser.py", line 507, in parse_message_string
      Type(type_string, context_package_name=pkg_name),
    File "/home/hyunjong/ros2_foxy/install/rosidl_adapter/lib/python3.8/site-packages/rosidl_adapter/parser.py", line 270, in __init__
      super(Type, self).__init__(
    File "/home/hyunjong/ros2_foxy/install/rosidl_adapter/lib/python3.8/site-packages/rosidl_adapter/parser.py", line 198, in __init__
      raise InvalidResourceName(

  rosidl_adapter.parser.InvalidResourceName: 'unit8' is an invalid message
  name.  It should have the pattern '^[A-Z][A-Za-z0-9]*$'

Call Stack (most recent call first):
  /home/hyunjong/ros2_foxy/install/rosidl_cmake/share/rosidl_cmake/cmake/rosidl_generate_interfaces.cmake:130 (rosidl_adapt_interfaces)
  CMakeLists.txt:28 (rosidl_generate_interfaces)


