[0.058s] Invoking command in '/home/hyunjong/ros2_ws/build/more_interfaces': CMAKE_PREFIX_PATH=${CMAKE_PREFIX_PATH}:/home/hyunjong/ros2_foxy/install/ros2bag:/home/hyunjong/ros2_foxy/install/tracetools_launch:/home/hyunjong/ros2_foxy/install/topic_monitor:/home/hyunjong/ros2_foxy/install/examples_tf2_py:/home/hyunjong/ros2_foxy/install/sros2:/home/hyunjong/ros2_foxy/install/rqt_topic:/home/hyunjong/ros2_foxy/install/rqt_reconfigure:/home/hyunjong/ros2_foxy/install/rqt_action:/home/hyunjong/ros2_foxy/install/rqt:/home/hyunjong/ros2_foxy/install/rqt_graph:/home/hyunjong/ros2_foxy/install/rqt_gui_py:/home/hyunjong/ros2_foxy/install/rqt_gui:/home/hyunjong/ros2_foxy/install/ros2trace:/home/hyunjong/ros2_foxy/install/ros2topic:/home/hyunjong/ros2_foxy/install/ros2test:/home/hyunjong/ros2_foxy/install/ros2component:/home/hyunjong/ros2_foxy/install/ros2param:/home/hyunjong/ros2_foxy/install/ros2lifecycle:/home/hyunjong/ros2_foxy/install/ros2service:/home/hyunjong/ros2_foxy/install/ros2run:/home/hyunjong/ros2_foxy/install/ros2launch:/home/hyunjong/ros2_foxy/install/ros2pkg:/home/hyunjong/ros2_foxy/install/ros2node:/home/hyunjong/ros2_foxy/install/ros2multicast:/home/hyunjong/ros2_foxy/install/ros2interface:/home/hyunjong/ros2_foxy/install/ros2doctor:/home/hyunjong/ros2_foxy/install/ros2action:/home/hyunjong/ros2_foxy/install/ros2cli:/home/hyunjong/ros2_foxy/install/quality_of_service_demo_py:/home/hyunjong/ros2_foxy/install/launch_testing_ros:/home/hyunjong/ros2_foxy/install/launch_ros:/home/hyunjong/ros2_foxy/install/examples_rclpy_minimal_subscriber:/home/hyunjong/ros2_foxy/install/examples_rclpy_minimal_service:/home/hyunjong/ros2_foxy/install/examples_rclpy_minimal_publisher:/home/hyunjong/ros2_foxy/install/examples_rclpy_minimal_client:/home/hyunjong/ros2_foxy/install/examples_rclpy_minimal_action_server:/home/hyunjong/ros2_foxy/install/examples_rclpy_minimal_action_client:/home/hyunjong/ros2_foxy/install/examples_rclpy_executors:/home/hyunjong/ros2_foxy/install/demo_nodes_py:/home/hyunjong/ros2_foxy/install/action_tutorials_py:/home/hyunjong/ros2_foxy/install/ament_uncrustify:/home/hyunjong/ros2_foxy/install/tracetools_trace:/home/hyunjong/ros2_foxy/install/tracetools_read:/home/hyunjong/ros2_foxy/install/test_launch_ros:/home/hyunjong/ros2_foxy/install/rpyutils:/home/hyunjong/ros2_foxy/install/rosidl_runtime_py:/home/hyunjong/ros2_foxy/install/launch_yaml:/home/hyunjong/ros2_foxy/install/launch_xml:/home/hyunjong/ros2_foxy/install/launch_testing:/home/hyunjong/ros2_foxy/install/launch:/home/hyunjong/ros2_foxy/install/osrf_pycommon:/home/hyunjong/ros2_foxy/install/domain_coordinator:/home/hyunjong/ros2_foxy/install/ament_xmllint:/home/hyunjong/ros2_foxy/install/ament_pyflakes:/home/hyunjong/ros2_foxy/install/ament_pycodestyle:/home/hyunjong/ros2_foxy/install/ament_pep257:/home/hyunjong/ros2_foxy/install/ament_pclint:/home/hyunjong/ros2_foxy/install/ament_package:/home/hyunjong/ros2_foxy/install/ament_mypy:/home/hyunjong/ros2_foxy/install/ament_lint_cmake:/home/hyunjong/ros2_foxy/install/ament_flake8:/home/hyunjong/ros2_foxy/install/ament_copyright:/home/hyunjong/ros2_foxy/install/ament_lint:/home/hyunjong/ros2_foxy/install/ament_index_python:/home/hyunjong/ros2_foxy/install/ament_cpplint:/home/hyunjong/ros2_foxy/install/ament_cppcheck:/home/hyunjong/ros2_foxy/install/ament_clang_tidy:/home/hyunjong/ros2_foxy/install/ament_clang_format /usr/bin/cmake --build /home/hyunjong/ros2_ws/build/more_interfaces -- -j12 -l12
[0.107s] -- Found rclcpp: 2.0.2 (/home/hyunjong/ros2_foxy/install/rclcpp/share/rclcpp/cmake)
[0.448s] -- Found PythonInterp: /usr/bin/python3 (found suitable version "3.8.2", minimum required is "3") 
[0.448s] -- Using PYTHON_EXECUTABLE: /usr/bin/python3
[1.025s] -- Using all available rosidl_typesupport_c: rosidl_typesupport_introspection_c;rosidl_typesupport_fastrtps_c
[1.028s] -- Found rosidl_adapter: 1.0.1 (/home/hyunjong/ros2_foxy/install/rosidl_adapter/share/rosidl_adapter/cmake)
[1.230s] -- Using all available rosidl_typesupport_cpp: rosidl_typesupport_introspection_cpp;rosidl_typesupport_fastrtps_cpp
[1.281s] -- Found rmw_implementation_cmake: 1.0.1 (/home/hyunjong/ros2_foxy/install/rmw_implementation_cmake/share/rmw_implementation_cmake/cmake)
[1.312s] -- Using RMW implementation 'rmw_fastrtps_cpp' as default
[1.459s] -- Found rosidl_default_generators: 1.0.0 (/home/hyunjong/ros2_foxy/install/rosidl_default_generators/share/rosidl_default_generators/cmake)
[1.846s] -- Found PythonInterp: /usr/bin/python3 (found version "3.8.2") 
[2.565s] -- Found ament_cmake_ros: 0.9.0 (/home/hyunjong/ros2_foxy/install/ament_cmake_ros/share/ament_cmake_ros/cmake)
[2.856s] -- Using all available rosidl_typesupport_c: rosidl_typesupport_introspection_c;rosidl_typesupport_fastrtps_c
[2.966s] -- Using all available rosidl_typesupport_cpp: rosidl_typesupport_introspection_cpp;rosidl_typesupport_fastrtps_cpp
[3.291s] -- Found PythonInterp: /usr/bin/python3 (found suitable version "3.8.2", minimum required is "3.5") 
[3.291s] -- Found python_cmake_module: 0.8.0 (/home/hyunjong/ros2_foxy/install/python_cmake_module/share/python_cmake_module/cmake)
[3.579s] -- Using PYTHON_EXECUTABLE: /usr/bin/python3
[3.579s] -- Using PYTHON_INCLUDE_DIRS: /usr/include/python3.8
[3.579s] -- Using PYTHON_LIBRARIES: /usr/lib/x86_64-linux-gnu/libpython3.8.so
[3.899s] -- Found ament_lint_auto: 0.9.5 (/home/hyunjong/ros2_foxy/install/ament_lint_auto/share/ament_lint_auto/cmake)
[3.907s] -- Added test 'copyright' to check source files copyright and LICENSE
[3.908s] -- Added test 'cppcheck' to perform static code analysis on C / C++ code
[3.909s] -- Configured cppcheck include dirs: 
[3.909s] -- Configured cppcheck exclude dirs and/or files: 
[3.909s] -- Added test 'cpplint' to check C / C++ code against the Google style
[3.909s] -- Configured cpplint exclude dirs and/or files: 
[3.910s] -- Added test 'lint_cmake' to check CMake code style
[3.911s] -- Added test 'uncrustify' to check C / C++ code style
[3.911s] -- Configured uncrustify additional arguments: 
[3.911s] -- Added test 'xmllint' to check XML markup files
[3.915s] -- Configuring done
[3.944s] -- Generating done
[3.946s] -- Build files have been written to: /home/hyunjong/ros2_ws/build/more_interfaces
[4.005s] [  3%] Built target more_interfaces__cpp
[4.006s] [ 12%] Built target more_interfaces__rosidl_generator_c
[4.052s] [ 21%] Built target more_interfaces__rosidl_typesupport_introspection_c
[4.056s] [ 30%] Built target more_interfaces__rosidl_typesupport_cpp
[4.058s] [ 39%] Built target more_interfaces__rosidl_typesupport_c
[4.059s] [ 48%] Built target more_interfaces__rosidl_typesupport_introspection_cpp
[4.062s] [ 57%] Built target more_interfaces__rosidl_typesupport_fastrtps_cpp
[4.104s] [ 66%] Built target more_interfaces__rosidl_typesupport_fastrtps_c
[4.141s] [ 66%] Built target more_interfaces
[4.181s] [ 69%] Built target more_interfaces__py
[4.186s] [ 75%] Built target publish_address_book
[4.223s] [ 81%] Built target more_interfaces__python
[4.265s] [ 87%] Built target more_interfaces__rosidl_typesupport_fastrtps_c__pyext
[4.271s] [100%] Built target more_interfaces__rosidl_typesupport_introspection_c__pyext
[4.271s] [100%] Built target more_interfaces__rosidl_typesupport_c__pyext
[4.289s] Invoked command in '/home/hyunjong/ros2_ws/build/more_interfaces' returned '0': CMAKE_PREFIX_PATH=${CMAKE_PREFIX_PATH}:/home/hyunjong/ros2_foxy/install/ros2bag:/home/hyunjong/ros2_foxy/install/tracetools_launch:/home/hyunjong/ros2_foxy/install/topic_monitor:/home/hyunjong/ros2_foxy/install/examples_tf2_py:/home/hyunjong/ros2_foxy/install/sros2:/home/hyunjong/ros2_foxy/install/rqt_topic:/home/hyunjong/ros2_foxy/install/rqt_reconfigure:/home/hyunjong/ros2_foxy/install/rqt_action:/home/hyunjong/ros2_foxy/install/rqt:/home/hyunjong/ros2_foxy/install/rqt_graph:/home/hyunjong/ros2_foxy/install/rqt_gui_py:/home/hyunjong/ros2_foxy/install/rqt_gui:/home/hyunjong/ros2_foxy/install/ros2trace:/home/hyunjong/ros2_foxy/install/ros2topic:/home/hyunjong/ros2_foxy/install/ros2test:/home/hyunjong/ros2_foxy/install/ros2component:/home/hyunjong/ros2_foxy/install/ros2param:/home/hyunjong/ros2_foxy/install/ros2lifecycle:/home/hyunjong/ros2_foxy/install/ros2service:/home/hyunjong/ros2_foxy/install/ros2run:/home/hyunjong/ros2_foxy/install/ros2launch:/home/hyunjong/ros2_foxy/install/ros2pkg:/home/hyunjong/ros2_foxy/install/ros2node:/home/hyunjong/ros2_foxy/install/ros2multicast:/home/hyunjong/ros2_foxy/install/ros2interface:/home/hyunjong/ros2_foxy/install/ros2doctor:/home/hyunjong/ros2_foxy/install/ros2action:/home/hyunjong/ros2_foxy/install/ros2cli:/home/hyunjong/ros2_foxy/install/quality_of_service_demo_py:/home/hyunjong/ros2_foxy/install/launch_testing_ros:/home/hyunjong/ros2_foxy/install/launch_ros:/home/hyunjong/ros2_foxy/install/examples_rclpy_minimal_subscriber:/home/hyunjong/ros2_foxy/install/examples_rclpy_minimal_service:/home/hyunjong/ros2_foxy/install/examples_rclpy_minimal_publisher:/home/hyunjong/ros2_foxy/install/examples_rclpy_minimal_client:/home/hyunjong/ros2_foxy/install/examples_rclpy_minimal_action_server:/home/hyunjong/ros2_foxy/install/examples_rclpy_minimal_action_client:/home/hyunjong/ros2_foxy/install/examples_rclpy_executors:/home/hyunjong/ros2_foxy/install/demo_nodes_py:/home/hyunjong/ros2_foxy/install/action_tutorials_py:/home/hyunjong/ros2_foxy/install/ament_uncrustify:/home/hyunjong/ros2_foxy/install/tracetools_trace:/home/hyunjong/ros2_foxy/install/tracetools_read:/home/hyunjong/ros2_foxy/install/test_launch_ros:/home/hyunjong/ros2_foxy/install/rpyutils:/home/hyunjong/ros2_foxy/install/rosidl_runtime_py:/home/hyunjong/ros2_foxy/install/launch_yaml:/home/hyunjong/ros2_foxy/install/launch_xml:/home/hyunjong/ros2_foxy/install/launch_testing:/home/hyunjong/ros2_foxy/install/launch:/home/hyunjong/ros2_foxy/install/osrf_pycommon:/home/hyunjong/ros2_foxy/install/domain_coordinator:/home/hyunjong/ros2_foxy/install/ament_xmllint:/home/hyunjong/ros2_foxy/install/ament_pyflakes:/home/hyunjong/ros2_foxy/install/ament_pycodestyle:/home/hyunjong/ros2_foxy/install/ament_pep257:/home/hyunjong/ros2_foxy/install/ament_pclint:/home/hyunjong/ros2_foxy/install/ament_package:/home/hyunjong/ros2_foxy/install/ament_mypy:/home/hyunjong/ros2_foxy/install/ament_lint_cmake:/home/hyunjong/ros2_foxy/install/ament_flake8:/home/hyunjong/ros2_foxy/install/ament_copyright:/home/hyunjong/ros2_foxy/install/ament_lint:/home/hyunjong/ros2_foxy/install/ament_index_python:/home/hyunjong/ros2_foxy/install/ament_cpplint:/home/hyunjong/ros2_foxy/install/ament_cppcheck:/home/hyunjong/ros2_foxy/install/ament_clang_tidy:/home/hyunjong/ros2_foxy/install/ament_clang_format /usr/bin/cmake --build /home/hyunjong/ros2_ws/build/more_interfaces -- -j12 -l12
[4.430s] Invoking command in '/home/hyunjong/ros2_ws/build/more_interfaces': CMAKE_PREFIX_PATH=${CMAKE_PREFIX_PATH}:/home/hyunjong/ros2_foxy/install/ros2bag:/home/hyunjong/ros2_foxy/install/tracetools_launch:/home/hyunjong/ros2_foxy/install/topic_monitor:/home/hyunjong/ros2_foxy/install/examples_tf2_py:/home/hyunjong/ros2_foxy/install/sros2:/home/hyunjong/ros2_foxy/install/rqt_topic:/home/hyunjong/ros2_foxy/install/rqt_reconfigure:/home/hyunjong/ros2_foxy/install/rqt_action:/home/hyunjong/ros2_foxy/install/rqt:/home/hyunjong/ros2_foxy/install/rqt_graph:/home/hyunjong/ros2_foxy/install/rqt_gui_py:/home/hyunjong/ros2_foxy/install/rqt_gui:/home/hyunjong/ros2_foxy/install/ros2trace:/home/hyunjong/ros2_foxy/install/ros2topic:/home/hyunjong/ros2_foxy/install/ros2test:/home/hyunjong/ros2_foxy/install/ros2component:/home/hyunjong/ros2_foxy/install/ros2param:/home/hyunjong/ros2_foxy/install/ros2lifecycle:/home/hyunjong/ros2_foxy/install/ros2service:/home/hyunjong/ros2_foxy/install/ros2run:/home/hyunjong/ros2_foxy/install/ros2launch:/home/hyunjong/ros2_foxy/install/ros2pkg:/home/hyunjong/ros2_foxy/install/ros2node:/home/hyunjong/ros2_foxy/install/ros2multicast:/home/hyunjong/ros2_foxy/install/ros2interface:/home/hyunjong/ros2_foxy/install/ros2doctor:/home/hyunjong/ros2_foxy/install/ros2action:/home/hyunjong/ros2_foxy/install/ros2cli:/home/hyunjong/ros2_foxy/install/quality_of_service_demo_py:/home/hyunjong/ros2_foxy/install/launch_testing_ros:/home/hyunjong/ros2_foxy/install/launch_ros:/home/hyunjong/ros2_foxy/install/examples_rclpy_minimal_subscriber:/home/hyunjong/ros2_foxy/install/examples_rclpy_minimal_service:/home/hyunjong/ros2_foxy/install/examples_rclpy_minimal_publisher:/home/hyunjong/ros2_foxy/install/examples_rclpy_minimal_client:/home/hyunjong/ros2_foxy/install/examples_rclpy_minimal_action_server:/home/hyunjong/ros2_foxy/install/examples_rclpy_minimal_action_client:/home/hyunjong/ros2_foxy/install/examples_rclpy_executors:/home/hyunjong/ros2_foxy/install/demo_nodes_py:/home/hyunjong/ros2_foxy/install/action_tutorials_py:/home/hyunjong/ros2_foxy/install/ament_uncrustify:/home/hyunjong/ros2_foxy/install/tracetools_trace:/home/hyunjong/ros2_foxy/install/tracetools_read:/home/hyunjong/ros2_foxy/install/test_launch_ros:/home/hyunjong/ros2_foxy/install/rpyutils:/home/hyunjong/ros2_foxy/install/rosidl_runtime_py:/home/hyunjong/ros2_foxy/install/launch_yaml:/home/hyunjong/ros2_foxy/install/launch_xml:/home/hyunjong/ros2_foxy/install/launch_testing:/home/hyunjong/ros2_foxy/install/launch:/home/hyunjong/ros2_foxy/install/osrf_pycommon:/home/hyunjong/ros2_foxy/install/domain_coordinator:/home/hyunjong/ros2_foxy/install/ament_xmllint:/home/hyunjong/ros2_foxy/install/ament_pyflakes:/home/hyunjong/ros2_foxy/install/ament_pycodestyle:/home/hyunjong/ros2_foxy/install/ament_pep257:/home/hyunjong/ros2_foxy/install/ament_pclint:/home/hyunjong/ros2_foxy/install/ament_package:/home/hyunjong/ros2_foxy/install/ament_mypy:/home/hyunjong/ros2_foxy/install/ament_lint_cmake:/home/hyunjong/ros2_foxy/install/ament_flake8:/home/hyunjong/ros2_foxy/install/ament_copyright:/home/hyunjong/ros2_foxy/install/ament_lint:/home/hyunjong/ros2_foxy/install/ament_index_python:/home/hyunjong/ros2_foxy/install/ament_cpplint:/home/hyunjong/ros2_foxy/install/ament_cppcheck:/home/hyunjong/ros2_foxy/install/ament_clang_tidy:/home/hyunjong/ros2_foxy/install/ament_clang_format /usr/bin/cmake --install /home/hyunjong/ros2_ws/build/more_interfaces
[4.444s] -- Install configuration: ""
[4.444s] -- Up-to-date: /home/hyunjong/ros2_ws/install/more_interfaces/share/ament_index/resource_index/rosidl_interfaces/more_interfaces
[4.444s] -- Up-to-date: /home/hyunjong/ros2_ws/install/more_interfaces/include/more_interfaces
[4.444s] -- Up-to-date: /home/hyunjong/ros2_ws/install/more_interfaces/include/more_interfaces/msg
[4.445s] -- Up-to-date: /home/hyunjong/ros2_ws/install/more_interfaces/include/more_interfaces/msg/address_book.h
[4.445s] -- Up-to-date: /home/hyunjong/ros2_ws/install/more_interfaces/include/more_interfaces/msg/detail
[4.445s] -- Up-to-date: /home/hyunjong/ros2_ws/install/more_interfaces/include/more_interfaces/msg/detail/address_book__type_support.h
[4.445s] -- Up-to-date: /home/hyunjong/ros2_ws/install/more_interfaces/include/more_interfaces/msg/detail/address_book__functions.c
[4.445s] -- Up-to-date: /home/hyunjong/ros2_ws/install/more_interfaces/include/more_interfaces/msg/detail/address_book__struct.h
[4.445s] -- Up-to-date: /home/hyunjong/ros2_ws/install/more_interfaces/include/more_interfaces/msg/detail/address_book__functions.h
[4.445s] -- Up-to-date: /home/hyunjong/ros2_ws/install/more_interfaces/include/more_interfaces/msg/rosidl_generator_c__visibility_control.h
[4.445s] -- Up-to-date: /home/hyunjong/ros2_ws/install/more_interfaces/share/more_interfaces/environment/library_path.sh
[4.445s] -- Installing: /home/hyunjong/ros2_ws/install/more_interfaces/share/more_interfaces/environment/library_path.dsv
[4.445s] -- Up-to-date: /home/hyunjong/ros2_ws/install/more_interfaces/lib/libmore_interfaces__rosidl_generator_c.so
[4.445s] -- Up-to-date: /home/hyunjong/ros2_ws/install/more_interfaces/include/more_interfaces
[4.445s] -- Up-to-date: /home/hyunjong/ros2_ws/install/more_interfaces/include/more_interfaces/msg
[4.445s] -- Up-to-date: /home/hyunjong/ros2_ws/install/more_interfaces/include/more_interfaces/msg/rosidl_typesupport_introspection_c__visibility_control.h
[4.445s] -- Up-to-date: /home/hyunjong/ros2_ws/install/more_interfaces/include/more_interfaces/msg/detail
[4.445s] -- Up-to-date: /home/hyunjong/ros2_ws/install/more_interfaces/include/more_interfaces/msg/detail/address_book__rosidl_typesupport_introspection_c.h
[4.445s] -- Up-to-date: /home/hyunjong/ros2_ws/install/more_interfaces/include/more_interfaces/msg/detail/address_book__type_support.c
[4.446s] -- Up-to-date: /home/hyunjong/ros2_ws/install/more_interfaces/lib/libmore_interfaces__rosidl_typesupport_introspection_c.so
[4.446s] -- Up-to-date: /home/hyunjong/ros2_ws/install/more_interfaces/include/more_interfaces
[4.446s] -- Up-to-date: /home/hyunjong/ros2_ws/install/more_interfaces/include/more_interfaces/msg
[4.446s] -- Up-to-date: /home/hyunjong/ros2_ws/install/more_interfaces/include/more_interfaces/msg/detail
[4.446s] -- Up-to-date: /home/hyunjong/ros2_ws/install/more_interfaces/include/more_interfaces/msg/detail/address_book__rosidl_typesupport_fastrtps_c.h
[4.446s] -- Up-to-date: /home/hyunjong/ros2_ws/install/more_interfaces/include/more_interfaces/msg/rosidl_typesupport_fastrtps_c__visibility_control.h
[4.446s] -- Up-to-date: /home/hyunjong/ros2_ws/install/more_interfaces/lib/libmore_interfaces__rosidl_typesupport_fastrtps_c.so
[4.446s] -- Up-to-date: /home/hyunjong/ros2_ws/install/more_interfaces/include/more_interfaces
[4.446s] -- Up-to-date: /home/hyunjong/ros2_ws/install/more_interfaces/include/more_interfaces/msg
[4.446s] -- Up-to-date: /home/hyunjong/ros2_ws/install/more_interfaces/include/more_interfaces/msg/detail
[4.446s] -- Up-to-date: /home/hyunjong/ros2_ws/install/more_interfaces/include/more_interfaces/msg/detail/address_book__rosidl_typesupport_fastrtps_cpp.hpp
[4.446s] -- Up-to-date: /home/hyunjong/ros2_ws/install/more_interfaces/include/more_interfaces/msg/detail/dds_fastrtps
[4.446s] -- Up-to-date: /home/hyunjong/ros2_ws/install/more_interfaces/include/more_interfaces/msg/rosidl_typesupport_fastrtps_cpp__visibility_control.h
[4.446s] -- Up-to-date: /home/hyunjong/ros2_ws/install/more_interfaces/lib/libmore_interfaces__rosidl_typesupport_fastrtps_cpp.so
[4.446s] -- Up-to-date: /home/hyunjong/ros2_ws/install/more_interfaces/lib/libmore_interfaces__rosidl_typesupport_c.so
[4.446s] -- Up-to-date: /home/hyunjong/ros2_ws/install/more_interfaces/include/more_interfaces
[4.447s] -- Up-to-date: /home/hyunjong/ros2_ws/install/more_interfaces/include/more_interfaces/msg
[4.447s] -- Up-to-date: /home/hyunjong/ros2_ws/install/more_interfaces/include/more_interfaces/msg/detail
[4.447s] -- Up-to-date: /home/hyunjong/ros2_ws/install/more_interfaces/include/more_interfaces/msg/detail/address_book__struct.hpp
[4.447s] -- Up-to-date: /home/hyunjong/ros2_ws/install/more_interfaces/include/more_interfaces/msg/detail/address_book__builder.hpp
[4.447s] -- Up-to-date: /home/hyunjong/ros2_ws/install/more_interfaces/include/more_interfaces/msg/detail/address_book__traits.hpp
[4.447s] -- Up-to-date: /home/hyunjong/ros2_ws/install/more_interfaces/include/more_interfaces/msg/address_book.hpp
[4.447s] -- Up-to-date: /home/hyunjong/ros2_ws/install/more_interfaces/include/more_interfaces
[4.447s] -- Up-to-date: /home/hyunjong/ros2_ws/install/more_interfaces/include/more_interfaces/msg
[4.447s] -- Up-to-date: /home/hyunjong/ros2_ws/install/more_interfaces/include/more_interfaces/msg/detail
[4.447s] -- Up-to-date: /home/hyunjong/ros2_ws/install/more_interfaces/include/more_interfaces/msg/detail/address_book__rosidl_typesupport_introspection_cpp.hpp
[4.447s] -- Up-to-date: /home/hyunjong/ros2_ws/install/more_interfaces/include/more_interfaces/msg/detail/address_book__type_support.cpp
[4.447s] -- Up-to-date: /home/hyunjong/ros2_ws/install/more_interfaces/lib/libmore_interfaces__rosidl_typesupport_introspection_cpp.so
[4.447s] -- Up-to-date: /home/hyunjong/ros2_ws/install/more_interfaces/lib/libmore_interfaces__rosidl_typesupport_cpp.so
[4.448s] -- Up-to-date: /home/hyunjong/ros2_ws/install/more_interfaces/share/more_interfaces/environment/pythonpath.sh
[4.448s] -- Installing: /home/hyunjong/ros2_ws/install/more_interfaces/share/more_interfaces/environment/pythonpath.dsv
[4.448s] -- Installing: /home/hyunjong/ros2_ws/install/more_interfaces/lib/python3.8/site-packages/more_interfaces/__init__.py
[4.760s] Compiling '/home/hyunjong/ros2_ws/install/more_interfaces/lib/python3.8/site-packages/more_interfaces/__init__.py'...
[4.763s] -- Up-to-date: /home/hyunjong/ros2_ws/install/more_interfaces/lib/python3.8/site-packages/more_interfaces/msg
[4.763s] -- Up-to-date: /home/hyunjong/ros2_ws/install/more_interfaces/lib/python3.8/site-packages/more_interfaces/msg/_address_book_s.c
[4.764s] -- Up-to-date: /home/hyunjong/ros2_ws/install/more_interfaces/lib/python3.8/site-packages/more_interfaces/msg/__init__.py
[4.764s] -- Up-to-date: /home/hyunjong/ros2_ws/install/more_interfaces/lib/python3.8/site-packages/more_interfaces/msg/_address_book.py
[4.764s] -- Up-to-date: /home/hyunjong/ros2_ws/install/more_interfaces/lib/python3.8/site-packages/more_interfaces/more_interfaces_s__rosidl_typesupport_introspection_c.cpython-38-x86_64-linux-gnu.so
[4.764s] -- Up-to-date: /home/hyunjong/ros2_ws/install/more_interfaces/lib/python3.8/site-packages/more_interfaces/more_interfaces_s__rosidl_typesupport_fastrtps_c.cpython-38-x86_64-linux-gnu.so
[4.765s] -- Up-to-date: /home/hyunjong/ros2_ws/install/more_interfaces/lib/python3.8/site-packages/more_interfaces/more_interfaces_s__rosidl_typesupport_c.cpython-38-x86_64-linux-gnu.so
[4.765s] -- Up-to-date: /home/hyunjong/ros2_ws/install/more_interfaces/lib/libmore_interfaces__python.so
[4.765s] -- Up-to-date: /home/hyunjong/ros2_ws/install/more_interfaces/share/more_interfaces/msg/AddressBook.idl
[4.765s] -- Up-to-date: /home/hyunjong/ros2_ws/install/more_interfaces/share/more_interfaces/msg/AddressBook.msg
[4.766s] -- Up-to-date: /home/hyunjong/ros2_ws/install/more_interfaces/lib/more_interfaces/publish_address_book
[4.766s] -- Up-to-date: /home/hyunjong/ros2_ws/install/more_interfaces/share/ament_index/resource_index/package_run_dependencies/more_interfaces
[4.766s] -- Up-to-date: /home/hyunjong/ros2_ws/install/more_interfaces/share/ament_index/resource_index/parent_prefix_path/more_interfaces
[4.766s] -- Installing: /home/hyunjong/ros2_ws/install/more_interfaces/share/more_interfaces/environment/ament_prefix_path.dsv
[4.766s] -- Installing: /home/hyunjong/ros2_ws/install/more_interfaces/share/more_interfaces/environment/path.dsv
[4.766s] -- Up-to-date: /home/hyunjong/ros2_ws/install/more_interfaces/share/more_interfaces/local_setup.bash
[4.766s] -- Up-to-date: /home/hyunjong/ros2_ws/install/more_interfaces/share/more_interfaces/local_setup.sh
[4.767s] -- Up-to-date: /home/hyunjong/ros2_ws/install/more_interfaces/share/more_interfaces/local_setup.zsh
[4.767s] -- Installing: /home/hyunjong/ros2_ws/install/more_interfaces/share/more_interfaces/local_setup.dsv
[4.767s] -- Installing: /home/hyunjong/ros2_ws/install/more_interfaces/share/more_interfaces/package.dsv
[4.767s] -- Up-to-date: /home/hyunjong/ros2_ws/install/more_interfaces/share/ament_index/resource_index/packages/more_interfaces
[4.767s] -- Up-to-date: /home/hyunjong/ros2_ws/install/more_interfaces/share/more_interfaces/cmake/more_interfaces__rosidl_generator_cExport.cmake
[4.767s] -- Installing: /home/hyunjong/ros2_ws/install/more_interfaces/share/more_interfaces/cmake/more_interfaces__rosidl_generator_cExport-noconfig.cmake
[4.767s] -- Up-to-date: /home/hyunjong/ros2_ws/install/more_interfaces/share/more_interfaces/cmake/more_interfaces__rosidl_typesupport_introspection_cExport.cmake
[4.767s] -- Installing: /home/hyunjong/ros2_ws/install/more_interfaces/share/more_interfaces/cmake/more_interfaces__rosidl_typesupport_introspection_cExport-noconfig.cmake
[4.767s] -- Up-to-date: /home/hyunjong/ros2_ws/install/more_interfaces/share/more_interfaces/cmake/more_interfaces__rosidl_typesupport_cExport.cmake
[4.768s] -- Installing: /home/hyunjong/ros2_ws/install/more_interfaces/share/more_interfaces/cmake/more_interfaces__rosidl_typesupport_cExport-noconfig.cmake
[4.768s] -- Up-to-date: /home/hyunjong/ros2_ws/install/more_interfaces/share/more_interfaces/cmake/more_interfaces__rosidl_generator_cppExport.cmake
[4.768s] -- Up-to-date: /home/hyunjong/ros2_ws/install/more_interfaces/share/more_interfaces/cmake/more_interfaces__rosidl_typesupport_introspection_cppExport.cmake
[4.768s] -- Installing: /home/hyunjong/ros2_ws/install/more_interfaces/share/more_interfaces/cmake/more_interfaces__rosidl_typesupport_introspection_cppExport-noconfig.cmake
[4.768s] -- Up-to-date: /home/hyunjong/ros2_ws/install/more_interfaces/share/more_interfaces/cmake/more_interfaces__rosidl_typesupport_cppExport.cmake
[4.769s] -- Installing: /home/hyunjong/ros2_ws/install/more_interfaces/share/more_interfaces/cmake/more_interfaces__rosidl_typesupport_cppExport-noconfig.cmake
[4.769s] -- Up-to-date: /home/hyunjong/ros2_ws/install/more_interfaces/share/more_interfaces/cmake/rosidl_cmake-extras.cmake
[4.769s] -- Up-to-date: /home/hyunjong/ros2_ws/install/more_interfaces/share/more_interfaces/cmake/ament_cmake_export_dependencies-extras.cmake
[4.769s] -- Up-to-date: /home/hyunjong/ros2_ws/install/more_interfaces/share/more_interfaces/cmake/ament_cmake_export_libraries-extras.cmake
[4.769s] -- Up-to-date: /home/hyunjong/ros2_ws/install/more_interfaces/share/more_interfaces/cmake/ament_cmake_export_targets-extras.cmake
[4.769s] -- Up-to-date: /home/hyunjong/ros2_ws/install/more_interfaces/share/more_interfaces/cmake/ament_cmake_export_include_directories-extras.cmake
[4.769s] -- Up-to-date: /home/hyunjong/ros2_ws/install/more_interfaces/share/more_interfaces/cmake/rosidl_cmake_export_typesupport_targets-extras.cmake
[4.769s] -- Up-to-date: /home/hyunjong/ros2_ws/install/more_interfaces/share/more_interfaces/cmake/rosidl_cmake_export_typesupport_libraries-extras.cmake
[4.769s] -- Up-to-date: /home/hyunjong/ros2_ws/install/more_interfaces/share/more_interfaces/cmake/more_interfacesConfig.cmake
[4.769s] -- Up-to-date: /home/hyunjong/ros2_ws/install/more_interfaces/share/more_interfaces/cmake/more_interfacesConfig-version.cmake
[4.769s] -- Up-to-date: /home/hyunjong/ros2_ws/install/more_interfaces/share/more_interfaces/package.xml
[4.772s] Invoked command in '/home/hyunjong/ros2_ws/build/more_interfaces' returned '0': CMAKE_PREFIX_PATH=${CMAKE_PREFIX_PATH}:/home/hyunjong/ros2_foxy/install/ros2bag:/home/hyunjong/ros2_foxy/install/tracetools_launch:/home/hyunjong/ros2_foxy/install/topic_monitor:/home/hyunjong/ros2_foxy/install/examples_tf2_py:/home/hyunjong/ros2_foxy/install/sros2:/home/hyunjong/ros2_foxy/install/rqt_topic:/home/hyunjong/ros2_foxy/install/rqt_reconfigure:/home/hyunjong/ros2_foxy/install/rqt_action:/home/hyunjong/ros2_foxy/install/rqt:/home/hyunjong/ros2_foxy/install/rqt_graph:/home/hyunjong/ros2_foxy/install/rqt_gui_py:/home/hyunjong/ros2_foxy/install/rqt_gui:/home/hyunjong/ros2_foxy/install/ros2trace:/home/hyunjong/ros2_foxy/install/ros2topic:/home/hyunjong/ros2_foxy/install/ros2test:/home/hyunjong/ros2_foxy/install/ros2component:/home/hyunjong/ros2_foxy/install/ros2param:/home/hyunjong/ros2_foxy/install/ros2lifecycle:/home/hyunjong/ros2_foxy/install/ros2service:/home/hyunjong/ros2_foxy/install/ros2run:/home/hyunjong/ros2_foxy/install/ros2launch:/home/hyunjong/ros2_foxy/install/ros2pkg:/home/hyunjong/ros2_foxy/install/ros2node:/home/hyunjong/ros2_foxy/install/ros2multicast:/home/hyunjong/ros2_foxy/install/ros2interface:/home/hyunjong/ros2_foxy/install/ros2doctor:/home/hyunjong/ros2_foxy/install/ros2action:/home/hyunjong/ros2_foxy/install/ros2cli:/home/hyunjong/ros2_foxy/install/quality_of_service_demo_py:/home/hyunjong/ros2_foxy/install/launch_testing_ros:/home/hyunjong/ros2_foxy/install/launch_ros:/home/hyunjong/ros2_foxy/install/examples_rclpy_minimal_subscriber:/home/hyunjong/ros2_foxy/install/examples_rclpy_minimal_service:/home/hyunjong/ros2_foxy/install/examples_rclpy_minimal_publisher:/home/hyunjong/ros2_foxy/install/examples_rclpy_minimal_client:/home/hyunjong/ros2_foxy/install/examples_rclpy_minimal_action_server:/home/hyunjong/ros2_foxy/install/examples_rclpy_minimal_action_client:/home/hyunjong/ros2_foxy/install/examples_rclpy_executors:/home/hyunjong/ros2_foxy/install/demo_nodes_py:/home/hyunjong/ros2_foxy/install/action_tutorials_py:/home/hyunjong/ros2_foxy/install/ament_uncrustify:/home/hyunjong/ros2_foxy/install/tracetools_trace:/home/hyunjong/ros2_foxy/install/tracetools_read:/home/hyunjong/ros2_foxy/install/test_launch_ros:/home/hyunjong/ros2_foxy/install/rpyutils:/home/hyunjong/ros2_foxy/install/rosidl_runtime_py:/home/hyunjong/ros2_foxy/install/launch_yaml:/home/hyunjong/ros2_foxy/install/launch_xml:/home/hyunjong/ros2_foxy/install/launch_testing:/home/hyunjong/ros2_foxy/install/launch:/home/hyunjong/ros2_foxy/install/osrf_pycommon:/home/hyunjong/ros2_foxy/install/domain_coordinator:/home/hyunjong/ros2_foxy/install/ament_xmllint:/home/hyunjong/ros2_foxy/install/ament_pyflakes:/home/hyunjong/ros2_foxy/install/ament_pycodestyle:/home/hyunjong/ros2_foxy/install/ament_pep257:/home/hyunjong/ros2_foxy/install/ament_pclint:/home/hyunjong/ros2_foxy/install/ament_package:/home/hyunjong/ros2_foxy/install/ament_mypy:/home/hyunjong/ros2_foxy/install/ament_lint_cmake:/home/hyunjong/ros2_foxy/install/ament_flake8:/home/hyunjong/ros2_foxy/install/ament_copyright:/home/hyunjong/ros2_foxy/install/ament_lint:/home/hyunjong/ros2_foxy/install/ament_index_python:/home/hyunjong/ros2_foxy/install/ament_cpplint:/home/hyunjong/ros2_foxy/install/ament_cppcheck:/home/hyunjong/ros2_foxy/install/ament_clang_tidy:/home/hyunjong/ros2_foxy/install/ament_clang_format /usr/bin/cmake --install /home/hyunjong/ros2_ws/build/more_interfaces
