[0.032s] Invoking command in '/home/hyunjong/ros2_ws/build/tutorial_interfaces': CMAKE_PREFIX_PATH=${CMAKE_PREFIX_PATH}:/home/hyunjong/ros2_foxy/install/ros2bag:/home/hyunjong/ros2_foxy/install/tracetools_launch:/home/hyunjong/ros2_foxy/install/topic_monitor:/home/hyunjong/ros2_foxy/install/examples_tf2_py:/home/hyunjong/ros2_foxy/install/sros2:/home/hyunjong/ros2_foxy/install/rqt_topic:/home/hyunjong/ros2_foxy/install/rqt_reconfigure:/home/hyunjong/ros2_foxy/install/rqt_action:/home/hyunjong/ros2_foxy/install/rqt:/home/hyunjong/ros2_foxy/install/rqt_graph:/home/hyunjong/ros2_foxy/install/rqt_gui_py:/home/hyunjong/ros2_foxy/install/rqt_gui:/home/hyunjong/ros2_foxy/install/ros2trace:/home/hyunjong/ros2_foxy/install/ros2topic:/home/hyunjong/ros2_foxy/install/ros2test:/home/hyunjong/ros2_foxy/install/ros2component:/home/hyunjong/ros2_foxy/install/ros2param:/home/hyunjong/ros2_foxy/install/ros2lifecycle:/home/hyunjong/ros2_foxy/install/ros2service:/home/hyunjong/ros2_foxy/install/ros2run:/home/hyunjong/ros2_foxy/install/ros2launch:/home/hyunjong/ros2_foxy/install/ros2pkg:/home/hyunjong/ros2_foxy/install/ros2node:/home/hyunjong/ros2_foxy/install/ros2multicast:/home/hyunjong/ros2_foxy/install/ros2interface:/home/hyunjong/ros2_foxy/install/ros2doctor:/home/hyunjong/ros2_foxy/install/ros2action:/home/hyunjong/ros2_foxy/install/ros2cli:/home/hyunjong/ros2_foxy/install/quality_of_service_demo_py:/home/hyunjong/ros2_foxy/install/launch_testing_ros:/home/hyunjong/ros2_foxy/install/launch_ros:/home/hyunjong/ros2_foxy/install/examples_rclpy_minimal_subscriber:/home/hyunjong/ros2_foxy/install/examples_rclpy_minimal_service:/home/hyunjong/ros2_foxy/install/examples_rclpy_minimal_publisher:/home/hyunjong/ros2_foxy/install/examples_rclpy_minimal_client:/home/hyunjong/ros2_foxy/install/examples_rclpy_minimal_action_server:/home/hyunjong/ros2_foxy/install/examples_rclpy_minimal_action_client:/home/hyunjong/ros2_foxy/install/examples_rclpy_executors:/home/hyunjong/ros2_foxy/install/demo_nodes_py:/home/hyunjong/ros2_foxy/install/action_tutorials_py:/home/hyunjong/ros2_foxy/install/ament_uncrustify:/home/hyunjong/ros2_foxy/install/tracetools_trace:/home/hyunjong/ros2_foxy/install/tracetools_read:/home/hyunjong/ros2_foxy/install/test_launch_ros:/home/hyunjong/ros2_foxy/install/rpyutils:/home/hyunjong/ros2_foxy/install/rosidl_runtime_py:/home/hyunjong/ros2_foxy/install/launch_yaml:/home/hyunjong/ros2_foxy/install/launch_xml:/home/hyunjong/ros2_foxy/install/launch_testing:/home/hyunjong/ros2_foxy/install/launch:/home/hyunjong/ros2_foxy/install/osrf_pycommon:/home/hyunjong/ros2_foxy/install/domain_coordinator:/home/hyunjong/ros2_foxy/install/ament_xmllint:/home/hyunjong/ros2_foxy/install/ament_pyflakes:/home/hyunjong/ros2_foxy/install/ament_pycodestyle:/home/hyunjong/ros2_foxy/install/ament_pep257:/home/hyunjong/ros2_foxy/install/ament_pclint:/home/hyunjong/ros2_foxy/install/ament_package:/home/hyunjong/ros2_foxy/install/ament_mypy:/home/hyunjong/ros2_foxy/install/ament_lint_cmake:/home/hyunjong/ros2_foxy/install/ament_flake8:/home/hyunjong/ros2_foxy/install/ament_copyright:/home/hyunjong/ros2_foxy/install/ament_lint:/home/hyunjong/ros2_foxy/install/ament_index_python:/home/hyunjong/ros2_foxy/install/ament_cpplint:/home/hyunjong/ros2_foxy/install/ament_cppcheck:/home/hyunjong/ros2_foxy/install/ament_clang_tidy:/home/hyunjong/ros2_foxy/install/ament_clang_format /usr/bin/cmake /home/hyunjong/ros2_ws/src/tutorial_interfaces -DCMAKE_INSTALL_PREFIX=/home/hyunjong/ros2_ws/install/tutorial_interfaces
[0.058s] -- Found rosidl_default_generators: 1.0.0 (/home/hyunjong/ros2_foxy/install/rosidl_default_generators/share/rosidl_default_generators/cmake)
[0.058s] -- Found ament_cmake_core: 0.9.6 (/home/hyunjong/ros2_foxy/install/ament_cmake_core/share/ament_cmake_core/cmake)
[0.328s] -- Found PythonInterp: /usr/bin/python3 (found suitable version "3.8.2", minimum required is "3") 
[0.328s] -- Using PYTHON_EXECUTABLE: /usr/bin/python3
[0.878s] -- Using all available rosidl_typesupport_c: rosidl_typesupport_introspection_c;rosidl_typesupport_fastrtps_c
[0.881s] -- Found rosidl_adapter: 1.0.1 (/home/hyunjong/ros2_foxy/install/rosidl_adapter/share/rosidl_adapter/cmake)
[1.065s] -- Using all available rosidl_typesupport_cpp: rosidl_typesupport_introspection_cpp;rosidl_typesupport_fastrtps_cpp
[1.348s] -- Found PythonInterp: /usr/bin/python3 (found version "3.8.2") 
[1.822s] CMake Error at /home/hyunjong/ros2_foxy/install/rosidl_adapter/share/rosidl_adapter/cmake/rosidl_adapt_interfaces.cmake:60 (message):
[1.822s]   execute_process(/usr/bin/python3 -m rosidl_adapter --package-name
[1.823s]   tutorial_interfaces --arguments-file
[1.823s]   /home/hyunjong/ros2_ws/build/tutorial_interfaces/rosidl_adapter__arguments__tutorial_interfaces.json
[1.823s]   --output-dir
[1.823s]   /home/hyunjong/ros2_ws/build/tutorial_interfaces/rosidl_adapter/tutorial_interfaces
[1.823s]   --output-file
[1.823s]   /home/hyunjong/ros2_ws/build/tutorial_interfaces/rosidl_adapter/tutorial_interfaces.idls)
[1.823s]   returned error code 1:
[1.823s] 
[1.823s]   Error with: tutorial_interfaces AddThreeInts_Request int64	a
[1.823s] 
[1.823s]   Traceback (most recent call last):
[1.823s] 
[1.823s]     File "/usr/lib/python3.8/runpy.py", line 193, in _run_module_as_main
[1.823s]       return _run_code(code, main_globals, None,
[1.823s]     File "/usr/lib/python3.8/runpy.py", line 86, in _run_code
[1.823s]       exec(code, run_globals)
[1.823s]     File "/home/hyunjong/ros2_foxy/install/rosidl_adapter/lib/python3.8/site-packages/rosidl_adapter/__main__.py", line 19, in <module>
[1.824s]       sys.exit(main())
[1.824s]     File "/home/hyunjong/ros2_foxy/install/rosidl_adapter/lib/python3.8/site-packages/rosidl_adapter/main.py", line 53, in main
[1.824s]       abs_idl_file = convert_to_idl(
[1.824s]     File "/home/hyunjong/ros2_foxy/install/rosidl_adapter/lib/python3.8/site-packages/rosidl_adapter/__init__.py", line 24, in convert_to_idl
[1.824s]       return convert_srv_to_idl(
[1.824s]     File "/home/hyunjong/ros2_foxy/install/rosidl_adapter/lib/python3.8/site-packages/rosidl_adapter/srv/__init__.py", line 28, in convert_srv_to_idl
[1.824s]       srv = parse_service_string(package_name, input_file.stem, content)
[1.824s]     File "/home/hyunjong/ros2_foxy/install/rosidl_adapter/lib/python3.8/site-packages/rosidl_adapter/parser.py", line 836, in parse_service_string
[1.824s]       request_message = parse_message_string(
[1.824s]     File "/home/hyunjong/ros2_foxy/install/rosidl_adapter/lib/python3.8/site-packages/rosidl_adapter/parser.py", line 497, in parse_message_string
[1.824s]       raise InvalidFieldDefinition(line)
[1.824s] 
[1.824s]   rosidl_adapter.parser.InvalidFieldDefinition: int64	a
[1.824s] 
[1.824s] Call Stack (most recent call first):
[1.824s]   /home/hyunjong/ros2_foxy/install/rosidl_cmake/share/rosidl_cmake/cmake/rosidl_generate_interfaces.cmake:130 (rosidl_adapt_interfaces)
[1.825s]   CMakeLists.txt:6 (rosidl_generate_interfaces)
[1.825s] 
[1.825s] 
[1.825s] -- Configuring incomplete, errors occurred!
[1.825s] See also "/home/hyunjong/ros2_ws/build/tutorial_interfaces/CMakeFiles/CMakeOutput.log".
[1.829s] Invoked command in '/home/hyunjong/ros2_ws/build/tutorial_interfaces' returned '1': CMAKE_PREFIX_PATH=${CMAKE_PREFIX_PATH}:/home/hyunjong/ros2_foxy/install/ros2bag:/home/hyunjong/ros2_foxy/install/tracetools_launch:/home/hyunjong/ros2_foxy/install/topic_monitor:/home/hyunjong/ros2_foxy/install/examples_tf2_py:/home/hyunjong/ros2_foxy/install/sros2:/home/hyunjong/ros2_foxy/install/rqt_topic:/home/hyunjong/ros2_foxy/install/rqt_reconfigure:/home/hyunjong/ros2_foxy/install/rqt_action:/home/hyunjong/ros2_foxy/install/rqt:/home/hyunjong/ros2_foxy/install/rqt_graph:/home/hyunjong/ros2_foxy/install/rqt_gui_py:/home/hyunjong/ros2_foxy/install/rqt_gui:/home/hyunjong/ros2_foxy/install/ros2trace:/home/hyunjong/ros2_foxy/install/ros2topic:/home/hyunjong/ros2_foxy/install/ros2test:/home/hyunjong/ros2_foxy/install/ros2component:/home/hyunjong/ros2_foxy/install/ros2param:/home/hyunjong/ros2_foxy/install/ros2lifecycle:/home/hyunjong/ros2_foxy/install/ros2service:/home/hyunjong/ros2_foxy/install/ros2run:/home/hyunjong/ros2_foxy/install/ros2launch:/home/hyunjong/ros2_foxy/install/ros2pkg:/home/hyunjong/ros2_foxy/install/ros2node:/home/hyunjong/ros2_foxy/install/ros2multicast:/home/hyunjong/ros2_foxy/install/ros2interface:/home/hyunjong/ros2_foxy/install/ros2doctor:/home/hyunjong/ros2_foxy/install/ros2action:/home/hyunjong/ros2_foxy/install/ros2cli:/home/hyunjong/ros2_foxy/install/quality_of_service_demo_py:/home/hyunjong/ros2_foxy/install/launch_testing_ros:/home/hyunjong/ros2_foxy/install/launch_ros:/home/hyunjong/ros2_foxy/install/examples_rclpy_minimal_subscriber:/home/hyunjong/ros2_foxy/install/examples_rclpy_minimal_service:/home/hyunjong/ros2_foxy/install/examples_rclpy_minimal_publisher:/home/hyunjong/ros2_foxy/install/examples_rclpy_minimal_client:/home/hyunjong/ros2_foxy/install/examples_rclpy_minimal_action_server:/home/hyunjong/ros2_foxy/install/examples_rclpy_minimal_action_client:/home/hyunjong/ros2_foxy/install/examples_rclpy_executors:/home/hyunjong/ros2_foxy/install/demo_nodes_py:/home/hyunjong/ros2_foxy/install/action_tutorials_py:/home/hyunjong/ros2_foxy/install/ament_uncrustify:/home/hyunjong/ros2_foxy/install/tracetools_trace:/home/hyunjong/ros2_foxy/install/tracetools_read:/home/hyunjong/ros2_foxy/install/test_launch_ros:/home/hyunjong/ros2_foxy/install/rpyutils:/home/hyunjong/ros2_foxy/install/rosidl_runtime_py:/home/hyunjong/ros2_foxy/install/launch_yaml:/home/hyunjong/ros2_foxy/install/launch_xml:/home/hyunjong/ros2_foxy/install/launch_testing:/home/hyunjong/ros2_foxy/install/launch:/home/hyunjong/ros2_foxy/install/osrf_pycommon:/home/hyunjong/ros2_foxy/install/domain_coordinator:/home/hyunjong/ros2_foxy/install/ament_xmllint:/home/hyunjong/ros2_foxy/install/ament_pyflakes:/home/hyunjong/ros2_foxy/install/ament_pycodestyle:/home/hyunjong/ros2_foxy/install/ament_pep257:/home/hyunjong/ros2_foxy/install/ament_pclint:/home/hyunjong/ros2_foxy/install/ament_package:/home/hyunjong/ros2_foxy/install/ament_mypy:/home/hyunjong/ros2_foxy/install/ament_lint_cmake:/home/hyunjong/ros2_foxy/install/ament_flake8:/home/hyunjong/ros2_foxy/install/ament_copyright:/home/hyunjong/ros2_foxy/install/ament_lint:/home/hyunjong/ros2_foxy/install/ament_index_python:/home/hyunjong/ros2_foxy/install/ament_cpplint:/home/hyunjong/ros2_foxy/install/ament_cppcheck:/home/hyunjong/ros2_foxy/install/ament_clang_tidy:/home/hyunjong/ros2_foxy/install/ament_clang_format /usr/bin/cmake /home/hyunjong/ros2_ws/src/tutorial_interfaces -DCMAKE_INSTALL_PREFIX=/home/hyunjong/ros2_ws/install/tutorial_interfaces
