[0.032s] Invoking command in '/home/hyunjong/ros2_ws/build/tutorial_interfaces': CMAKE_PREFIX_PATH=${CMAKE_PREFIX_PATH}:/home/hyunjong/ros2_foxy/install/ros2bag:/home/hyunjong/ros2_foxy/install/tracetools_launch:/home/hyunjong/ros2_foxy/install/topic_monitor:/home/hyunjong/ros2_foxy/install/examples_tf2_py:/home/hyunjong/ros2_foxy/install/sros2:/home/hyunjong/ros2_foxy/install/rqt_topic:/home/hyunjong/ros2_foxy/install/rqt_reconfigure:/home/hyunjong/ros2_foxy/install/rqt_action:/home/hyunjong/ros2_foxy/install/rqt:/home/hyunjong/ros2_foxy/install/rqt_graph:/home/hyunjong/ros2_foxy/install/rqt_gui_py:/home/hyunjong/ros2_foxy/install/rqt_gui:/home/hyunjong/ros2_foxy/install/ros2trace:/home/hyunjong/ros2_foxy/install/ros2topic:/home/hyunjong/ros2_foxy/install/ros2test:/home/hyunjong/ros2_foxy/install/ros2component:/home/hyunjong/ros2_foxy/install/ros2param:/home/hyunjong/ros2_foxy/install/ros2lifecycle:/home/hyunjong/ros2_foxy/install/ros2service:/home/hyunjong/ros2_foxy/install/ros2run:/home/hyunjong/ros2_foxy/install/ros2launch:/home/hyunjong/ros2_foxy/install/ros2pkg:/home/hyunjong/ros2_foxy/install/ros2node:/home/hyunjong/ros2_foxy/install/ros2multicast:/home/hyunjong/ros2_foxy/install/ros2interface:/home/hyunjong/ros2_foxy/install/ros2doctor:/home/hyunjong/ros2_foxy/install/ros2action:/home/hyunjong/ros2_foxy/install/ros2cli:/home/hyunjong/ros2_foxy/install/quality_of_service_demo_py:/home/hyunjong/ros2_foxy/install/launch_testing_ros:/home/hyunjong/ros2_foxy/install/launch_ros:/home/hyunjong/ros2_foxy/install/examples_rclpy_minimal_subscriber:/home/hyunjong/ros2_foxy/install/examples_rclpy_minimal_service:/home/hyunjong/ros2_foxy/install/examples_rclpy_minimal_publisher:/home/hyunjong/ros2_foxy/install/examples_rclpy_minimal_client:/home/hyunjong/ros2_foxy/install/examples_rclpy_minimal_action_server:/home/hyunjong/ros2_foxy/install/examples_rclpy_minimal_action_client:/home/hyunjong/ros2_foxy/install/examples_rclpy_executors:/home/hyunjong/ros2_foxy/install/demo_nodes_py:/home/hyunjong/ros2_foxy/install/action_tutorials_py:/home/hyunjong/ros2_foxy/install/ament_uncrustify:/home/hyunjong/ros2_foxy/install/tracetools_trace:/home/hyunjong/ros2_foxy/install/tracetools_read:/home/hyunjong/ros2_foxy/install/test_launch_ros:/home/hyunjong/ros2_foxy/install/rpyutils:/home/hyunjong/ros2_foxy/install/rosidl_runtime_py:/home/hyunjong/ros2_foxy/install/launch_yaml:/home/hyunjong/ros2_foxy/install/launch_xml:/home/hyunjong/ros2_foxy/install/launch_testing:/home/hyunjong/ros2_foxy/install/launch:/home/hyunjong/ros2_foxy/install/osrf_pycommon:/home/hyunjong/ros2_foxy/install/domain_coordinator:/home/hyunjong/ros2_foxy/install/ament_xmllint:/home/hyunjong/ros2_foxy/install/ament_pyflakes:/home/hyunjong/ros2_foxy/install/ament_pycodestyle:/home/hyunjong/ros2_foxy/install/ament_pep257:/home/hyunjong/ros2_foxy/install/ament_pclint:/home/hyunjong/ros2_foxy/install/ament_package:/home/hyunjong/ros2_foxy/install/ament_mypy:/home/hyunjong/ros2_foxy/install/ament_lint_cmake:/home/hyunjong/ros2_foxy/install/ament_flake8:/home/hyunjong/ros2_foxy/install/ament_copyright:/home/hyunjong/ros2_foxy/install/ament_lint:/home/hyunjong/ros2_foxy/install/ament_index_python:/home/hyunjong/ros2_foxy/install/ament_cpplint:/home/hyunjong/ros2_foxy/install/ament_cppcheck:/home/hyunjong/ros2_foxy/install/ament_clang_tidy:/home/hyunjong/ros2_foxy/install/ament_clang_format /usr/bin/cmake /home/hyunjong/ros2_ws/src/tutorial_interfaces -DCMAKE_INSTALL_PREFIX=/home/hyunjong/ros2_ws/install/tutorial_interfaces
[0.058s] -- Found rosidl_default_generators: 1.0.0 (/home/hyunjong/ros2_foxy/install/rosidl_default_generators/share/rosidl_default_generators/cmake)
[0.058s] -- Found ament_cmake_core: 0.9.6 (/home/hyunjong/ros2_foxy/install/ament_cmake_core/share/ament_cmake_core/cmake)
[0.326s] -- Found PythonInterp: /usr/bin/python3 (found suitable version "3.8.2", minimum required is "3") 
[0.327s] -- Using PYTHON_EXECUTABLE: /usr/bin/python3
[0.872s] -- Using all available rosidl_typesupport_c: rosidl_typesupport_introspection_c;rosidl_typesupport_fastrtps_c
[0.875s] -- Found rosidl_adapter: 1.0.1 (/home/hyunjong/ros2_foxy/install/rosidl_adapter/share/rosidl_adapter/cmake)
[1.056s] -- Using all available rosidl_typesupport_cpp: rosidl_typesupport_introspection_cpp;rosidl_typesupport_fastrtps_cpp
[1.344s] -- Found PythonInterp: /usr/bin/python3 (found version "3.8.2") 
[2.075s] -- Found ament_cmake_ros: 0.9.0 (/home/hyunjong/ros2_foxy/install/ament_cmake_ros/share/ament_cmake_ros/cmake)
[2.403s] -- Using all available rosidl_typesupport_c: rosidl_typesupport_introspection_c;rosidl_typesupport_fastrtps_c
[2.518s] -- Using all available rosidl_typesupport_cpp: rosidl_typesupport_introspection_cpp;rosidl_typesupport_fastrtps_cpp
[2.839s] -- Found PythonInterp: /usr/bin/python3 (found suitable version "3.8.2", minimum required is "3.5") 
[2.852s] -- Found python_cmake_module: 0.8.0 (/home/hyunjong/ros2_foxy/install/python_cmake_module/share/python_cmake_module/cmake)
[3.151s] -- Found PythonLibs: /usr/lib/x86_64-linux-gnu/libpython3.8.so (found suitable version "3.8.2", minimum required is "3.5") 
[3.151s] -- Using PYTHON_EXECUTABLE: /usr/bin/python3
[3.151s] -- Using PYTHON_INCLUDE_DIRS: /usr/include/python3.8
[3.151s] -- Using PYTHON_LIBRARIES: /usr/lib/x86_64-linux-gnu/libpython3.8.so
[3.427s] -- Found PythonExtra: .so  
[4.021s] -- Configuring done
[4.054s] -- Generating done
[4.056s] -- Build files have been written to: /home/hyunjong/ros2_ws/build/tutorial_interfaces
[4.064s] Invoked command in '/home/hyunjong/ros2_ws/build/tutorial_interfaces' returned '0': CMAKE_PREFIX_PATH=${CMAKE_PREFIX_PATH}:/home/hyunjong/ros2_foxy/install/ros2bag:/home/hyunjong/ros2_foxy/install/tracetools_launch:/home/hyunjong/ros2_foxy/install/topic_monitor:/home/hyunjong/ros2_foxy/install/examples_tf2_py:/home/hyunjong/ros2_foxy/install/sros2:/home/hyunjong/ros2_foxy/install/rqt_topic:/home/hyunjong/ros2_foxy/install/rqt_reconfigure:/home/hyunjong/ros2_foxy/install/rqt_action:/home/hyunjong/ros2_foxy/install/rqt:/home/hyunjong/ros2_foxy/install/rqt_graph:/home/hyunjong/ros2_foxy/install/rqt_gui_py:/home/hyunjong/ros2_foxy/install/rqt_gui:/home/hyunjong/ros2_foxy/install/ros2trace:/home/hyunjong/ros2_foxy/install/ros2topic:/home/hyunjong/ros2_foxy/install/ros2test:/home/hyunjong/ros2_foxy/install/ros2component:/home/hyunjong/ros2_foxy/install/ros2param:/home/hyunjong/ros2_foxy/install/ros2lifecycle:/home/hyunjong/ros2_foxy/install/ros2service:/home/hyunjong/ros2_foxy/install/ros2run:/home/hyunjong/ros2_foxy/install/ros2launch:/home/hyunjong/ros2_foxy/install/ros2pkg:/home/hyunjong/ros2_foxy/install/ros2node:/home/hyunjong/ros2_foxy/install/ros2multicast:/home/hyunjong/ros2_foxy/install/ros2interface:/home/hyunjong/ros2_foxy/install/ros2doctor:/home/hyunjong/ros2_foxy/install/ros2action:/home/hyunjong/ros2_foxy/install/ros2cli:/home/hyunjong/ros2_foxy/install/quality_of_service_demo_py:/home/hyunjong/ros2_foxy/install/launch_testing_ros:/home/hyunjong/ros2_foxy/install/launch_ros:/home/hyunjong/ros2_foxy/install/examples_rclpy_minimal_subscriber:/home/hyunjong/ros2_foxy/install/examples_rclpy_minimal_service:/home/hyunjong/ros2_foxy/install/examples_rclpy_minimal_publisher:/home/hyunjong/ros2_foxy/install/examples_rclpy_minimal_client:/home/hyunjong/ros2_foxy/install/examples_rclpy_minimal_action_server:/home/hyunjong/ros2_foxy/install/examples_rclpy_minimal_action_client:/home/hyunjong/ros2_foxy/install/examples_rclpy_executors:/home/hyunjong/ros2_foxy/install/demo_nodes_py:/home/hyunjong/ros2_foxy/install/action_tutorials_py:/home/hyunjong/ros2_foxy/install/ament_uncrustify:/home/hyunjong/ros2_foxy/install/tracetools_trace:/home/hyunjong/ros2_foxy/install/tracetools_read:/home/hyunjong/ros2_foxy/install/test_launch_ros:/home/hyunjong/ros2_foxy/install/rpyutils:/home/hyunjong/ros2_foxy/install/rosidl_runtime_py:/home/hyunjong/ros2_foxy/install/launch_yaml:/home/hyunjong/ros2_foxy/install/launch_xml:/home/hyunjong/ros2_foxy/install/launch_testing:/home/hyunjong/ros2_foxy/install/launch:/home/hyunjong/ros2_foxy/install/osrf_pycommon:/home/hyunjong/ros2_foxy/install/domain_coordinator:/home/hyunjong/ros2_foxy/install/ament_xmllint:/home/hyunjong/ros2_foxy/install/ament_pyflakes:/home/hyunjong/ros2_foxy/install/ament_pycodestyle:/home/hyunjong/ros2_foxy/install/ament_pep257:/home/hyunjong/ros2_foxy/install/ament_pclint:/home/hyunjong/ros2_foxy/install/ament_package:/home/hyunjong/ros2_foxy/install/ament_mypy:/home/hyunjong/ros2_foxy/install/ament_lint_cmake:/home/hyunjong/ros2_foxy/install/ament_flake8:/home/hyunjong/ros2_foxy/install/ament_copyright:/home/hyunjong/ros2_foxy/install/ament_lint:/home/hyunjong/ros2_foxy/install/ament_index_python:/home/hyunjong/ros2_foxy/install/ament_cpplint:/home/hyunjong/ros2_foxy/install/ament_cppcheck:/home/hyunjong/ros2_foxy/install/ament_clang_tidy:/home/hyunjong/ros2_foxy/install/ament_clang_format /usr/bin/cmake /home/hyunjong/ros2_ws/src/tutorial_interfaces -DCMAKE_INSTALL_PREFIX=/home/hyunjong/ros2_ws/install/tutorial_interfaces
[4.065s] Invoking command in '/home/hyunjong/ros2_ws/build/tutorial_interfaces': CMAKE_PREFIX_PATH=${CMAKE_PREFIX_PATH}:/home/hyunjong/ros2_foxy/install/ros2bag:/home/hyunjong/ros2_foxy/install/tracetools_launch:/home/hyunjong/ros2_foxy/install/topic_monitor:/home/hyunjong/ros2_foxy/install/examples_tf2_py:/home/hyunjong/ros2_foxy/install/sros2:/home/hyunjong/ros2_foxy/install/rqt_topic:/home/hyunjong/ros2_foxy/install/rqt_reconfigure:/home/hyunjong/ros2_foxy/install/rqt_action:/home/hyunjong/ros2_foxy/install/rqt:/home/hyunjong/ros2_foxy/install/rqt_graph:/home/hyunjong/ros2_foxy/install/rqt_gui_py:/home/hyunjong/ros2_foxy/install/rqt_gui:/home/hyunjong/ros2_foxy/install/ros2trace:/home/hyunjong/ros2_foxy/install/ros2topic:/home/hyunjong/ros2_foxy/install/ros2test:/home/hyunjong/ros2_foxy/install/ros2component:/home/hyunjong/ros2_foxy/install/ros2param:/home/hyunjong/ros2_foxy/install/ros2lifecycle:/home/hyunjong/ros2_foxy/install/ros2service:/home/hyunjong/ros2_foxy/install/ros2run:/home/hyunjong/ros2_foxy/install/ros2launch:/home/hyunjong/ros2_foxy/install/ros2pkg:/home/hyunjong/ros2_foxy/install/ros2node:/home/hyunjong/ros2_foxy/install/ros2multicast:/home/hyunjong/ros2_foxy/install/ros2interface:/home/hyunjong/ros2_foxy/install/ros2doctor:/home/hyunjong/ros2_foxy/install/ros2action:/home/hyunjong/ros2_foxy/install/ros2cli:/home/hyunjong/ros2_foxy/install/quality_of_service_demo_py:/home/hyunjong/ros2_foxy/install/launch_testing_ros:/home/hyunjong/ros2_foxy/install/launch_ros:/home/hyunjong/ros2_foxy/install/examples_rclpy_minimal_subscriber:/home/hyunjong/ros2_foxy/install/examples_rclpy_minimal_service:/home/hyunjong/ros2_foxy/install/examples_rclpy_minimal_publisher:/home/hyunjong/ros2_foxy/install/examples_rclpy_minimal_client:/home/hyunjong/ros2_foxy/install/examples_rclpy_minimal_action_server:/home/hyunjong/ros2_foxy/install/examples_rclpy_minimal_action_client:/home/hyunjong/ros2_foxy/install/examples_rclpy_executors:/home/hyunjong/ros2_foxy/install/demo_nodes_py:/home/hyunjong/ros2_foxy/install/action_tutorials_py:/home/hyunjong/ros2_foxy/install/ament_uncrustify:/home/hyunjong/ros2_foxy/install/tracetools_trace:/home/hyunjong/ros2_foxy/install/tracetools_read:/home/hyunjong/ros2_foxy/install/test_launch_ros:/home/hyunjong/ros2_foxy/install/rpyutils:/home/hyunjong/ros2_foxy/install/rosidl_runtime_py:/home/hyunjong/ros2_foxy/install/launch_yaml:/home/hyunjong/ros2_foxy/install/launch_xml:/home/hyunjong/ros2_foxy/install/launch_testing:/home/hyunjong/ros2_foxy/install/launch:/home/hyunjong/ros2_foxy/install/osrf_pycommon:/home/hyunjong/ros2_foxy/install/domain_coordinator:/home/hyunjong/ros2_foxy/install/ament_xmllint:/home/hyunjong/ros2_foxy/install/ament_pyflakes:/home/hyunjong/ros2_foxy/install/ament_pycodestyle:/home/hyunjong/ros2_foxy/install/ament_pep257:/home/hyunjong/ros2_foxy/install/ament_pclint:/home/hyunjong/ros2_foxy/install/ament_package:/home/hyunjong/ros2_foxy/install/ament_mypy:/home/hyunjong/ros2_foxy/install/ament_lint_cmake:/home/hyunjong/ros2_foxy/install/ament_flake8:/home/hyunjong/ros2_foxy/install/ament_copyright:/home/hyunjong/ros2_foxy/install/ament_lint:/home/hyunjong/ros2_foxy/install/ament_index_python:/home/hyunjong/ros2_foxy/install/ament_cpplint:/home/hyunjong/ros2_foxy/install/ament_cppcheck:/home/hyunjong/ros2_foxy/install/ament_clang_tidy:/home/hyunjong/ros2_foxy/install/ament_clang_format /usr/bin/cmake --build /home/hyunjong/ros2_ws/build/tutorial_interfaces -- -j12 -l12
[4.146s] [  2%] [34m[1mGenerating C code for ROS interfaces[0m
[4.146s] [35m[1mScanning dependencies of target tutorial_interfaces__cpp[0m
[4.166s] [  5%] [34m[1mGenerating C++ code for ROS interfaces[0m
[4.726s] [  5%] Built target tutorial_interfaces__cpp
[4.748s] [  7%] [34m[1mGenerating C++ introspection for ROS interfaces[0m
[4.748s] [ 10%] [34m[1mGenerating C++ type support dispatch for ROS interfaces[0m
[4.749s] [ 12%] [34m[1mGenerating C++ type support for eProsima Fast-RTPS[0m
[4.749s] [35m[1mScanning dependencies of target tutorial_interfaces__rosidl_generator_c[0m
[4.779s] [ 15%] [32mBuilding C object CMakeFiles/tutorial_interfaces__rosidl_generator_c.dir/rosidl_generator_c/tutorial_interfaces/srv/detail/add_three_ints__functions.c.o[0m
[4.780s] [ 17%] [32mBuilding C object CMakeFiles/tutorial_interfaces__rosidl_generator_c.dir/rosidl_generator_c/tutorial_interfaces/msg/detail/num__functions.c.o[0m
[4.842s] [ 20%] [32m[1mLinking C shared library libtutorial_interfaces__rosidl_generator_c.so[0m
[4.901s] [ 20%] Built target tutorial_interfaces__rosidl_generator_c
[4.923s] [ 23%] [34m[1mGenerating C introspection for ROS interfaces[0m
[4.931s] [ 25%] [34m[1mGenerating C type support dispatch for ROS interfaces[0m
[5.348s] [35m[1mScanning dependencies of target tutorial_interfaces__rosidl_typesupport_cpp[0m
[5.368s] [35m[1mScanning dependencies of target tutorial_interfaces__rosidl_typesupport_introspection_cpp[0m
[5.383s] [ 28%] [32mBuilding CXX object CMakeFiles/tutorial_interfaces__rosidl_typesupport_cpp.dir/rosidl_typesupport_cpp/tutorial_interfaces/msg/num__type_support.cpp.o[0m
[5.387s] [ 30%] [32mBuilding CXX object CMakeFiles/tutorial_interfaces__rosidl_typesupport_cpp.dir/rosidl_typesupport_cpp/tutorial_interfaces/srv/add_three_ints__type_support.cpp.o[0m
[5.400s] [35m[1mScanning dependencies of target tutorial_interfaces__rosidl_typesupport_fastrtps_cpp[0m
[5.404s] [ 33%] [32mBuilding CXX object CMakeFiles/tutorial_interfaces__rosidl_typesupport_introspection_cpp.dir/rosidl_typesupport_introspection_cpp/tutorial_interfaces/msg/detail/num__type_support.cpp.o[0m
[5.406s] [ 35%] [32mBuilding CXX object CMakeFiles/tutorial_interfaces__rosidl_typesupport_introspection_cpp.dir/rosidl_typesupport_introspection_cpp/tutorial_interfaces/srv/detail/add_three_ints__type_support.cpp.o[0m
[5.455s] [ 38%] [32mBuilding CXX object CMakeFiles/tutorial_interfaces__rosidl_typesupport_fastrtps_cpp.dir/rosidl_typesupport_fastrtps_cpp/tutorial_interfaces/msg/detail/dds_fastrtps/num__type_support.cpp.o[0m
[5.462s] [ 41%] [32mBuilding CXX object CMakeFiles/tutorial_interfaces__rosidl_typesupport_fastrtps_cpp.dir/rosidl_typesupport_fastrtps_cpp/tutorial_interfaces/srv/detail/dds_fastrtps/add_three_ints__type_support.cpp.o[0m
[5.640s] [35m[1mScanning dependencies of target tutorial_interfaces__rosidl_typesupport_introspection_c[0m
[5.662s] [35m[1mScanning dependencies of target tutorial_interfaces__rosidl_typesupport_c[0m
[5.678s] [ 43%] [32mBuilding C object CMakeFiles/tutorial_interfaces__rosidl_typesupport_introspection_c.dir/rosidl_typesupport_introspection_c/tutorial_interfaces/msg/detail/num__type_support.c.o[0m
[5.678s] [ 46%] [32mBuilding C object CMakeFiles/tutorial_interfaces__rosidl_typesupport_introspection_c.dir/rosidl_typesupport_introspection_c/tutorial_interfaces/srv/detail/add_three_ints__type_support.c.o[0m
[5.703s] [ 48%] [32mBuilding CXX object CMakeFiles/tutorial_interfaces__rosidl_typesupport_c.dir/rosidl_typesupport_c/tutorial_interfaces/msg/num__type_support.cpp.o[0m
[5.703s] [ 51%] [32mBuilding CXX object CMakeFiles/tutorial_interfaces__rosidl_typesupport_c.dir/rosidl_typesupport_c/tutorial_interfaces/srv/add_three_ints__type_support.cpp.o[0m
[5.758s] [ 53%] [32m[1mLinking C shared library libtutorial_interfaces__rosidl_typesupport_introspection_c.so[0m
[5.775s] [ 56%] [32m[1mLinking CXX shared library libtutorial_interfaces__rosidl_typesupport_c.so[0m
[5.824s] [ 56%] Built target tutorial_interfaces__rosidl_typesupport_introspection_c
[5.848s] [ 58%] [32m[1mLinking CXX shared library libtutorial_interfaces__rosidl_typesupport_cpp.so[0m
[5.851s] [ 58%] Built target tutorial_interfaces__rosidl_typesupport_c
[5.867s] [ 61%] [32m[1mLinking CXX shared library libtutorial_interfaces__rosidl_typesupport_introspection_cpp.so[0m
[5.911s] [ 61%] Built target tutorial_interfaces__rosidl_typesupport_cpp
[5.929s] [ 61%] Built target tutorial_interfaces__rosidl_typesupport_introspection_cpp
[6.036s] [ 64%] [32m[1mLinking CXX shared library libtutorial_interfaces__rosidl_typesupport_fastrtps_cpp.so[0m
[6.120s] [ 64%] Built target tutorial_interfaces__rosidl_typesupport_fastrtps_cpp
[6.140s] [ 66%] [34m[1mGenerating C type support for eProsima Fast-RTPS[0m
[6.673s] [35m[1mScanning dependencies of target tutorial_interfaces__rosidl_typesupport_fastrtps_c[0m
[6.701s] [ 71%] [32mBuilding CXX object CMakeFiles/tutorial_interfaces__rosidl_typesupport_fastrtps_c.dir/rosidl_typesupport_fastrtps_c/tutorial_interfaces/msg/detail/num__type_support_c.cpp.o[0m
[6.701s] [ 71%] [32mBuilding CXX object CMakeFiles/tutorial_interfaces__rosidl_typesupport_fastrtps_c.dir/rosidl_typesupport_fastrtps_c/tutorial_interfaces/srv/detail/add_three_ints__type_support_c.cpp.o[0m
[7.023s] [ 74%] [32m[1mLinking CXX shared library libtutorial_interfaces__rosidl_typesupport_fastrtps_c.so[0m
[7.107s] [ 74%] Built target tutorial_interfaces__rosidl_typesupport_fastrtps_c
[7.126s] [35m[1mScanning dependencies of target tutorial_interfaces[0m
[7.146s] [ 74%] Built target tutorial_interfaces
[7.165s] [35m[1mScanning dependencies of target tutorial_interfaces__py[0m
[7.185s] [ 76%] [34m[1mGenerating Python code for ROS interfaces[0m
[7.990s] [ 76%] Built target tutorial_interfaces__py
[8.009s] [35m[1mScanning dependencies of target tutorial_interfaces__python[0m
[8.050s] [ 82%] [32mBuilding C object CMakeFiles/tutorial_interfaces__python.dir/rosidl_generator_py/tutorial_interfaces/msg/_num_s.c.o[0m
[8.050s] [ 82%] [32mBuilding C object CMakeFiles/tutorial_interfaces__python.dir/rosidl_generator_py/tutorial_interfaces/srv/_add_three_ints_s.c.o[0m
[8.150s] [ 84%] [32m[1mLinking C shared library rosidl_generator_py/tutorial_interfaces/libtutorial_interfaces__python.so[0m
[8.205s] [ 84%] Built target tutorial_interfaces__python
[8.229s] [35m[1mScanning dependencies of target tutorial_interfaces__rosidl_typesupport_fastrtps_c__pyext[0m
[8.235s] [35m[1mScanning dependencies of target tutorial_interfaces__rosidl_typesupport_c__pyext[0m
[8.236s] [35m[1mScanning dependencies of target tutorial_interfaces__rosidl_typesupport_introspection_c__pyext[0m
[8.260s] [ 87%] [32mBuilding C object CMakeFiles/tutorial_interfaces__rosidl_typesupport_fastrtps_c__pyext.dir/rosidl_generator_py/tutorial_interfaces/_tutorial_interfaces_s.ep.rosidl_typesupport_fastrtps_c.c.o[0m
[8.272s] [ 89%] [32mBuilding C object CMakeFiles/tutorial_interfaces__rosidl_typesupport_c__pyext.dir/rosidl_generator_py/tutorial_interfaces/_tutorial_interfaces_s.ep.rosidl_typesupport_c.c.o[0m
[8.279s] [ 92%] [32mBuilding C object CMakeFiles/tutorial_interfaces__rosidl_typesupport_introspection_c__pyext.dir/rosidl_generator_py/tutorial_interfaces/_tutorial_interfaces_s.ep.rosidl_typesupport_introspection_c.c.o[0m
[8.365s] [ 94%] [32m[1mLinking CXX shared library rosidl_generator_py/tutorial_interfaces/tutorial_interfaces_s__rosidl_typesupport_fastrtps_c.cpython-38-x86_64-linux-gnu.so[0m
[8.371s] [ 97%] [32m[1mLinking C shared library rosidl_generator_py/tutorial_interfaces/tutorial_interfaces_s__rosidl_typesupport_c.cpython-38-x86_64-linux-gnu.so[0m
[8.397s] [100%] [32m[1mLinking C shared library rosidl_generator_py/tutorial_interfaces/tutorial_interfaces_s__rosidl_typesupport_introspection_c.cpython-38-x86_64-linux-gnu.so[0m
[8.434s] [100%] Built target tutorial_interfaces__rosidl_typesupport_c__pyext
[8.453s] [100%] Built target tutorial_interfaces__rosidl_typesupport_fastrtps_c__pyext
[8.454s] [100%] Built target tutorial_interfaces__rosidl_typesupport_introspection_c__pyext
[8.473s] Invoked command in '/home/hyunjong/ros2_ws/build/tutorial_interfaces' returned '0': CMAKE_PREFIX_PATH=${CMAKE_PREFIX_PATH}:/home/hyunjong/ros2_foxy/install/ros2bag:/home/hyunjong/ros2_foxy/install/tracetools_launch:/home/hyunjong/ros2_foxy/install/topic_monitor:/home/hyunjong/ros2_foxy/install/examples_tf2_py:/home/hyunjong/ros2_foxy/install/sros2:/home/hyunjong/ros2_foxy/install/rqt_topic:/home/hyunjong/ros2_foxy/install/rqt_reconfigure:/home/hyunjong/ros2_foxy/install/rqt_action:/home/hyunjong/ros2_foxy/install/rqt:/home/hyunjong/ros2_foxy/install/rqt_graph:/home/hyunjong/ros2_foxy/install/rqt_gui_py:/home/hyunjong/ros2_foxy/install/rqt_gui:/home/hyunjong/ros2_foxy/install/ros2trace:/home/hyunjong/ros2_foxy/install/ros2topic:/home/hyunjong/ros2_foxy/install/ros2test:/home/hyunjong/ros2_foxy/install/ros2component:/home/hyunjong/ros2_foxy/install/ros2param:/home/hyunjong/ros2_foxy/install/ros2lifecycle:/home/hyunjong/ros2_foxy/install/ros2service:/home/hyunjong/ros2_foxy/install/ros2run:/home/hyunjong/ros2_foxy/install/ros2launch:/home/hyunjong/ros2_foxy/install/ros2pkg:/home/hyunjong/ros2_foxy/install/ros2node:/home/hyunjong/ros2_foxy/install/ros2multicast:/home/hyunjong/ros2_foxy/install/ros2interface:/home/hyunjong/ros2_foxy/install/ros2doctor:/home/hyunjong/ros2_foxy/install/ros2action:/home/hyunjong/ros2_foxy/install/ros2cli:/home/hyunjong/ros2_foxy/install/quality_of_service_demo_py:/home/hyunjong/ros2_foxy/install/launch_testing_ros:/home/hyunjong/ros2_foxy/install/launch_ros:/home/hyunjong/ros2_foxy/install/examples_rclpy_minimal_subscriber:/home/hyunjong/ros2_foxy/install/examples_rclpy_minimal_service:/home/hyunjong/ros2_foxy/install/examples_rclpy_minimal_publisher:/home/hyunjong/ros2_foxy/install/examples_rclpy_minimal_client:/home/hyunjong/ros2_foxy/install/examples_rclpy_minimal_action_server:/home/hyunjong/ros2_foxy/install/examples_rclpy_minimal_action_client:/home/hyunjong/ros2_foxy/install/examples_rclpy_executors:/home/hyunjong/ros2_foxy/install/demo_nodes_py:/home/hyunjong/ros2_foxy/install/action_tutorials_py:/home/hyunjong/ros2_foxy/install/ament_uncrustify:/home/hyunjong/ros2_foxy/install/tracetools_trace:/home/hyunjong/ros2_foxy/install/tracetools_read:/home/hyunjong/ros2_foxy/install/test_launch_ros:/home/hyunjong/ros2_foxy/install/rpyutils:/home/hyunjong/ros2_foxy/install/rosidl_runtime_py:/home/hyunjong/ros2_foxy/install/launch_yaml:/home/hyunjong/ros2_foxy/install/launch_xml:/home/hyunjong/ros2_foxy/install/launch_testing:/home/hyunjong/ros2_foxy/install/launch:/home/hyunjong/ros2_foxy/install/osrf_pycommon:/home/hyunjong/ros2_foxy/install/domain_coordinator:/home/hyunjong/ros2_foxy/install/ament_xmllint:/home/hyunjong/ros2_foxy/install/ament_pyflakes:/home/hyunjong/ros2_foxy/install/ament_pycodestyle:/home/hyunjong/ros2_foxy/install/ament_pep257:/home/hyunjong/ros2_foxy/install/ament_pclint:/home/hyunjong/ros2_foxy/install/ament_package:/home/hyunjong/ros2_foxy/install/ament_mypy:/home/hyunjong/ros2_foxy/install/ament_lint_cmake:/home/hyunjong/ros2_foxy/install/ament_flake8:/home/hyunjong/ros2_foxy/install/ament_copyright:/home/hyunjong/ros2_foxy/install/ament_lint:/home/hyunjong/ros2_foxy/install/ament_index_python:/home/hyunjong/ros2_foxy/install/ament_cpplint:/home/hyunjong/ros2_foxy/install/ament_cppcheck:/home/hyunjong/ros2_foxy/install/ament_clang_tidy:/home/hyunjong/ros2_foxy/install/ament_clang_format /usr/bin/cmake --build /home/hyunjong/ros2_ws/build/tutorial_interfaces -- -j12 -l12
[8.680s] Invoking command in '/home/hyunjong/ros2_ws/build/tutorial_interfaces': CMAKE_PREFIX_PATH=${CMAKE_PREFIX_PATH}:/home/hyunjong/ros2_foxy/install/ros2bag:/home/hyunjong/ros2_foxy/install/tracetools_launch:/home/hyunjong/ros2_foxy/install/topic_monitor:/home/hyunjong/ros2_foxy/install/examples_tf2_py:/home/hyunjong/ros2_foxy/install/sros2:/home/hyunjong/ros2_foxy/install/rqt_topic:/home/hyunjong/ros2_foxy/install/rqt_reconfigure:/home/hyunjong/ros2_foxy/install/rqt_action:/home/hyunjong/ros2_foxy/install/rqt:/home/hyunjong/ros2_foxy/install/rqt_graph:/home/hyunjong/ros2_foxy/install/rqt_gui_py:/home/hyunjong/ros2_foxy/install/rqt_gui:/home/hyunjong/ros2_foxy/install/ros2trace:/home/hyunjong/ros2_foxy/install/ros2topic:/home/hyunjong/ros2_foxy/install/ros2test:/home/hyunjong/ros2_foxy/install/ros2component:/home/hyunjong/ros2_foxy/install/ros2param:/home/hyunjong/ros2_foxy/install/ros2lifecycle:/home/hyunjong/ros2_foxy/install/ros2service:/home/hyunjong/ros2_foxy/install/ros2run:/home/hyunjong/ros2_foxy/install/ros2launch:/home/hyunjong/ros2_foxy/install/ros2pkg:/home/hyunjong/ros2_foxy/install/ros2node:/home/hyunjong/ros2_foxy/install/ros2multicast:/home/hyunjong/ros2_foxy/install/ros2interface:/home/hyunjong/ros2_foxy/install/ros2doctor:/home/hyunjong/ros2_foxy/install/ros2action:/home/hyunjong/ros2_foxy/install/ros2cli:/home/hyunjong/ros2_foxy/install/quality_of_service_demo_py:/home/hyunjong/ros2_foxy/install/launch_testing_ros:/home/hyunjong/ros2_foxy/install/launch_ros:/home/hyunjong/ros2_foxy/install/examples_rclpy_minimal_subscriber:/home/hyunjong/ros2_foxy/install/examples_rclpy_minimal_service:/home/hyunjong/ros2_foxy/install/examples_rclpy_minimal_publisher:/home/hyunjong/ros2_foxy/install/examples_rclpy_minimal_client:/home/hyunjong/ros2_foxy/install/examples_rclpy_minimal_action_server:/home/hyunjong/ros2_foxy/install/examples_rclpy_minimal_action_client:/home/hyunjong/ros2_foxy/install/examples_rclpy_executors:/home/hyunjong/ros2_foxy/install/demo_nodes_py:/home/hyunjong/ros2_foxy/install/action_tutorials_py:/home/hyunjong/ros2_foxy/install/ament_uncrustify:/home/hyunjong/ros2_foxy/install/tracetools_trace:/home/hyunjong/ros2_foxy/install/tracetools_read:/home/hyunjong/ros2_foxy/install/test_launch_ros:/home/hyunjong/ros2_foxy/install/rpyutils:/home/hyunjong/ros2_foxy/install/rosidl_runtime_py:/home/hyunjong/ros2_foxy/install/launch_yaml:/home/hyunjong/ros2_foxy/install/launch_xml:/home/hyunjong/ros2_foxy/install/launch_testing:/home/hyunjong/ros2_foxy/install/launch:/home/hyunjong/ros2_foxy/install/osrf_pycommon:/home/hyunjong/ros2_foxy/install/domain_coordinator:/home/hyunjong/ros2_foxy/install/ament_xmllint:/home/hyunjong/ros2_foxy/install/ament_pyflakes:/home/hyunjong/ros2_foxy/install/ament_pycodestyle:/home/hyunjong/ros2_foxy/install/ament_pep257:/home/hyunjong/ros2_foxy/install/ament_pclint:/home/hyunjong/ros2_foxy/install/ament_package:/home/hyunjong/ros2_foxy/install/ament_mypy:/home/hyunjong/ros2_foxy/install/ament_lint_cmake:/home/hyunjong/ros2_foxy/install/ament_flake8:/home/hyunjong/ros2_foxy/install/ament_copyright:/home/hyunjong/ros2_foxy/install/ament_lint:/home/hyunjong/ros2_foxy/install/ament_index_python:/home/hyunjong/ros2_foxy/install/ament_cpplint:/home/hyunjong/ros2_foxy/install/ament_cppcheck:/home/hyunjong/ros2_foxy/install/ament_clang_tidy:/home/hyunjong/ros2_foxy/install/ament_clang_format /usr/bin/cmake --install /home/hyunjong/ros2_ws/build/tutorial_interfaces
[8.696s] -- Install configuration: ""
[8.696s] -- Installing: /home/hyunjong/ros2_ws/install/tutorial_interfaces/share/ament_index/resource_index/rosidl_interfaces/tutorial_interfaces
[8.696s] -- Installing: /home/hyunjong/ros2_ws/install/tutorial_interfaces/include/tutorial_interfaces
[8.696s] -- Installing: /home/hyunjong/ros2_ws/install/tutorial_interfaces/include/tutorial_interfaces/msg
[8.696s] -- Installing: /home/hyunjong/ros2_ws/install/tutorial_interfaces/include/tutorial_interfaces/msg/num.h
[8.696s] -- Installing: /home/hyunjong/ros2_ws/install/tutorial_interfaces/include/tutorial_interfaces/msg/detail
[8.697s] -- Installing: /home/hyunjong/ros2_ws/install/tutorial_interfaces/include/tutorial_interfaces/msg/detail/num__struct.h
[8.697s] -- Installing: /home/hyunjong/ros2_ws/install/tutorial_interfaces/include/tutorial_interfaces/msg/detail/num__functions.h
[8.697s] -- Installing: /home/hyunjong/ros2_ws/install/tutorial_interfaces/include/tutorial_interfaces/msg/detail/num__functions.c
[8.697s] -- Installing: /home/hyunjong/ros2_ws/install/tutorial_interfaces/include/tutorial_interfaces/msg/detail/num__type_support.h
[8.697s] -- Installing: /home/hyunjong/ros2_ws/install/tutorial_interfaces/include/tutorial_interfaces/msg/rosidl_generator_c__visibility_control.h
[8.697s] -- Installing: /home/hyunjong/ros2_ws/install/tutorial_interfaces/include/tutorial_interfaces/srv
[8.697s] -- Installing: /home/hyunjong/ros2_ws/install/tutorial_interfaces/include/tutorial_interfaces/srv/detail
[8.697s] -- Installing: /home/hyunjong/ros2_ws/install/tutorial_interfaces/include/tutorial_interfaces/srv/detail/add_three_ints__functions.h
[8.697s] -- Installing: /home/hyunjong/ros2_ws/install/tutorial_interfaces/include/tutorial_interfaces/srv/detail/add_three_ints__struct.h
[8.697s] -- Installing: /home/hyunjong/ros2_ws/install/tutorial_interfaces/include/tutorial_interfaces/srv/detail/add_three_ints__functions.c
[8.697s] -- Installing: /home/hyunjong/ros2_ws/install/tutorial_interfaces/include/tutorial_interfaces/srv/detail/add_three_ints__type_support.h
[8.697s] -- Installing: /home/hyunjong/ros2_ws/install/tutorial_interfaces/include/tutorial_interfaces/srv/add_three_ints.h
[8.697s] -- Installing: /home/hyunjong/ros2_ws/install/tutorial_interfaces/share/tutorial_interfaces/environment/library_path.sh
[8.697s] -- Installing: /home/hyunjong/ros2_ws/install/tutorial_interfaces/share/tutorial_interfaces/environment/library_path.dsv
[8.698s] -- Installing: /home/hyunjong/ros2_ws/install/tutorial_interfaces/lib/libtutorial_interfaces__rosidl_generator_c.so
[8.698s] -- Set runtime path of "/home/hyunjong/ros2_ws/install/tutorial_interfaces/lib/libtutorial_interfaces__rosidl_generator_c.so" to ""
[8.698s] -- Up-to-date: /home/hyunjong/ros2_ws/install/tutorial_interfaces/include/tutorial_interfaces
[8.698s] -- Up-to-date: /home/hyunjong/ros2_ws/install/tutorial_interfaces/include/tutorial_interfaces/msg
[8.698s] -- Installing: /home/hyunjong/ros2_ws/install/tutorial_interfaces/include/tutorial_interfaces/msg/rosidl_typesupport_introspection_c__visibility_control.h
[8.698s] -- Up-to-date: /home/hyunjong/ros2_ws/install/tutorial_interfaces/include/tutorial_interfaces/msg/detail
[8.698s] -- Installing: /home/hyunjong/ros2_ws/install/tutorial_interfaces/include/tutorial_interfaces/msg/detail/num__rosidl_typesupport_introspection_c.h
[8.698s] -- Installing: /home/hyunjong/ros2_ws/install/tutorial_interfaces/include/tutorial_interfaces/msg/detail/num__type_support.c
[8.698s] -- Up-to-date: /home/hyunjong/ros2_ws/install/tutorial_interfaces/include/tutorial_interfaces/srv
[8.698s] -- Up-to-date: /home/hyunjong/ros2_ws/install/tutorial_interfaces/include/tutorial_interfaces/srv/detail
[8.698s] -- Installing: /home/hyunjong/ros2_ws/install/tutorial_interfaces/include/tutorial_interfaces/srv/detail/add_three_ints__type_support.c
[8.698s] -- Installing: /home/hyunjong/ros2_ws/install/tutorial_interfaces/include/tutorial_interfaces/srv/detail/add_three_ints__rosidl_typesupport_introspection_c.h
[8.698s] -- Installing: /home/hyunjong/ros2_ws/install/tutorial_interfaces/lib/libtutorial_interfaces__rosidl_typesupport_introspection_c.so
[8.699s] -- Set runtime path of "/home/hyunjong/ros2_ws/install/tutorial_interfaces/lib/libtutorial_interfaces__rosidl_typesupport_introspection_c.so" to ""
[8.699s] -- Up-to-date: /home/hyunjong/ros2_ws/install/tutorial_interfaces/include/tutorial_interfaces
[8.699s] -- Up-to-date: /home/hyunjong/ros2_ws/install/tutorial_interfaces/include/tutorial_interfaces/msg
[8.699s] -- Up-to-date: /home/hyunjong/ros2_ws/install/tutorial_interfaces/include/tutorial_interfaces/msg/detail
[8.699s] -- Installing: /home/hyunjong/ros2_ws/install/tutorial_interfaces/include/tutorial_interfaces/msg/detail/num__rosidl_typesupport_fastrtps_c.h
[8.699s] -- Installing: /home/hyunjong/ros2_ws/install/tutorial_interfaces/include/tutorial_interfaces/msg/rosidl_typesupport_fastrtps_c__visibility_control.h
[8.699s] -- Up-to-date: /home/hyunjong/ros2_ws/install/tutorial_interfaces/include/tutorial_interfaces/srv
[8.699s] -- Up-to-date: /home/hyunjong/ros2_ws/install/tutorial_interfaces/include/tutorial_interfaces/srv/detail
[8.699s] -- Installing: /home/hyunjong/ros2_ws/install/tutorial_interfaces/include/tutorial_interfaces/srv/detail/add_three_ints__rosidl_typesupport_fastrtps_c.h
[8.699s] -- Installing: /home/hyunjong/ros2_ws/install/tutorial_interfaces/lib/libtutorial_interfaces__rosidl_typesupport_fastrtps_c.so
[8.699s] -- Set runtime path of "/home/hyunjong/ros2_ws/install/tutorial_interfaces/lib/libtutorial_interfaces__rosidl_typesupport_fastrtps_c.so" to ""
[8.699s] -- Up-to-date: /home/hyunjong/ros2_ws/install/tutorial_interfaces/include/tutorial_interfaces
[8.699s] -- Up-to-date: /home/hyunjong/ros2_ws/install/tutorial_interfaces/include/tutorial_interfaces/msg
[8.699s] -- Up-to-date: /home/hyunjong/ros2_ws/install/tutorial_interfaces/include/tutorial_interfaces/msg/detail
[8.700s] -- Installing: /home/hyunjong/ros2_ws/install/tutorial_interfaces/include/tutorial_interfaces/msg/detail/dds_fastrtps
[8.700s] -- Installing: /home/hyunjong/ros2_ws/install/tutorial_interfaces/include/tutorial_interfaces/msg/detail/num__rosidl_typesupport_fastrtps_cpp.hpp
[8.700s] -- Installing: /home/hyunjong/ros2_ws/install/tutorial_interfaces/include/tutorial_interfaces/msg/rosidl_typesupport_fastrtps_cpp__visibility_control.h
[8.700s] -- Up-to-date: /home/hyunjong/ros2_ws/install/tutorial_interfaces/include/tutorial_interfaces/srv
[8.700s] -- Up-to-date: /home/hyunjong/ros2_ws/install/tutorial_interfaces/include/tutorial_interfaces/srv/detail
[8.700s] -- Installing: /home/hyunjong/ros2_ws/install/tutorial_interfaces/include/tutorial_interfaces/srv/detail/add_three_ints__rosidl_typesupport_fastrtps_cpp.hpp
[8.700s] -- Installing: /home/hyunjong/ros2_ws/install/tutorial_interfaces/include/tutorial_interfaces/srv/detail/dds_fastrtps
[8.700s] -- Installing: /home/hyunjong/ros2_ws/install/tutorial_interfaces/lib/libtutorial_interfaces__rosidl_typesupport_fastrtps_cpp.so
[8.700s] -- Set runtime path of "/home/hyunjong/ros2_ws/install/tutorial_interfaces/lib/libtutorial_interfaces__rosidl_typesupport_fastrtps_cpp.so" to ""
[8.700s] -- Installing: /home/hyunjong/ros2_ws/install/tutorial_interfaces/lib/libtutorial_interfaces__rosidl_typesupport_c.so
[8.700s] -- Set runtime path of "/home/hyunjong/ros2_ws/install/tutorial_interfaces/lib/libtutorial_interfaces__rosidl_typesupport_c.so" to ""
[8.701s] -- Up-to-date: /home/hyunjong/ros2_ws/install/tutorial_interfaces/include/tutorial_interfaces
[8.701s] -- Up-to-date: /home/hyunjong/ros2_ws/install/tutorial_interfaces/include/tutorial_interfaces/msg
[8.701s] -- Up-to-date: /home/hyunjong/ros2_ws/install/tutorial_interfaces/include/tutorial_interfaces/msg/detail
[8.701s] -- Installing: /home/hyunjong/ros2_ws/install/tutorial_interfaces/include/tutorial_interfaces/msg/detail/num__builder.hpp
[8.701s] -- Installing: /home/hyunjong/ros2_ws/install/tutorial_interfaces/include/tutorial_interfaces/msg/detail/num__traits.hpp
[8.701s] -- Installing: /home/hyunjong/ros2_ws/install/tutorial_interfaces/include/tutorial_interfaces/msg/detail/num__struct.hpp
[8.701s] -- Installing: /home/hyunjong/ros2_ws/install/tutorial_interfaces/include/tutorial_interfaces/msg/num.hpp
[8.701s] -- Up-to-date: /home/hyunjong/ros2_ws/install/tutorial_interfaces/include/tutorial_interfaces/srv
[8.701s] -- Installing: /home/hyunjong/ros2_ws/install/tutorial_interfaces/include/tutorial_interfaces/srv/add_three_ints.hpp
[8.701s] -- Up-to-date: /home/hyunjong/ros2_ws/install/tutorial_interfaces/include/tutorial_interfaces/srv/detail
[8.702s] -- Installing: /home/hyunjong/ros2_ws/install/tutorial_interfaces/include/tutorial_interfaces/srv/detail/add_three_ints__traits.hpp
[8.702s] -- Installing: /home/hyunjong/ros2_ws/install/tutorial_interfaces/include/tutorial_interfaces/srv/detail/add_three_ints__struct.hpp
[8.702s] -- Installing: /home/hyunjong/ros2_ws/install/tutorial_interfaces/include/tutorial_interfaces/srv/detail/add_three_ints__builder.hpp
[8.702s] -- Up-to-date: /home/hyunjong/ros2_ws/install/tutorial_interfaces/include/tutorial_interfaces
[8.702s] -- Up-to-date: /home/hyunjong/ros2_ws/install/tutorial_interfaces/include/tutorial_interfaces/msg
[8.702s] -- Up-to-date: /home/hyunjong/ros2_ws/install/tutorial_interfaces/include/tutorial_interfaces/msg/detail
[8.702s] -- Installing: /home/hyunjong/ros2_ws/install/tutorial_interfaces/include/tutorial_interfaces/msg/detail/num__rosidl_typesupport_introspection_cpp.hpp
[8.702s] -- Installing: /home/hyunjong/ros2_ws/install/tutorial_interfaces/include/tutorial_interfaces/msg/detail/num__type_support.cpp
[8.702s] -- Up-to-date: /home/hyunjong/ros2_ws/install/tutorial_interfaces/include/tutorial_interfaces/srv
[8.702s] -- Up-to-date: /home/hyunjong/ros2_ws/install/tutorial_interfaces/include/tutorial_interfaces/srv/detail
[8.702s] -- Installing: /home/hyunjong/ros2_ws/install/tutorial_interfaces/include/tutorial_interfaces/srv/detail/add_three_ints__rosidl_typesupport_introspection_cpp.hpp
[8.702s] -- Installing: /home/hyunjong/ros2_ws/install/tutorial_interfaces/include/tutorial_interfaces/srv/detail/add_three_ints__type_support.cpp
[8.702s] -- Installing: /home/hyunjong/ros2_ws/install/tutorial_interfaces/lib/libtutorial_interfaces__rosidl_typesupport_introspection_cpp.so
[8.702s] -- Set runtime path of "/home/hyunjong/ros2_ws/install/tutorial_interfaces/lib/libtutorial_interfaces__rosidl_typesupport_introspection_cpp.so" to ""
[8.702s] -- Installing: /home/hyunjong/ros2_ws/install/tutorial_interfaces/lib/libtutorial_interfaces__rosidl_typesupport_cpp.so
[8.703s] -- Set runtime path of "/home/hyunjong/ros2_ws/install/tutorial_interfaces/lib/libtutorial_interfaces__rosidl_typesupport_cpp.so" to ""
[8.703s] -- Installing: /home/hyunjong/ros2_ws/install/tutorial_interfaces/share/tutorial_interfaces/environment/pythonpath.sh
[8.703s] -- Installing: /home/hyunjong/ros2_ws/install/tutorial_interfaces/share/tutorial_interfaces/environment/pythonpath.dsv
[8.703s] -- Installing: /home/hyunjong/ros2_ws/install/tutorial_interfaces/lib/python3.8/site-packages/tutorial_interfaces/__init__.py
[9.032s] Compiling '/home/hyunjong/ros2_ws/install/tutorial_interfaces/lib/python3.8/site-packages/tutorial_interfaces/__init__.py'...
[9.036s] -- Installing: /home/hyunjong/ros2_ws/install/tutorial_interfaces/lib/python3.8/site-packages/tutorial_interfaces/msg
[9.036s] -- Installing: /home/hyunjong/ros2_ws/install/tutorial_interfaces/lib/python3.8/site-packages/tutorial_interfaces/msg/__init__.py
[9.036s] -- Installing: /home/hyunjong/ros2_ws/install/tutorial_interfaces/lib/python3.8/site-packages/tutorial_interfaces/msg/_num_s.c
[9.036s] -- Installing: /home/hyunjong/ros2_ws/install/tutorial_interfaces/lib/python3.8/site-packages/tutorial_interfaces/msg/_num.py
[9.036s] -- Installing: /home/hyunjong/ros2_ws/install/tutorial_interfaces/lib/python3.8/site-packages/tutorial_interfaces/srv
[9.036s] -- Installing: /home/hyunjong/ros2_ws/install/tutorial_interfaces/lib/python3.8/site-packages/tutorial_interfaces/srv/__init__.py
[9.036s] -- Installing: /home/hyunjong/ros2_ws/install/tutorial_interfaces/lib/python3.8/site-packages/tutorial_interfaces/srv/_add_three_ints.py
[9.037s] -- Installing: /home/hyunjong/ros2_ws/install/tutorial_interfaces/lib/python3.8/site-packages/tutorial_interfaces/srv/_add_three_ints_s.c
[9.037s] -- Installing: /home/hyunjong/ros2_ws/install/tutorial_interfaces/lib/python3.8/site-packages/tutorial_interfaces/tutorial_interfaces_s__rosidl_typesupport_introspection_c.cpython-38-x86_64-linux-gnu.so
[9.037s] -- Set runtime path of "/home/hyunjong/ros2_ws/install/tutorial_interfaces/lib/python3.8/site-packages/tutorial_interfaces/tutorial_interfaces_s__rosidl_typesupport_introspection_c.cpython-38-x86_64-linux-gnu.so" to ""
[9.037s] -- Installing: /home/hyunjong/ros2_ws/install/tutorial_interfaces/lib/python3.8/site-packages/tutorial_interfaces/tutorial_interfaces_s__rosidl_typesupport_fastrtps_c.cpython-38-x86_64-linux-gnu.so
[9.038s] -- Set runtime path of "/home/hyunjong/ros2_ws/install/tutorial_interfaces/lib/python3.8/site-packages/tutorial_interfaces/tutorial_interfaces_s__rosidl_typesupport_fastrtps_c.cpython-38-x86_64-linux-gnu.so" to ""
[9.038s] -- Installing: /home/hyunjong/ros2_ws/install/tutorial_interfaces/lib/python3.8/site-packages/tutorial_interfaces/tutorial_interfaces_s__rosidl_typesupport_c.cpython-38-x86_64-linux-gnu.so
[9.038s] -- Set runtime path of "/home/hyunjong/ros2_ws/install/tutorial_interfaces/lib/python3.8/site-packages/tutorial_interfaces/tutorial_interfaces_s__rosidl_typesupport_c.cpython-38-x86_64-linux-gnu.so" to ""
[9.039s] -- Installing: /home/hyunjong/ros2_ws/install/tutorial_interfaces/lib/libtutorial_interfaces__python.so
[9.039s] -- Set runtime path of "/home/hyunjong/ros2_ws/install/tutorial_interfaces/lib/libtutorial_interfaces__python.so" to ""
[9.039s] -- Installing: /home/hyunjong/ros2_ws/install/tutorial_interfaces/share/tutorial_interfaces/msg/Num.idl
[9.040s] -- Installing: /home/hyunjong/ros2_ws/install/tutorial_interfaces/share/tutorial_interfaces/srv/AddThreeInts.idl
[9.040s] -- Installing: /home/hyunjong/ros2_ws/install/tutorial_interfaces/share/tutorial_interfaces/msg/Num.msg
[9.040s] -- Installing: /home/hyunjong/ros2_ws/install/tutorial_interfaces/share/tutorial_interfaces/srv/AddThreeInts.srv
[9.040s] -- Installing: /home/hyunjong/ros2_ws/install/tutorial_interfaces/share/tutorial_interfaces/srv/AddThreeInts_Request.msg
[9.040s] -- Installing: /home/hyunjong/ros2_ws/install/tutorial_interfaces/share/tutorial_interfaces/srv/AddThreeInts_Response.msg
[9.040s] -- Installing: /home/hyunjong/ros2_ws/install/tutorial_interfaces/share/ament_index/resource_index/package_run_dependencies/tutorial_interfaces
[9.040s] -- Installing: /home/hyunjong/ros2_ws/install/tutorial_interfaces/share/ament_index/resource_index/parent_prefix_path/tutorial_interfaces
[9.040s] -- Installing: /home/hyunjong/ros2_ws/install/tutorial_interfaces/share/tutorial_interfaces/environment/ament_prefix_path.sh
[9.041s] -- Installing: /home/hyunjong/ros2_ws/install/tutorial_interfaces/share/tutorial_interfaces/environment/ament_prefix_path.dsv
[9.041s] -- Installing: /home/hyunjong/ros2_ws/install/tutorial_interfaces/share/tutorial_interfaces/environment/path.sh
[9.041s] -- Installing: /home/hyunjong/ros2_ws/install/tutorial_interfaces/share/tutorial_interfaces/environment/path.dsv
[9.041s] -- Installing: /home/hyunjong/ros2_ws/install/tutorial_interfaces/share/tutorial_interfaces/local_setup.bash
[9.041s] -- Installing: /home/hyunjong/ros2_ws/install/tutorial_interfaces/share/tutorial_interfaces/local_setup.sh
[9.041s] -- Installing: /home/hyunjong/ros2_ws/install/tutorial_interfaces/share/tutorial_interfaces/local_setup.zsh
[9.042s] -- Installing: /home/hyunjong/ros2_ws/install/tutorial_interfaces/share/tutorial_interfaces/local_setup.dsv
[9.042s] -- Installing: /home/hyunjong/ros2_ws/install/tutorial_interfaces/share/tutorial_interfaces/package.dsv
[9.042s] -- Installing: /home/hyunjong/ros2_ws/install/tutorial_interfaces/share/ament_index/resource_index/packages/tutorial_interfaces
[9.042s] -- Installing: /home/hyunjong/ros2_ws/install/tutorial_interfaces/share/tutorial_interfaces/cmake/tutorial_interfaces__rosidl_generator_cExport.cmake
[9.042s] -- Installing: /home/hyunjong/ros2_ws/install/tutorial_interfaces/share/tutorial_interfaces/cmake/tutorial_interfaces__rosidl_generator_cExport-noconfig.cmake
[9.042s] -- Installing: /home/hyunjong/ros2_ws/install/tutorial_interfaces/share/tutorial_interfaces/cmake/tutorial_interfaces__rosidl_typesupport_introspection_cExport.cmake
[9.042s] -- Installing: /home/hyunjong/ros2_ws/install/tutorial_interfaces/share/tutorial_interfaces/cmake/tutorial_interfaces__rosidl_typesupport_introspection_cExport-noconfig.cmake
[9.042s] -- Installing: /home/hyunjong/ros2_ws/install/tutorial_interfaces/share/tutorial_interfaces/cmake/tutorial_interfaces__rosidl_typesupport_cExport.cmake
[9.042s] -- Installing: /home/hyunjong/ros2_ws/install/tutorial_interfaces/share/tutorial_interfaces/cmake/tutorial_interfaces__rosidl_typesupport_cExport-noconfig.cmake
[9.043s] -- Installing: /home/hyunjong/ros2_ws/install/tutorial_interfaces/share/tutorial_interfaces/cmake/tutorial_interfaces__rosidl_generator_cppExport.cmake
[9.043s] -- Installing: /home/hyunjong/ros2_ws/install/tutorial_interfaces/share/tutorial_interfaces/cmake/tutorial_interfaces__rosidl_typesupport_introspection_cppExport.cmake
[9.043s] -- Installing: /home/hyunjong/ros2_ws/install/tutorial_interfaces/share/tutorial_interfaces/cmake/tutorial_interfaces__rosidl_typesupport_introspection_cppExport-noconfig.cmake
[9.043s] -- Installing: /home/hyunjong/ros2_ws/install/tutorial_interfaces/share/tutorial_interfaces/cmake/tutorial_interfaces__rosidl_typesupport_cppExport.cmake
[9.043s] -- Installing: /home/hyunjong/ros2_ws/install/tutorial_interfaces/share/tutorial_interfaces/cmake/tutorial_interfaces__rosidl_typesupport_cppExport-noconfig.cmake
[9.043s] -- Installing: /home/hyunjong/ros2_ws/install/tutorial_interfaces/share/tutorial_interfaces/cmake/rosidl_cmake-extras.cmake
[9.044s] -- Installing: /home/hyunjong/ros2_ws/install/tutorial_interfaces/share/tutorial_interfaces/cmake/ament_cmake_export_dependencies-extras.cmake
[9.044s] -- Installing: /home/hyunjong/ros2_ws/install/tutorial_interfaces/share/tutorial_interfaces/cmake/ament_cmake_export_libraries-extras.cmake
[9.044s] -- Installing: /home/hyunjong/ros2_ws/install/tutorial_interfaces/share/tutorial_interfaces/cmake/ament_cmake_export_targets-extras.cmake
[9.044s] -- Installing: /home/hyunjong/ros2_ws/install/tutorial_interfaces/share/tutorial_interfaces/cmake/ament_cmake_export_include_directories-extras.cmake
[9.044s] -- Installing: /home/hyunjong/ros2_ws/install/tutorial_interfaces/share/tutorial_interfaces/cmake/rosidl_cmake_export_typesupport_targets-extras.cmake
[9.044s] -- Installing: /home/hyunjong/ros2_ws/install/tutorial_interfaces/share/tutorial_interfaces/cmake/rosidl_cmake_export_typesupport_libraries-extras.cmake
[9.044s] -- Installing: /home/hyunjong/ros2_ws/install/tutorial_interfaces/share/tutorial_interfaces/cmake/tutorial_interfacesConfig.cmake
[9.044s] -- Installing: /home/hyunjong/ros2_ws/install/tutorial_interfaces/share/tutorial_interfaces/cmake/tutorial_interfacesConfig-version.cmake
[9.045s] -- Installing: /home/hyunjong/ros2_ws/install/tutorial_interfaces/share/tutorial_interfaces/package.xml
[9.047s] Invoked command in '/home/hyunjong/ros2_ws/build/tutorial_interfaces' returned '0': CMAKE_PREFIX_PATH=${CMAKE_PREFIX_PATH}:/home/hyunjong/ros2_foxy/install/ros2bag:/home/hyunjong/ros2_foxy/install/tracetools_launch:/home/hyunjong/ros2_foxy/install/topic_monitor:/home/hyunjong/ros2_foxy/install/examples_tf2_py:/home/hyunjong/ros2_foxy/install/sros2:/home/hyunjong/ros2_foxy/install/rqt_topic:/home/hyunjong/ros2_foxy/install/rqt_reconfigure:/home/hyunjong/ros2_foxy/install/rqt_action:/home/hyunjong/ros2_foxy/install/rqt:/home/hyunjong/ros2_foxy/install/rqt_graph:/home/hyunjong/ros2_foxy/install/rqt_gui_py:/home/hyunjong/ros2_foxy/install/rqt_gui:/home/hyunjong/ros2_foxy/install/ros2trace:/home/hyunjong/ros2_foxy/install/ros2topic:/home/hyunjong/ros2_foxy/install/ros2test:/home/hyunjong/ros2_foxy/install/ros2component:/home/hyunjong/ros2_foxy/install/ros2param:/home/hyunjong/ros2_foxy/install/ros2lifecycle:/home/hyunjong/ros2_foxy/install/ros2service:/home/hyunjong/ros2_foxy/install/ros2run:/home/hyunjong/ros2_foxy/install/ros2launch:/home/hyunjong/ros2_foxy/install/ros2pkg:/home/hyunjong/ros2_foxy/install/ros2node:/home/hyunjong/ros2_foxy/install/ros2multicast:/home/hyunjong/ros2_foxy/install/ros2interface:/home/hyunjong/ros2_foxy/install/ros2doctor:/home/hyunjong/ros2_foxy/install/ros2action:/home/hyunjong/ros2_foxy/install/ros2cli:/home/hyunjong/ros2_foxy/install/quality_of_service_demo_py:/home/hyunjong/ros2_foxy/install/launch_testing_ros:/home/hyunjong/ros2_foxy/install/launch_ros:/home/hyunjong/ros2_foxy/install/examples_rclpy_minimal_subscriber:/home/hyunjong/ros2_foxy/install/examples_rclpy_minimal_service:/home/hyunjong/ros2_foxy/install/examples_rclpy_minimal_publisher:/home/hyunjong/ros2_foxy/install/examples_rclpy_minimal_client:/home/hyunjong/ros2_foxy/install/examples_rclpy_minimal_action_server:/home/hyunjong/ros2_foxy/install/examples_rclpy_minimal_action_client:/home/hyunjong/ros2_foxy/install/examples_rclpy_executors:/home/hyunjong/ros2_foxy/install/demo_nodes_py:/home/hyunjong/ros2_foxy/install/action_tutorials_py:/home/hyunjong/ros2_foxy/install/ament_uncrustify:/home/hyunjong/ros2_foxy/install/tracetools_trace:/home/hyunjong/ros2_foxy/install/tracetools_read:/home/hyunjong/ros2_foxy/install/test_launch_ros:/home/hyunjong/ros2_foxy/install/rpyutils:/home/hyunjong/ros2_foxy/install/rosidl_runtime_py:/home/hyunjong/ros2_foxy/install/launch_yaml:/home/hyunjong/ros2_foxy/install/launch_xml:/home/hyunjong/ros2_foxy/install/launch_testing:/home/hyunjong/ros2_foxy/install/launch:/home/hyunjong/ros2_foxy/install/osrf_pycommon:/home/hyunjong/ros2_foxy/install/domain_coordinator:/home/hyunjong/ros2_foxy/install/ament_xmllint:/home/hyunjong/ros2_foxy/install/ament_pyflakes:/home/hyunjong/ros2_foxy/install/ament_pycodestyle:/home/hyunjong/ros2_foxy/install/ament_pep257:/home/hyunjong/ros2_foxy/install/ament_pclint:/home/hyunjong/ros2_foxy/install/ament_package:/home/hyunjong/ros2_foxy/install/ament_mypy:/home/hyunjong/ros2_foxy/install/ament_lint_cmake:/home/hyunjong/ros2_foxy/install/ament_flake8:/home/hyunjong/ros2_foxy/install/ament_copyright:/home/hyunjong/ros2_foxy/install/ament_lint:/home/hyunjong/ros2_foxy/install/ament_index_python:/home/hyunjong/ros2_foxy/install/ament_cpplint:/home/hyunjong/ros2_foxy/install/ament_cppcheck:/home/hyunjong/ros2_foxy/install/ament_clang_tidy:/home/hyunjong/ros2_foxy/install/ament_clang_format /usr/bin/cmake --install /home/hyunjong/ros2_ws/build/tutorial_interfaces
