-- Found ament_cmake: 0.9.6 (/home/hyunjong/ros2_foxy/install/ament_cmake/share/ament_cmake/cmake)
-- Using PYTHON_EXECUTABLE: /usr/bin/python3
-- Found rclcpp: 2.0.2 (/home/hyunjong/ros2_foxy/install/rclcpp/share/rclcpp/cmake)
-- Using all available rosidl_typesupport_c: rosidl_typesupport_introspection_c;rosidl_typesupport_fastrtps_c
-- Found rosidl_adapter: 1.0.1 (/home/hyunjong/ros2_foxy/install/rosidl_adapter/share/rosidl_adapter/cmake)
-- Using all available rosidl_typesupport_cpp: rosidl_typesupport_introspection_cpp;rosidl_typesupport_fastrtps_cpp
-- Found rmw_implementation_cmake: 1.0.1 (/home/hyunjong/ros2_foxy/install/rmw_implementation_cmake/share/rmw_implementation_cmake/cmake)
-- Using RMW implementation 'rmw_fastrtps_cpp' as default
-- Found ament_lint_auto: 0.9.5 (/home/hyunjong/ros2_foxy/install/ament_lint_auto/share/ament_lint_auto/cmake)
-- Added test 'copyright' to check source files copyright and LICENSE
-- Added test 'cppcheck' to perform static code analysis on C / C++ code
-- Configured cppcheck include dirs: 
-- Configured cppcheck exclude dirs and/or files: 
-- Added test 'cpplint' to check C / C++ code against the Google style
-- Configured cpplint exclude dirs and/or files: 
-- Added test 'flake8' to check Python code syntax and style conventions
-- Added test 'lint_cmake' to check CMake code style
-- Added test 'pep257' to check Python code against some of the style conventions in PEP 257
-- Added test 'uncrustify' to check C / C++ code style
-- Configured uncrustify additional arguments: 
-- Added test 'xmllint' to check XML markup files
-- Configuring done
-- Generating done
-- Build files have been written to: /home/hyunjong/ros2_ws/build/cpp_parameters
[100%] Built target parameter_node
-- Install configuration: ""
-- Up-to-date: /home/hyunjong/ros2_ws/install/cpp_parameters/lib/cpp_parameters/parameter_node
-- Installing: /home/hyunjong/ros2_ws/install/cpp_parameters/share/cpp_parameters/launch
-- Installing: /home/hyunjong/ros2_ws/install/cpp_parameters/share/cpp_parameters/launch/cpp_parameters_launch.py
-- Up-to-date: /home/hyunjong/ros2_ws/install/cpp_parameters/share/ament_index/resource_index/package_run_dependencies/cpp_parameters
-- Up-to-date: /home/hyunjong/ros2_ws/install/cpp_parameters/share/ament_index/resource_index/parent_prefix_path/cpp_parameters
-- Installing: /home/hyunjong/ros2_ws/install/cpp_parameters/share/cpp_parameters/environment/ament_prefix_path.dsv
-- Installing: /home/hyunjong/ros2_ws/install/cpp_parameters/share/cpp_parameters/environment/path.dsv
-- Up-to-date: /home/hyunjong/ros2_ws/install/cpp_parameters/share/cpp_parameters/local_setup.bash
-- Up-to-date: /home/hyunjong/ros2_ws/install/cpp_parameters/share/cpp_parameters/local_setup.sh
-- Up-to-date: /home/hyunjong/ros2_ws/install/cpp_parameters/share/cpp_parameters/local_setup.zsh
-- Installing: /home/hyunjong/ros2_ws/install/cpp_parameters/share/cpp_parameters/local_setup.dsv
-- Installing: /home/hyunjong/ros2_ws/install/cpp_parameters/share/cpp_parameters/package.dsv
-- Up-to-date: /home/hyunjong/ros2_ws/install/cpp_parameters/share/ament_index/resource_index/packages/cpp_parameters
-- Up-to-date: /home/hyunjong/ros2_ws/install/cpp_parameters/share/cpp_parameters/cmake/cpp_parametersConfig.cmake
-- Up-to-date: /home/hyunjong/ros2_ws/install/cpp_parameters/share/cpp_parameters/cmake/cpp_parametersConfig-version.cmake
-- Up-to-date: /home/hyunjong/ros2_ws/install/cpp_parameters/share/cpp_parameters/package.xml
