-- Found rclcpp: 2.0.2 (/home/hyunjong/ros2_foxy/install/rclcpp/share/rclcpp/cmake)
-- Found PythonInterp: /usr/bin/python3 (found suitable version "3.8.2", minimum required is "3") 
-- Using PYTHON_EXECUTABLE: /usr/bin/python3
-- Using all available rosidl_typesupport_c: rosidl_typesupport_introspection_c;rosidl_typesupport_fastrtps_c
-- Found rosidl_adapter: 1.0.1 (/home/hyunjong/ros2_foxy/install/rosidl_adapter/share/rosidl_adapter/cmake)
-- Using all available rosidl_typesupport_cpp: rosidl_typesupport_introspection_cpp;rosidl_typesupport_fastrtps_cpp
-- Found rmw_implementation_cmake: 1.0.1 (/home/hyunjong/ros2_foxy/install/rmw_implementation_cmake/share/rmw_implementation_cmake/cmake)
-- Using RMW implementation 'rmw_fastrtps_cpp' as default
-- Found rosidl_default_generators: 1.0.0 (/home/hyunjong/ros2_foxy/install/rosidl_default_generators/share/rosidl_default_generators/cmake)
-- Found PythonInterp: /usr/bin/python3 (found version "3.8.2") 
-- Found ament_cmake_ros: 0.9.0 (/home/hyunjong/ros2_foxy/install/ament_cmake_ros/share/ament_cmake_ros/cmake)
-- Using all available rosidl_typesupport_c: rosidl_typesupport_introspection_c;rosidl_typesupport_fastrtps_c
-- Using all available rosidl_typesupport_cpp: rosidl_typesupport_introspection_cpp;rosidl_typesupport_fastrtps_cpp
-- Found PythonInterp: /usr/bin/python3 (found suitable version "3.8.2", minimum required is "3.5") 
-- Found python_cmake_module: 0.8.0 (/home/hyunjong/ros2_foxy/install/python_cmake_module/share/python_cmake_module/cmake)
-- Using PYTHON_EXECUTABLE: /usr/bin/python3
-- Using PYTHON_INCLUDE_DIRS: /usr/include/python3.8
-- Using PYTHON_LIBRARIES: /usr/lib/x86_64-linux-gnu/libpython3.8.so
CMake Error at /home/hyunjong/ros2_foxy/install/ament_cmake_target_dependencies/share/ament_cmake_target_dependencies/cmake/ament_target_dependencies.cmake:40 (message):
  ament_target_dependencies() the first argument must be a valid target name
Call Stack (most recent call first):
  CMakeLists.txt:35 (ament_target_dependencies)


-- Configuring incomplete, errors occurred!
See also "/home/hyunjong/ros2_ws/build/more_interfaces/CMakeFiles/CMakeOutput.log".
See also "/home/hyunjong/ros2_ws/build/more_interfaces/CMakeFiles/CMakeError.log".
