[0.119s] Invoking command in '/home/hyunjong/ros2_ws/build/tutorial_interfaces': CMAKE_PREFIX_PATH=${CMAKE_PREFIX_PATH}:/home/hyunjong/ros2_foxy/install/ros2bag:/home/hyunjong/ros2_foxy/install/tracetools_launch:/home/hyunjong/ros2_foxy/install/topic_monitor:/home/hyunjong/ros2_foxy/install/examples_tf2_py:/home/hyunjong/ros2_foxy/install/sros2:/home/hyunjong/ros2_foxy/install/rqt_topic:/home/hyunjong/ros2_foxy/install/rqt_reconfigure:/home/hyunjong/ros2_foxy/install/rqt_action:/home/hyunjong/ros2_foxy/install/rqt:/home/hyunjong/ros2_foxy/install/rqt_graph:/home/hyunjong/ros2_foxy/install/rqt_gui_py:/home/hyunjong/ros2_foxy/install/rqt_gui:/home/hyunjong/ros2_foxy/install/ros2trace:/home/hyunjong/ros2_foxy/install/ros2topic:/home/hyunjong/ros2_foxy/install/ros2test:/home/hyunjong/ros2_foxy/install/ros2component:/home/hyunjong/ros2_foxy/install/ros2param:/home/hyunjong/ros2_foxy/install/ros2lifecycle:/home/hyunjong/ros2_foxy/install/ros2service:/home/hyunjong/ros2_foxy/install/ros2run:/home/hyunjong/ros2_foxy/install/ros2launch:/home/hyunjong/ros2_foxy/install/ros2pkg:/home/hyunjong/ros2_foxy/install/ros2node:/home/hyunjong/ros2_foxy/install/ros2multicast:/home/hyunjong/ros2_foxy/install/ros2interface:/home/hyunjong/ros2_foxy/install/ros2doctor:/home/hyunjong/ros2_foxy/install/ros2action:/home/hyunjong/ros2_foxy/install/ros2cli:/home/hyunjong/ros2_foxy/install/quality_of_service_demo_py:/home/hyunjong/ros2_foxy/install/launch_testing_ros:/home/hyunjong/ros2_foxy/install/launch_ros:/home/hyunjong/ros2_foxy/install/examples_rclpy_minimal_subscriber:/home/hyunjong/ros2_foxy/install/examples_rclpy_minimal_service:/home/hyunjong/ros2_foxy/install/examples_rclpy_minimal_publisher:/home/hyunjong/ros2_foxy/install/examples_rclpy_minimal_client:/home/hyunjong/ros2_foxy/install/examples_rclpy_minimal_action_server:/home/hyunjong/ros2_foxy/install/examples_rclpy_minimal_action_client:/home/hyunjong/ros2_foxy/install/examples_rclpy_executors:/home/hyunjong/ros2_foxy/install/demo_nodes_py:/home/hyunjong/ros2_foxy/install/action_tutorials_py:/home/hyunjong/ros2_foxy/install/ament_uncrustify:/home/hyunjong/ros2_foxy/install/tracetools_trace:/home/hyunjong/ros2_foxy/install/tracetools_read:/home/hyunjong/ros2_foxy/install/test_launch_ros:/home/hyunjong/ros2_foxy/install/rpyutils:/home/hyunjong/ros2_foxy/install/rosidl_runtime_py:/home/hyunjong/ros2_foxy/install/launch_yaml:/home/hyunjong/ros2_foxy/install/launch_xml:/home/hyunjong/ros2_foxy/install/launch_testing:/home/hyunjong/ros2_foxy/install/launch:/home/hyunjong/ros2_foxy/install/osrf_pycommon:/home/hyunjong/ros2_foxy/install/domain_coordinator:/home/hyunjong/ros2_foxy/install/ament_xmllint:/home/hyunjong/ros2_foxy/install/ament_pyflakes:/home/hyunjong/ros2_foxy/install/ament_pycodestyle:/home/hyunjong/ros2_foxy/install/ament_pep257:/home/hyunjong/ros2_foxy/install/ament_pclint:/home/hyunjong/ros2_foxy/install/ament_package:/home/hyunjong/ros2_foxy/install/ament_mypy:/home/hyunjong/ros2_foxy/install/ament_lint_cmake:/home/hyunjong/ros2_foxy/install/ament_flake8:/home/hyunjong/ros2_foxy/install/ament_copyright:/home/hyunjong/ros2_foxy/install/ament_lint:/home/hyunjong/ros2_foxy/install/ament_index_python:/home/hyunjong/ros2_foxy/install/ament_cpplint:/home/hyunjong/ros2_foxy/install/ament_cppcheck:/home/hyunjong/ros2_foxy/install/ament_clang_tidy:/home/hyunjong/ros2_foxy/install/ament_clang_format /usr/bin/cmake --build /home/hyunjong/ros2_ws/build/tutorial_interfaces -- -j12 -l12
[0.318s] [  2%] Built target tutorial_interfaces__cpp
[0.333s] [ 12%] Built target tutorial_interfaces__rosidl_generator_c
[0.426s] [ 23%] Built target tutorial_interfaces__rosidl_typesupport_fastrtps_cpp
[0.426s] [ 33%] Built target tutorial_interfaces__rosidl_typesupport_introspection_cpp
[0.432s] [ 43%] Built target tutorial_interfaces__rosidl_typesupport_cpp
[0.436s] [ 53%] Built target tutorial_interfaces__rosidl_typesupport_c
[0.460s] [ 64%] Built target tutorial_interfaces__rosidl_typesupport_introspection_c
[0.523s] [ 74%] Built target tutorial_interfaces__rosidl_typesupport_fastrtps_c
[0.610s] [ 74%] Built target tutorial_interfaces
[0.701s] [ 76%] Built target tutorial_interfaces__py
[0.797s] [ 84%] Built target tutorial_interfaces__python
[0.891s] [ 89%] Built target tutorial_interfaces__rosidl_typesupport_c__pyext
[0.900s] [ 94%] Built target tutorial_interfaces__rosidl_typesupport_introspection_c__pyext
[0.905s] [100%] Built target tutorial_interfaces__rosidl_typesupport_fastrtps_c__pyext
[0.954s] Invoked command in '/home/hyunjong/ros2_ws/build/tutorial_interfaces' returned '0': CMAKE_PREFIX_PATH=${CMAKE_PREFIX_PATH}:/home/hyunjong/ros2_foxy/install/ros2bag:/home/hyunjong/ros2_foxy/install/tracetools_launch:/home/hyunjong/ros2_foxy/install/topic_monitor:/home/hyunjong/ros2_foxy/install/examples_tf2_py:/home/hyunjong/ros2_foxy/install/sros2:/home/hyunjong/ros2_foxy/install/rqt_topic:/home/hyunjong/ros2_foxy/install/rqt_reconfigure:/home/hyunjong/ros2_foxy/install/rqt_action:/home/hyunjong/ros2_foxy/install/rqt:/home/hyunjong/ros2_foxy/install/rqt_graph:/home/hyunjong/ros2_foxy/install/rqt_gui_py:/home/hyunjong/ros2_foxy/install/rqt_gui:/home/hyunjong/ros2_foxy/install/ros2trace:/home/hyunjong/ros2_foxy/install/ros2topic:/home/hyunjong/ros2_foxy/install/ros2test:/home/hyunjong/ros2_foxy/install/ros2component:/home/hyunjong/ros2_foxy/install/ros2param:/home/hyunjong/ros2_foxy/install/ros2lifecycle:/home/hyunjong/ros2_foxy/install/ros2service:/home/hyunjong/ros2_foxy/install/ros2run:/home/hyunjong/ros2_foxy/install/ros2launch:/home/hyunjong/ros2_foxy/install/ros2pkg:/home/hyunjong/ros2_foxy/install/ros2node:/home/hyunjong/ros2_foxy/install/ros2multicast:/home/hyunjong/ros2_foxy/install/ros2interface:/home/hyunjong/ros2_foxy/install/ros2doctor:/home/hyunjong/ros2_foxy/install/ros2action:/home/hyunjong/ros2_foxy/install/ros2cli:/home/hyunjong/ros2_foxy/install/quality_of_service_demo_py:/home/hyunjong/ros2_foxy/install/launch_testing_ros:/home/hyunjong/ros2_foxy/install/launch_ros:/home/hyunjong/ros2_foxy/install/examples_rclpy_minimal_subscriber:/home/hyunjong/ros2_foxy/install/examples_rclpy_minimal_service:/home/hyunjong/ros2_foxy/install/examples_rclpy_minimal_publisher:/home/hyunjong/ros2_foxy/install/examples_rclpy_minimal_client:/home/hyunjong/ros2_foxy/install/examples_rclpy_minimal_action_server:/home/hyunjong/ros2_foxy/install/examples_rclpy_minimal_action_client:/home/hyunjong/ros2_foxy/install/examples_rclpy_executors:/home/hyunjong/ros2_foxy/install/demo_nodes_py:/home/hyunjong/ros2_foxy/install/action_tutorials_py:/home/hyunjong/ros2_foxy/install/ament_uncrustify:/home/hyunjong/ros2_foxy/install/tracetools_trace:/home/hyunjong/ros2_foxy/install/tracetools_read:/home/hyunjong/ros2_foxy/install/test_launch_ros:/home/hyunjong/ros2_foxy/install/rpyutils:/home/hyunjong/ros2_foxy/install/rosidl_runtime_py:/home/hyunjong/ros2_foxy/install/launch_yaml:/home/hyunjong/ros2_foxy/install/launch_xml:/home/hyunjong/ros2_foxy/install/launch_testing:/home/hyunjong/ros2_foxy/install/launch:/home/hyunjong/ros2_foxy/install/osrf_pycommon:/home/hyunjong/ros2_foxy/install/domain_coordinator:/home/hyunjong/ros2_foxy/install/ament_xmllint:/home/hyunjong/ros2_foxy/install/ament_pyflakes:/home/hyunjong/ros2_foxy/install/ament_pycodestyle:/home/hyunjong/ros2_foxy/install/ament_pep257:/home/hyunjong/ros2_foxy/install/ament_pclint:/home/hyunjong/ros2_foxy/install/ament_package:/home/hyunjong/ros2_foxy/install/ament_mypy:/home/hyunjong/ros2_foxy/install/ament_lint_cmake:/home/hyunjong/ros2_foxy/install/ament_flake8:/home/hyunjong/ros2_foxy/install/ament_copyright:/home/hyunjong/ros2_foxy/install/ament_lint:/home/hyunjong/ros2_foxy/install/ament_index_python:/home/hyunjong/ros2_foxy/install/ament_cpplint:/home/hyunjong/ros2_foxy/install/ament_cppcheck:/home/hyunjong/ros2_foxy/install/ament_clang_tidy:/home/hyunjong/ros2_foxy/install/ament_clang_format /usr/bin/cmake --build /home/hyunjong/ros2_ws/build/tutorial_interfaces -- -j12 -l12
[1.324s] Invoking command in '/home/hyunjong/ros2_ws/build/tutorial_interfaces': CMAKE_PREFIX_PATH=${CMAKE_PREFIX_PATH}:/home/hyunjong/ros2_foxy/install/ros2bag:/home/hyunjong/ros2_foxy/install/tracetools_launch:/home/hyunjong/ros2_foxy/install/topic_monitor:/home/hyunjong/ros2_foxy/install/examples_tf2_py:/home/hyunjong/ros2_foxy/install/sros2:/home/hyunjong/ros2_foxy/install/rqt_topic:/home/hyunjong/ros2_foxy/install/rqt_reconfigure:/home/hyunjong/ros2_foxy/install/rqt_action:/home/hyunjong/ros2_foxy/install/rqt:/home/hyunjong/ros2_foxy/install/rqt_graph:/home/hyunjong/ros2_foxy/install/rqt_gui_py:/home/hyunjong/ros2_foxy/install/rqt_gui:/home/hyunjong/ros2_foxy/install/ros2trace:/home/hyunjong/ros2_foxy/install/ros2topic:/home/hyunjong/ros2_foxy/install/ros2test:/home/hyunjong/ros2_foxy/install/ros2component:/home/hyunjong/ros2_foxy/install/ros2param:/home/hyunjong/ros2_foxy/install/ros2lifecycle:/home/hyunjong/ros2_foxy/install/ros2service:/home/hyunjong/ros2_foxy/install/ros2run:/home/hyunjong/ros2_foxy/install/ros2launch:/home/hyunjong/ros2_foxy/install/ros2pkg:/home/hyunjong/ros2_foxy/install/ros2node:/home/hyunjong/ros2_foxy/install/ros2multicast:/home/hyunjong/ros2_foxy/install/ros2interface:/home/hyunjong/ros2_foxy/install/ros2doctor:/home/hyunjong/ros2_foxy/install/ros2action:/home/hyunjong/ros2_foxy/install/ros2cli:/home/hyunjong/ros2_foxy/install/quality_of_service_demo_py:/home/hyunjong/ros2_foxy/install/launch_testing_ros:/home/hyunjong/ros2_foxy/install/launch_ros:/home/hyunjong/ros2_foxy/install/examples_rclpy_minimal_subscriber:/home/hyunjong/ros2_foxy/install/examples_rclpy_minimal_service:/home/hyunjong/ros2_foxy/install/examples_rclpy_minimal_publisher:/home/hyunjong/ros2_foxy/install/examples_rclpy_minimal_client:/home/hyunjong/ros2_foxy/install/examples_rclpy_minimal_action_server:/home/hyunjong/ros2_foxy/install/examples_rclpy_minimal_action_client:/home/hyunjong/ros2_foxy/install/examples_rclpy_executors:/home/hyunjong/ros2_foxy/install/demo_nodes_py:/home/hyunjong/ros2_foxy/install/action_tutorials_py:/home/hyunjong/ros2_foxy/install/ament_uncrustify:/home/hyunjong/ros2_foxy/install/tracetools_trace:/home/hyunjong/ros2_foxy/install/tracetools_read:/home/hyunjong/ros2_foxy/install/test_launch_ros:/home/hyunjong/ros2_foxy/install/rpyutils:/home/hyunjong/ros2_foxy/install/rosidl_runtime_py:/home/hyunjong/ros2_foxy/install/launch_yaml:/home/hyunjong/ros2_foxy/install/launch_xml:/home/hyunjong/ros2_foxy/install/launch_testing:/home/hyunjong/ros2_foxy/install/launch:/home/hyunjong/ros2_foxy/install/osrf_pycommon:/home/hyunjong/ros2_foxy/install/domain_coordinator:/home/hyunjong/ros2_foxy/install/ament_xmllint:/home/hyunjong/ros2_foxy/install/ament_pyflakes:/home/hyunjong/ros2_foxy/install/ament_pycodestyle:/home/hyunjong/ros2_foxy/install/ament_pep257:/home/hyunjong/ros2_foxy/install/ament_pclint:/home/hyunjong/ros2_foxy/install/ament_package:/home/hyunjong/ros2_foxy/install/ament_mypy:/home/hyunjong/ros2_foxy/install/ament_lint_cmake:/home/hyunjong/ros2_foxy/install/ament_flake8:/home/hyunjong/ros2_foxy/install/ament_copyright:/home/hyunjong/ros2_foxy/install/ament_lint:/home/hyunjong/ros2_foxy/install/ament_index_python:/home/hyunjong/ros2_foxy/install/ament_cpplint:/home/hyunjong/ros2_foxy/install/ament_cppcheck:/home/hyunjong/ros2_foxy/install/ament_clang_tidy:/home/hyunjong/ros2_foxy/install/ament_clang_format /usr/bin/cmake --install /home/hyunjong/ros2_ws/build/tutorial_interfaces
[1.355s] -- Install configuration: ""
[1.355s] -- Up-to-date: /home/hyunjong/ros2_ws/install/tutorial_interfaces/share/ament_index/resource_index/rosidl_interfaces/tutorial_interfaces
[1.355s] -- Up-to-date: /home/hyunjong/ros2_ws/install/tutorial_interfaces/include/tutorial_interfaces
[1.355s] -- Up-to-date: /home/hyunjong/ros2_ws/install/tutorial_interfaces/include/tutorial_interfaces/msg
[1.355s] -- Up-to-date: /home/hyunjong/ros2_ws/install/tutorial_interfaces/include/tutorial_interfaces/msg/num.h
[1.355s] -- Up-to-date: /home/hyunjong/ros2_ws/install/tutorial_interfaces/include/tutorial_interfaces/msg/detail
[1.355s] -- Up-to-date: /home/hyunjong/ros2_ws/install/tutorial_interfaces/include/tutorial_interfaces/msg/detail/num__struct.h
[1.356s] -- Up-to-date: /home/hyunjong/ros2_ws/install/tutorial_interfaces/include/tutorial_interfaces/msg/detail/num__functions.h
[1.356s] -- Up-to-date: /home/hyunjong/ros2_ws/install/tutorial_interfaces/include/tutorial_interfaces/msg/detail/num__functions.c
[1.356s] -- Up-to-date: /home/hyunjong/ros2_ws/install/tutorial_interfaces/include/tutorial_interfaces/msg/detail/num__type_support.h
[1.356s] -- Up-to-date: /home/hyunjong/ros2_ws/install/tutorial_interfaces/include/tutorial_interfaces/msg/rosidl_generator_c__visibility_control.h
[1.356s] -- Up-to-date: /home/hyunjong/ros2_ws/install/tutorial_interfaces/include/tutorial_interfaces/srv
[1.356s] -- Up-to-date: /home/hyunjong/ros2_ws/install/tutorial_interfaces/include/tutorial_interfaces/srv/detail
[1.356s] -- Up-to-date: /home/hyunjong/ros2_ws/install/tutorial_interfaces/include/tutorial_interfaces/srv/detail/add_three_ints__functions.h
[1.357s] -- Up-to-date: /home/hyunjong/ros2_ws/install/tutorial_interfaces/include/tutorial_interfaces/srv/detail/add_three_ints__struct.h
[1.357s] -- Up-to-date: /home/hyunjong/ros2_ws/install/tutorial_interfaces/include/tutorial_interfaces/srv/detail/add_three_ints__functions.c
[1.357s] -- Up-to-date: /home/hyunjong/ros2_ws/install/tutorial_interfaces/include/tutorial_interfaces/srv/detail/add_three_ints__type_support.h
[1.357s] -- Up-to-date: /home/hyunjong/ros2_ws/install/tutorial_interfaces/include/tutorial_interfaces/srv/add_three_ints.h
[1.357s] -- Up-to-date: /home/hyunjong/ros2_ws/install/tutorial_interfaces/share/tutorial_interfaces/environment/library_path.sh
[1.357s] -- Up-to-date: /home/hyunjong/ros2_ws/install/tutorial_interfaces/share/tutorial_interfaces/environment/library_path.dsv
[1.357s] -- Up-to-date: /home/hyunjong/ros2_ws/install/tutorial_interfaces/lib/libtutorial_interfaces__rosidl_generator_c.so
[1.357s] -- Up-to-date: /home/hyunjong/ros2_ws/install/tutorial_interfaces/include/tutorial_interfaces
[1.357s] -- Up-to-date: /home/hyunjong/ros2_ws/install/tutorial_interfaces/include/tutorial_interfaces/msg
[1.358s] -- Up-to-date: /home/hyunjong/ros2_ws/install/tutorial_interfaces/include/tutorial_interfaces/msg/rosidl_typesupport_introspection_c__visibility_control.h
[1.358s] -- Up-to-date: /home/hyunjong/ros2_ws/install/tutorial_interfaces/include/tutorial_interfaces/msg/detail
[1.358s] -- Up-to-date: /home/hyunjong/ros2_ws/install/tutorial_interfaces/include/tutorial_interfaces/msg/detail/num__rosidl_typesupport_introspection_c.h
[1.358s] -- Up-to-date: /home/hyunjong/ros2_ws/install/tutorial_interfaces/include/tutorial_interfaces/msg/detail/num__type_support.c
[1.358s] -- Up-to-date: /home/hyunjong/ros2_ws/install/tutorial_interfaces/include/tutorial_interfaces/srv
[1.358s] -- Up-to-date: /home/hyunjong/ros2_ws/install/tutorial_interfaces/include/tutorial_interfaces/srv/detail
[1.358s] -- Up-to-date: /home/hyunjong/ros2_ws/install/tutorial_interfaces/include/tutorial_interfaces/srv/detail/add_three_ints__type_support.c
[1.358s] -- Up-to-date: /home/hyunjong/ros2_ws/install/tutorial_interfaces/include/tutorial_interfaces/srv/detail/add_three_ints__rosidl_typesupport_introspection_c.h
[1.358s] -- Up-to-date: /home/hyunjong/ros2_ws/install/tutorial_interfaces/lib/libtutorial_interfaces__rosidl_typesupport_introspection_c.so
[1.359s] -- Up-to-date: /home/hyunjong/ros2_ws/install/tutorial_interfaces/include/tutorial_interfaces
[1.359s] -- Up-to-date: /home/hyunjong/ros2_ws/install/tutorial_interfaces/include/tutorial_interfaces/msg
[1.359s] -- Up-to-date: /home/hyunjong/ros2_ws/install/tutorial_interfaces/include/tutorial_interfaces/msg/detail
[1.359s] -- Up-to-date: /home/hyunjong/ros2_ws/install/tutorial_interfaces/include/tutorial_interfaces/msg/detail/num__rosidl_typesupport_fastrtps_c.h
[1.359s] -- Up-to-date: /home/hyunjong/ros2_ws/install/tutorial_interfaces/include/tutorial_interfaces/msg/rosidl_typesupport_fastrtps_c__visibility_control.h
[1.359s] -- Up-to-date: /home/hyunjong/ros2_ws/install/tutorial_interfaces/include/tutorial_interfaces/srv
[1.359s] -- Up-to-date: /home/hyunjong/ros2_ws/install/tutorial_interfaces/include/tutorial_interfaces/srv/detail
[1.360s] -- Up-to-date: /home/hyunjong/ros2_ws/install/tutorial_interfaces/include/tutorial_interfaces/srv/detail/add_three_ints__rosidl_typesupport_fastrtps_c.h
[1.360s] -- Up-to-date: /home/hyunjong/ros2_ws/install/tutorial_interfaces/lib/libtutorial_interfaces__rosidl_typesupport_fastrtps_c.so
[1.360s] -- Up-to-date: /home/hyunjong/ros2_ws/install/tutorial_interfaces/include/tutorial_interfaces
[1.360s] -- Up-to-date: /home/hyunjong/ros2_ws/install/tutorial_interfaces/include/tutorial_interfaces/msg
[1.360s] -- Up-to-date: /home/hyunjong/ros2_ws/install/tutorial_interfaces/include/tutorial_interfaces/msg/detail
[1.360s] -- Up-to-date: /home/hyunjong/ros2_ws/install/tutorial_interfaces/include/tutorial_interfaces/msg/detail/dds_fastrtps
[1.360s] -- Up-to-date: /home/hyunjong/ros2_ws/install/tutorial_interfaces/include/tutorial_interfaces/msg/detail/num__rosidl_typesupport_fastrtps_cpp.hpp
[1.360s] -- Up-to-date: /home/hyunjong/ros2_ws/install/tutorial_interfaces/include/tutorial_interfaces/msg/rosidl_typesupport_fastrtps_cpp__visibility_control.h
[1.360s] -- Up-to-date: /home/hyunjong/ros2_ws/install/tutorial_interfaces/include/tutorial_interfaces/srv
[1.360s] -- Up-to-date: /home/hyunjong/ros2_ws/install/tutorial_interfaces/include/tutorial_interfaces/srv/detail
[1.361s] -- Up-to-date: /home/hyunjong/ros2_ws/install/tutorial_interfaces/include/tutorial_interfaces/srv/detail/add_three_ints__rosidl_typesupport_fastrtps_cpp.hpp
[1.361s] -- Up-to-date: /home/hyunjong/ros2_ws/install/tutorial_interfaces/include/tutorial_interfaces/srv/detail/dds_fastrtps
[1.361s] -- Up-to-date: /home/hyunjong/ros2_ws/install/tutorial_interfaces/lib/libtutorial_interfaces__rosidl_typesupport_fastrtps_cpp.so
[1.361s] -- Up-to-date: /home/hyunjong/ros2_ws/install/tutorial_interfaces/lib/libtutorial_interfaces__rosidl_typesupport_c.so
[1.361s] -- Up-to-date: /home/hyunjong/ros2_ws/install/tutorial_interfaces/include/tutorial_interfaces
[1.361s] -- Up-to-date: /home/hyunjong/ros2_ws/install/tutorial_interfaces/include/tutorial_interfaces/msg
[1.361s] -- Up-to-date: /home/hyunjong/ros2_ws/install/tutorial_interfaces/include/tutorial_interfaces/msg/detail
[1.362s] -- Up-to-date: /home/hyunjong/ros2_ws/install/tutorial_interfaces/include/tutorial_interfaces/msg/detail/num__builder.hpp
[1.362s] -- Up-to-date: /home/hyunjong/ros2_ws/install/tutorial_interfaces/include/tutorial_interfaces/msg/detail/num__traits.hpp
[1.362s] -- Up-to-date: /home/hyunjong/ros2_ws/install/tutorial_interfaces/include/tutorial_interfaces/msg/detail/num__struct.hpp
[1.362s] -- Up-to-date: /home/hyunjong/ros2_ws/install/tutorial_interfaces/include/tutorial_interfaces/msg/num.hpp
[1.362s] -- Up-to-date: /home/hyunjong/ros2_ws/install/tutorial_interfaces/include/tutorial_interfaces/srv
[1.362s] -- Up-to-date: /home/hyunjong/ros2_ws/install/tutorial_interfaces/include/tutorial_interfaces/srv/add_three_ints.hpp
[1.362s] -- Up-to-date: /home/hyunjong/ros2_ws/install/tutorial_interfaces/include/tutorial_interfaces/srv/detail
[1.362s] -- Up-to-date: /home/hyunjong/ros2_ws/install/tutorial_interfaces/include/tutorial_interfaces/srv/detail/add_three_ints__traits.hpp
[1.363s] -- Up-to-date: /home/hyunjong/ros2_ws/install/tutorial_interfaces/include/tutorial_interfaces/srv/detail/add_three_ints__struct.hpp
[1.363s] -- Up-to-date: /home/hyunjong/ros2_ws/install/tutorial_interfaces/include/tutorial_interfaces/srv/detail/add_three_ints__builder.hpp
[1.363s] -- Up-to-date: /home/hyunjong/ros2_ws/install/tutorial_interfaces/include/tutorial_interfaces
[1.363s] -- Up-to-date: /home/hyunjong/ros2_ws/install/tutorial_interfaces/include/tutorial_interfaces/msg
[1.363s] -- Up-to-date: /home/hyunjong/ros2_ws/install/tutorial_interfaces/include/tutorial_interfaces/msg/detail
[1.363s] -- Up-to-date: /home/hyunjong/ros2_ws/install/tutorial_interfaces/include/tutorial_interfaces/msg/detail/num__rosidl_typesupport_introspection_cpp.hpp
[1.363s] -- Up-to-date: /home/hyunjong/ros2_ws/install/tutorial_interfaces/include/tutorial_interfaces/msg/detail/num__type_support.cpp
[1.363s] -- Up-to-date: /home/hyunjong/ros2_ws/install/tutorial_interfaces/include/tutorial_interfaces/srv
[1.363s] -- Up-to-date: /home/hyunjong/ros2_ws/install/tutorial_interfaces/include/tutorial_interfaces/srv/detail
[1.364s] -- Up-to-date: /home/hyunjong/ros2_ws/install/tutorial_interfaces/include/tutorial_interfaces/srv/detail/add_three_ints__rosidl_typesupport_introspection_cpp.hpp
[1.364s] -- Up-to-date: /home/hyunjong/ros2_ws/install/tutorial_interfaces/include/tutorial_interfaces/srv/detail/add_three_ints__type_support.cpp
[1.364s] -- Up-to-date: /home/hyunjong/ros2_ws/install/tutorial_interfaces/lib/libtutorial_interfaces__rosidl_typesupport_introspection_cpp.so
[1.364s] -- Up-to-date: /home/hyunjong/ros2_ws/install/tutorial_interfaces/lib/libtutorial_interfaces__rosidl_typesupport_cpp.so
[1.364s] -- Up-to-date: /home/hyunjong/ros2_ws/install/tutorial_interfaces/share/tutorial_interfaces/environment/pythonpath.sh
[1.364s] -- Up-to-date: /home/hyunjong/ros2_ws/install/tutorial_interfaces/share/tutorial_interfaces/environment/pythonpath.dsv
[1.364s] -- Up-to-date: /home/hyunjong/ros2_ws/install/tutorial_interfaces/lib/python3.8/site-packages/tutorial_interfaces/__init__.py
[1.757s] -- Up-to-date: /home/hyunjong/ros2_ws/install/tutorial_interfaces/lib/python3.8/site-packages/tutorial_interfaces/msg
[1.757s] -- Up-to-date: /home/hyunjong/ros2_ws/install/tutorial_interfaces/lib/python3.8/site-packages/tutorial_interfaces/msg/__init__.py
[1.757s] -- Up-to-date: /home/hyunjong/ros2_ws/install/tutorial_interfaces/lib/python3.8/site-packages/tutorial_interfaces/msg/_num_s.c
[1.757s] -- Up-to-date: /home/hyunjong/ros2_ws/install/tutorial_interfaces/lib/python3.8/site-packages/tutorial_interfaces/msg/_num.py
[1.757s] -- Up-to-date: /home/hyunjong/ros2_ws/install/tutorial_interfaces/lib/python3.8/site-packages/tutorial_interfaces/srv
[1.757s] -- Up-to-date: /home/hyunjong/ros2_ws/install/tutorial_interfaces/lib/python3.8/site-packages/tutorial_interfaces/srv/__init__.py
[1.757s] -- Up-to-date: /home/hyunjong/ros2_ws/install/tutorial_interfaces/lib/python3.8/site-packages/tutorial_interfaces/srv/_add_three_ints.py
[1.757s] -- Up-to-date: /home/hyunjong/ros2_ws/install/tutorial_interfaces/lib/python3.8/site-packages/tutorial_interfaces/srv/_add_three_ints_s.c
[1.758s] -- Up-to-date: /home/hyunjong/ros2_ws/install/tutorial_interfaces/lib/python3.8/site-packages/tutorial_interfaces/tutorial_interfaces_s__rosidl_typesupport_introspection_c.cpython-38-x86_64-linux-gnu.so
[1.759s] -- Up-to-date: /home/hyunjong/ros2_ws/install/tutorial_interfaces/lib/python3.8/site-packages/tutorial_interfaces/tutorial_interfaces_s__rosidl_typesupport_fastrtps_c.cpython-38-x86_64-linux-gnu.so
[1.760s] -- Up-to-date: /home/hyunjong/ros2_ws/install/tutorial_interfaces/lib/python3.8/site-packages/tutorial_interfaces/tutorial_interfaces_s__rosidl_typesupport_c.cpython-38-x86_64-linux-gnu.so
[1.760s] -- Up-to-date: /home/hyunjong/ros2_ws/install/tutorial_interfaces/lib/libtutorial_interfaces__python.so
[1.761s] -- Up-to-date: /home/hyunjong/ros2_ws/install/tutorial_interfaces/share/tutorial_interfaces/msg/Num.idl
[1.761s] -- Up-to-date: /home/hyunjong/ros2_ws/install/tutorial_interfaces/share/tutorial_interfaces/srv/AddThreeInts.idl
[1.761s] -- Up-to-date: /home/hyunjong/ros2_ws/install/tutorial_interfaces/share/tutorial_interfaces/msg/Num.msg
[1.761s] -- Up-to-date: /home/hyunjong/ros2_ws/install/tutorial_interfaces/share/tutorial_interfaces/srv/AddThreeInts.srv
[1.761s] -- Up-to-date: /home/hyunjong/ros2_ws/install/tutorial_interfaces/share/tutorial_interfaces/srv/AddThreeInts_Request.msg
[1.761s] -- Up-to-date: /home/hyunjong/ros2_ws/install/tutorial_interfaces/share/tutorial_interfaces/srv/AddThreeInts_Response.msg
[1.761s] -- Up-to-date: /home/hyunjong/ros2_ws/install/tutorial_interfaces/share/ament_index/resource_index/package_run_dependencies/tutorial_interfaces
[1.761s] -- Up-to-date: /home/hyunjong/ros2_ws/install/tutorial_interfaces/share/ament_index/resource_index/parent_prefix_path/tutorial_interfaces
[1.762s] -- Up-to-date: /home/hyunjong/ros2_ws/install/tutorial_interfaces/share/tutorial_interfaces/environment/ament_prefix_path.dsv
[1.762s] -- Up-to-date: /home/hyunjong/ros2_ws/install/tutorial_interfaces/share/tutorial_interfaces/environment/path.dsv
[1.762s] -- Up-to-date: /home/hyunjong/ros2_ws/install/tutorial_interfaces/share/tutorial_interfaces/local_setup.bash
[1.762s] -- Up-to-date: /home/hyunjong/ros2_ws/install/tutorial_interfaces/share/tutorial_interfaces/local_setup.sh
[1.762s] -- Up-to-date: /home/hyunjong/ros2_ws/install/tutorial_interfaces/share/tutorial_interfaces/local_setup.zsh
[1.762s] -- Up-to-date: /home/hyunjong/ros2_ws/install/tutorial_interfaces/share/tutorial_interfaces/local_setup.dsv
[1.762s] -- Installing: /home/hyunjong/ros2_ws/install/tutorial_interfaces/share/tutorial_interfaces/package.dsv
[1.762s] -- Up-to-date: /home/hyunjong/ros2_ws/install/tutorial_interfaces/share/ament_index/resource_index/packages/tutorial_interfaces
[1.763s] -- Up-to-date: /home/hyunjong/ros2_ws/install/tutorial_interfaces/share/tutorial_interfaces/cmake/tutorial_interfaces__rosidl_generator_cExport.cmake
[1.763s] -- Up-to-date: /home/hyunjong/ros2_ws/install/tutorial_interfaces/share/tutorial_interfaces/cmake/tutorial_interfaces__rosidl_generator_cExport-noconfig.cmake
[1.763s] -- Up-to-date: /home/hyunjong/ros2_ws/install/tutorial_interfaces/share/tutorial_interfaces/cmake/tutorial_interfaces__rosidl_typesupport_introspection_cExport.cmake
[1.763s] -- Up-to-date: /home/hyunjong/ros2_ws/install/tutorial_interfaces/share/tutorial_interfaces/cmake/tutorial_interfaces__rosidl_typesupport_introspection_cExport-noconfig.cmake
[1.764s] -- Up-to-date: /home/hyunjong/ros2_ws/install/tutorial_interfaces/share/tutorial_interfaces/cmake/tutorial_interfaces__rosidl_typesupport_cExport.cmake
[1.764s] -- Up-to-date: /home/hyunjong/ros2_ws/install/tutorial_interfaces/share/tutorial_interfaces/cmake/tutorial_interfaces__rosidl_typesupport_cExport-noconfig.cmake
[1.764s] -- Up-to-date: /home/hyunjong/ros2_ws/install/tutorial_interfaces/share/tutorial_interfaces/cmake/tutorial_interfaces__rosidl_generator_cppExport.cmake
[1.764s] -- Up-to-date: /home/hyunjong/ros2_ws/install/tutorial_interfaces/share/tutorial_interfaces/cmake/tutorial_interfaces__rosidl_typesupport_introspection_cppExport.cmake
[1.765s] -- Up-to-date: /home/hyunjong/ros2_ws/install/tutorial_interfaces/share/tutorial_interfaces/cmake/tutorial_interfaces__rosidl_typesupport_introspection_cppExport-noconfig.cmake
[1.765s] -- Up-to-date: /home/hyunjong/ros2_ws/install/tutorial_interfaces/share/tutorial_interfaces/cmake/tutorial_interfaces__rosidl_typesupport_cppExport.cmake
[1.765s] -- Up-to-date: /home/hyunjong/ros2_ws/install/tutorial_interfaces/share/tutorial_interfaces/cmake/tutorial_interfaces__rosidl_typesupport_cppExport-noconfig.cmake
[1.765s] -- Up-to-date: /home/hyunjong/ros2_ws/install/tutorial_interfaces/share/tutorial_interfaces/cmake/rosidl_cmake-extras.cmake
[1.765s] -- Up-to-date: /home/hyunjong/ros2_ws/install/tutorial_interfaces/share/tutorial_interfaces/cmake/ament_cmake_export_dependencies-extras.cmake
[1.765s] -- Up-to-date: /home/hyunjong/ros2_ws/install/tutorial_interfaces/share/tutorial_interfaces/cmake/ament_cmake_export_libraries-extras.cmake
[1.765s] -- Up-to-date: /home/hyunjong/ros2_ws/install/tutorial_interfaces/share/tutorial_interfaces/cmake/ament_cmake_export_targets-extras.cmake
[1.765s] -- Up-to-date: /home/hyunjong/ros2_ws/install/tutorial_interfaces/share/tutorial_interfaces/cmake/ament_cmake_export_include_directories-extras.cmake
[1.765s] -- Up-to-date: /home/hyunjong/ros2_ws/install/tutorial_interfaces/share/tutorial_interfaces/cmake/rosidl_cmake_export_typesupport_targets-extras.cmake
[1.765s] -- Up-to-date: /home/hyunjong/ros2_ws/install/tutorial_interfaces/share/tutorial_interfaces/cmake/rosidl_cmake_export_typesupport_libraries-extras.cmake
[1.765s] -- Up-to-date: /home/hyunjong/ros2_ws/install/tutorial_interfaces/share/tutorial_interfaces/cmake/tutorial_interfacesConfig.cmake
[1.766s] -- Up-to-date: /home/hyunjong/ros2_ws/install/tutorial_interfaces/share/tutorial_interfaces/cmake/tutorial_interfacesConfig-version.cmake
[1.766s] -- Up-to-date: /home/hyunjong/ros2_ws/install/tutorial_interfaces/share/tutorial_interfaces/package.xml
[1.770s] Invoked command in '/home/hyunjong/ros2_ws/build/tutorial_interfaces' returned '0': CMAKE_PREFIX_PATH=${CMAKE_PREFIX_PATH}:/home/hyunjong/ros2_foxy/install/ros2bag:/home/hyunjong/ros2_foxy/install/tracetools_launch:/home/hyunjong/ros2_foxy/install/topic_monitor:/home/hyunjong/ros2_foxy/install/examples_tf2_py:/home/hyunjong/ros2_foxy/install/sros2:/home/hyunjong/ros2_foxy/install/rqt_topic:/home/hyunjong/ros2_foxy/install/rqt_reconfigure:/home/hyunjong/ros2_foxy/install/rqt_action:/home/hyunjong/ros2_foxy/install/rqt:/home/hyunjong/ros2_foxy/install/rqt_graph:/home/hyunjong/ros2_foxy/install/rqt_gui_py:/home/hyunjong/ros2_foxy/install/rqt_gui:/home/hyunjong/ros2_foxy/install/ros2trace:/home/hyunjong/ros2_foxy/install/ros2topic:/home/hyunjong/ros2_foxy/install/ros2test:/home/hyunjong/ros2_foxy/install/ros2component:/home/hyunjong/ros2_foxy/install/ros2param:/home/hyunjong/ros2_foxy/install/ros2lifecycle:/home/hyunjong/ros2_foxy/install/ros2service:/home/hyunjong/ros2_foxy/install/ros2run:/home/hyunjong/ros2_foxy/install/ros2launch:/home/hyunjong/ros2_foxy/install/ros2pkg:/home/hyunjong/ros2_foxy/install/ros2node:/home/hyunjong/ros2_foxy/install/ros2multicast:/home/hyunjong/ros2_foxy/install/ros2interface:/home/hyunjong/ros2_foxy/install/ros2doctor:/home/hyunjong/ros2_foxy/install/ros2action:/home/hyunjong/ros2_foxy/install/ros2cli:/home/hyunjong/ros2_foxy/install/quality_of_service_demo_py:/home/hyunjong/ros2_foxy/install/launch_testing_ros:/home/hyunjong/ros2_foxy/install/launch_ros:/home/hyunjong/ros2_foxy/install/examples_rclpy_minimal_subscriber:/home/hyunjong/ros2_foxy/install/examples_rclpy_minimal_service:/home/hyunjong/ros2_foxy/install/examples_rclpy_minimal_publisher:/home/hyunjong/ros2_foxy/install/examples_rclpy_minimal_client:/home/hyunjong/ros2_foxy/install/examples_rclpy_minimal_action_server:/home/hyunjong/ros2_foxy/install/examples_rclpy_minimal_action_client:/home/hyunjong/ros2_foxy/install/examples_rclpy_executors:/home/hyunjong/ros2_foxy/install/demo_nodes_py:/home/hyunjong/ros2_foxy/install/action_tutorials_py:/home/hyunjong/ros2_foxy/install/ament_uncrustify:/home/hyunjong/ros2_foxy/install/tracetools_trace:/home/hyunjong/ros2_foxy/install/tracetools_read:/home/hyunjong/ros2_foxy/install/test_launch_ros:/home/hyunjong/ros2_foxy/install/rpyutils:/home/hyunjong/ros2_foxy/install/rosidl_runtime_py:/home/hyunjong/ros2_foxy/install/launch_yaml:/home/hyunjong/ros2_foxy/install/launch_xml:/home/hyunjong/ros2_foxy/install/launch_testing:/home/hyunjong/ros2_foxy/install/launch:/home/hyunjong/ros2_foxy/install/osrf_pycommon:/home/hyunjong/ros2_foxy/install/domain_coordinator:/home/hyunjong/ros2_foxy/install/ament_xmllint:/home/hyunjong/ros2_foxy/install/ament_pyflakes:/home/hyunjong/ros2_foxy/install/ament_pycodestyle:/home/hyunjong/ros2_foxy/install/ament_pep257:/home/hyunjong/ros2_foxy/install/ament_pclint:/home/hyunjong/ros2_foxy/install/ament_package:/home/hyunjong/ros2_foxy/install/ament_mypy:/home/hyunjong/ros2_foxy/install/ament_lint_cmake:/home/hyunjong/ros2_foxy/install/ament_flake8:/home/hyunjong/ros2_foxy/install/ament_copyright:/home/hyunjong/ros2_foxy/install/ament_lint:/home/hyunjong/ros2_foxy/install/ament_index_python:/home/hyunjong/ros2_foxy/install/ament_cpplint:/home/hyunjong/ros2_foxy/install/ament_cppcheck:/home/hyunjong/ros2_foxy/install/ament_clang_tidy:/home/hyunjong/ros2_foxy/install/ament_clang_format /usr/bin/cmake --install /home/hyunjong/ros2_ws/build/tutorial_interfaces
